{"meta": {"format": 3, "version": "7.14.2", "timestamp": "2026-06-22T23:41:47.244734", "branch_coverage": false, "show_contexts": false}, "files": {"scripts/audit_retargeting_v3_assets44.py": {"executed_lines": [4, 6, 7, 8, 11, 12, 15, 90, 91, 102, 103, 104, 105, 106, 107, 108, 109, 112, 122, 138, 139, 143], "summary": {"covered_lines": 22, "num_statements": 91, "percent_covered": 24.175824175824175, "percent_covered_display": "24", "missing_lines": 69, "excluded_lines": 0, "percent_statements_covered": 24.175824175824175, "percent_statements_covered_display": "24"}, "missing_lines": [16, 17, 18, 19, 21, 22, 23, 25, 26, 27, 28, 29, 30, 31, 32, 33, 34, 35, 36, 37, 38, 40, 41, 42, 43, 44, 45, 46, 47, 48, 50, 51, 53, 54, 55, 56, 57, 58, 59, 60, 61, 62, 73, 74, 75, 81, 82, 83, 85, 86, 87, 113, 114, 115, 123, 124, 125, 126, 127, 128, 129, 130, 131, 132, 133, 134, 135, 140, 144], "excluded_lines": [], "functions": {"main": {"executed_lines": [], "summary": {"covered_lines": 0, "num_statements": 51, "percent_covered": 0.0, "percent_covered_display": "0", "missing_lines": 51, "excluded_lines": 0, "percent_statements_covered": 0.0, "percent_statements_covered_display": "0"}, "missing_lines": [16, 17, 18, 19, 21, 22, 23, 25, 26, 27, 28, 29, 30, 31, 32, 33, 34, 35, 36, 37, 38, 40, 41, 42, 43, 44, 45, 46, 47, 48, 50, 51, 53, 54, 55, 56, 57, 58, 59, 60, 61, 62, 73, 74, 75, 81, 82, 83, 85, 86, 87], "excluded_lines": [], "start_line": 15}, "_audit_summary": {"executed_lines": [91, 102, 103, 104, 105, 106, 107, 108, 109], "summary": {"covered_lines": 9, "num_statements": 9, "percent_covered": 100.0, "percent_covered_display": "100", "missing_lines": 0, "excluded_lines": 0, "percent_statements_covered": 100.0, "percent_statements_covered_display": "100"}, "missing_lines": [], "excluded_lines": [], "start_line": 90}, "_audit_environment": {"executed_lines": [], "summary": {"covered_lines": 0, "num_statements": 3, "percent_covered": 0.0, "percent_covered_display": "0", "missing_lines": 3, "excluded_lines": 0, "percent_statements_covered": 0.0, "percent_statements_covered_display": "0"}, "missing_lines": [113, 114, 115], "excluded_lines": [], "start_line": 112}, "_audit_no_absolute_paths": {"executed_lines": [], "summary": {"covered_lines": 0, "num_statements": 13, "percent_covered": 0.0, "percent_covered_display": "0", "missing_lines": 13, "excluded_lines": 0, "percent_statements_covered": 0.0, "percent_statements_covered_display": "0"}, "missing_lines": [123, 124, 125, 126, 127, 128, 129, 130, 131, 132, 133, 134, 135], "excluded_lines": [], "start_line": 122}, "_expect": {"executed_lines": [139], "summary": {"covered_lines": 1, "num_statements": 2, "percent_covered": 50.0, "percent_covered_display": "50", "missing_lines": 1, "excluded_lines": 0, "percent_statements_covered": 50.0, "percent_statements_covered_display": "50"}, "missing_lines": [140], "excluded_lines": [], "start_line": 138}, "": {"executed_lines": [4, 6, 7, 8, 11, 12, 15, 90, 112, 122, 138, 143], "summary": {"covered_lines": 12, "num_statements": 13, "percent_covered": 92.3076923076923, "percent_covered_display": "92", "missing_lines": 1, "excluded_lines": 0, "percent_statements_covered": 92.3076923076923, "percent_statements_covered_display": "92"}, "missing_lines": [144], "excluded_lines": [], "start_line": 1}}, "classes": {"": {"executed_lines": [4, 6, 7, 8, 11, 12, 15, 90, 91, 102, 103, 104, 105, 106, 107, 108, 109, 112, 122, 138, 139, 143], "summary": {"covered_lines": 22, "num_statements": 91, "percent_covered": 24.175824175824175, "percent_covered_display": "24", "missing_lines": 69, "excluded_lines": 0, "percent_statements_covered": 24.175824175824175, "percent_statements_covered_display": "24"}, "missing_lines": [16, 17, 18, 19, 21, 22, 23, 25, 26, 27, 28, 29, 30, 31, 32, 33, 34, 35, 36, 37, 38, 40, 41, 42, 43, 44, 45, 46, 47, 48, 50, 51, 53, 54, 55, 56, 57, 58, 59, 60, 61, 62, 73, 74, 75, 81, 82, 83, 85, 86, 87, 113, 114, 115, 123, 124, 125, 126, 127, 128, 129, 130, 131, 132, 133, 134, 135, 140, 144], "excluded_lines": [], "start_line": 1}}}, "soma_retargeter/__init__.py": {"executed_lines": [4], "summary": {"covered_lines": 1, "num_statements": 1, "percent_covered": 100.0, "percent_covered_display": "100", "missing_lines": 0, "excluded_lines": 0, "percent_statements_covered": 100.0, "percent_statements_covered_display": "100"}, "missing_lines": [], "excluded_lines": [], "functions": {"": {"executed_lines": [4], "summary": {"covered_lines": 1, "num_statements": 1, "percent_covered": 100.0, "percent_covered_display": "100", "missing_lines": 0, "excluded_lines": 0, "percent_statements_covered": 100.0, "percent_statements_covered_display": "100"}, "missing_lines": [], "excluded_lines": [], "start_line": 1}}, "classes": {"": {"executed_lines": [4], "summary": {"covered_lines": 1, "num_statements": 1, "percent_covered": 100.0, "percent_covered_display": "100", "missing_lines": 0, "excluded_lines": 0, "percent_statements_covered": 100.0, "percent_statements_covered_display": "100"}, "missing_lines": [], "excluded_lines": [], "start_line": 1}}}, "soma_retargeter/_version.py": {"executed_lines": [4], "summary": {"covered_lines": 1, "num_statements": 1, "percent_covered": 100.0, "percent_covered_display": "100", "missing_lines": 0, "excluded_lines": 0, "percent_statements_covered": 100.0, "percent_statements_covered_display": "100"}, "missing_lines": [], "excluded_lines": [], "functions": {"": {"executed_lines": [4], "summary": {"covered_lines": 1, "num_statements": 1, "percent_covered": 100.0, "percent_covered_display": "100", "missing_lines": 0, "excluded_lines": 0, "percent_statements_covered": 100.0, "percent_statements_covered_display": "100"}, "missing_lines": [], "excluded_lines": [], "start_line": 1}}, "classes": {"": {"executed_lines": [4], "summary": {"covered_lines": 1, "num_statements": 1, "percent_covered": 100.0, "percent_covered_display": "100", "missing_lines": 0, "excluded_lines": 0, "percent_statements_covered": 100.0, "percent_statements_covered_display": "100"}, "missing_lines": [], "excluded_lines": [], "start_line": 1}}}, "soma_retargeter/robotics/__init__.py": {"executed_lines": [], "summary": {"covered_lines": 0, "num_statements": 0, "percent_covered": 100.0, "percent_covered_display": "100", "missing_lines": 0, "excluded_lines": 0, "percent_statements_covered": 100.0, "percent_statements_covered_display": "100"}, "missing_lines": [], "excluded_lines": [], "functions": {"": {"executed_lines": [], "summary": {"covered_lines": 0, "num_statements": 0, "percent_covered": 100.0, "percent_covered_display": "100", "missing_lines": 0, "excluded_lines": 0, "percent_statements_covered": 100.0, "percent_statements_covered_display": "100"}, "missing_lines": [], "excluded_lines": [], "start_line": 1}}, "classes": {"": {"executed_lines": [], "summary": {"covered_lines": 0, "num_statements": 0, "percent_covered": 100.0, "percent_covered_display": "100", "missing_lines": 0, "excluded_lines": 0, "percent_statements_covered": 100.0, "percent_statements_covered_display": "100"}, "missing_lines": [], "excluded_lines": [], "start_line": 1}}}, "soma_retargeter/robotics/v3/__init__.py": {"executed_lines": [3, 4, 6], "summary": {"covered_lines": 3, "num_statements": 3, "percent_covered": 100.0, "percent_covered_display": "100", "missing_lines": 0, "excluded_lines": 0, "percent_statements_covered": 100.0, "percent_statements_covered_display": "100"}, "missing_lines": [], "excluded_lines": [], "functions": {"": {"executed_lines": [3, 4, 6], "summary": {"covered_lines": 3, "num_statements": 3, "percent_covered": 100.0, "percent_covered_display": "100", "missing_lines": 0, "excluded_lines": 0, "percent_statements_covered": 100.0, "percent_statements_covered_display": "100"}, "missing_lines": [], "excluded_lines": [], "start_line": 1}}, "classes": {"": {"executed_lines": [3, 4, 6], "summary": {"covered_lines": 3, "num_statements": 3, "percent_covered": 100.0, "percent_covered_display": "100", "missing_lines": 0, "excluded_lines": 0, "percent_statements_covered": 100.0, "percent_statements_covered_display": "100"}, "missing_lines": [], "excluded_lines": [], "start_line": 1}}}, "soma_retargeter/robotics/v3/canonical_projection.py": {"executed_lines": [3, 5, 7, 9, 10, 11, 12, 13, 15, 22, 23, 24, 25, 26, 27, 28, 29, 31, 42, 139, 172, 179], "summary": {"covered_lines": 22, "num_statements": 79, "percent_covered": 27.848101265822784, "percent_covered_display": "28", "missing_lines": 57, "excluded_lines": 0, "percent_statements_covered": 27.848101265822784, "percent_statements_covered_display": "28"}, "missing_lines": [32, 61, 62, 63, 64, 65, 66, 67, 69, 70, 71, 72, 73, 74, 80, 81, 82, 83, 84, 85, 86, 87, 88, 89, 90, 91, 92, 93, 94, 107, 119, 120, 121, 122, 123, 124, 125, 126, 127, 128, 130, 151, 152, 153, 154, 165, 166, 167, 168, 169, 173, 174, 175, 176, 180, 181, 182], "excluded_lines": [], "functions": {"CanonicalProjectionReport.to_json": {"executed_lines": [], "summary": {"covered_lines": 0, "num_statements": 1, "percent_covered": 0.0, "percent_covered_display": "0", "missing_lines": 1, "excluded_lines": 0, "percent_statements_covered": 0.0, "percent_statements_covered_display": "0"}, "missing_lines": [32], "excluded_lines": [], "start_line": 31}, "project_canonical_motion_sequence": {"executed_lines": [], "summary": {"covered_lines": 0, "num_statements": 40, "percent_covered": 0.0, "percent_covered_display": "0", "missing_lines": 40, "excluded_lines": 0, "percent_statements_covered": 0.0, "percent_statements_covered_display": "0"}, "missing_lines": [61, 62, 63, 64, 65, 66, 67, 69, 70, 71, 72, 73, 74, 80, 81, 82, 83, 84, 85, 86, 87, 88, 89, 90, 91, 92, 93, 94, 107, 119, 120, 121, 122, 123, 124, 125, 126, 127, 128, 130], "excluded_lines": [], "start_line": 42}, "project_temporal_motion_sequences": {"executed_lines": [], "summary": {"covered_lines": 0, "num_statements": 9, "percent_covered": 0.0, "percent_covered_display": "0", "missing_lines": 9, "excluded_lines": 0, "percent_statements_covered": 0.0, "percent_statements_covered_display": "0"}, "missing_lines": [151, 152, 153, 154, 165, 166, 167, 168, 169], "excluded_lines": [], "start_line": 139}, "_default_motion_order": {"executed_lines": [], "summary": {"covered_lines": 0, "num_statements": 4, "percent_covered": 0.0, "percent_covered_display": "0", "missing_lines": 4, "excluded_lines": 0, "percent_statements_covered": 0.0, "percent_statements_covered_display": "0"}, "missing_lines": [173, 174, 175, 176], "excluded_lines": [], "start_line": 172}, "_ordered_tasks": {"executed_lines": [], "summary": {"covered_lines": 0, "num_statements": 3, "percent_covered": 0.0, "percent_covered_display": "0", "missing_lines": 3, "excluded_lines": 0, "percent_statements_covered": 0.0, "percent_statements_covered_display": "0"}, "missing_lines": [180, 181, 182], "excluded_lines": [], "start_line": 179}, "": {"executed_lines": [3, 5, 7, 9, 10, 11, 12, 13, 15, 22, 23, 24, 25, 26, 27, 28, 29, 31, 42, 139, 172, 179], "summary": {"covered_lines": 22, "num_statements": 22, "percent_covered": 100.0, "percent_covered_display": "100", "missing_lines": 0, "excluded_lines": 0, "percent_statements_covered": 100.0, "percent_statements_covered_display": "100"}, "missing_lines": [], "excluded_lines": [], "start_line": 1}}, "classes": {"CanonicalProjectionReport": {"executed_lines": [], "summary": {"covered_lines": 0, "num_statements": 1, "percent_covered": 0.0, "percent_covered_display": "0", "missing_lines": 1, "excluded_lines": 0, "percent_statements_covered": 0.0, "percent_statements_covered_display": "0"}, "missing_lines": [32], "excluded_lines": [], "start_line": 23}, "": {"executed_lines": [3, 5, 7, 9, 10, 11, 12, 13, 15, 22, 23, 24, 25, 26, 27, 28, 29, 31, 42, 139, 172, 179], "summary": {"covered_lines": 22, "num_statements": 78, "percent_covered": 28.205128205128204, "percent_covered_display": "28", "missing_lines": 56, "excluded_lines": 0, "percent_statements_covered": 28.205128205128204, "percent_statements_covered_display": "28"}, "missing_lines": [61, 62, 63, 64, 65, 66, 67, 69, 70, 71, 72, 73, 74, 80, 81, 82, 83, 84, 85, 86, 87, 88, 89, 90, 91, 92, 93, 94, 107, 119, 120, 121, 122, 123, 124, 125, 126, 127, 128, 130, 151, 152, 153, 154, 165, 166, 167, 168, 169, 173, 174, 175, 176, 180, 181, 182], "excluded_lines": [], "start_line": 1}}}, "soma_retargeter/robotics/v3/chain_projection.py": {"executed_lines": [3, 5, 7, 8, 10, 11, 14, 15, 16, 17, 18, 19, 20, 21, 22, 23, 24, 25, 26, 27, 28, 29, 30, 31, 33, 66, 134, 202, 221, 242, 252, 258, 264, 272, 292, 310, 330, 352, 363], "summary": {"covered_lines": 39, "num_statements": 195, "percent_covered": 20.0, "percent_covered_display": "20", "missing_lines": 156, "excluded_lines": 0, "percent_statements_covered": 20.0, "percent_statements_covered_display": "20"}, "missing_lines": [34, 49, 50, 51, 52, 55, 57, 58, 59, 60, 61, 62, 63, 79, 80, 81, 82, 83, 84, 85, 99, 100, 109, 110, 111, 112, 114, 115, 116, 117, 118, 147, 148, 149, 150, 151, 152, 166, 167, 176, 177, 178, 179, 181, 182, 183, 184, 185, 186, 203, 204, 205, 206, 207, 208, 209, 211, 212, 213, 214, 215, 216, 217, 218, 228, 229, 230, 231, 232, 233, 234, 235, 236, 237, 238, 239, 243, 244, 245, 246, 247, 248, 249, 253, 254, 255, 259, 260, 261, 265, 266, 267, 268, 269, 281, 282, 283, 293, 294, 295, 296, 297, 298, 299, 300, 301, 302, 303, 304, 305, 306, 307, 317, 318, 319, 320, 321, 322, 323, 324, 325, 326, 327, 336, 337, 338, 339, 340, 341, 342, 343, 344, 345, 346, 347, 348, 349, 353, 354, 355, 356, 357, 359, 360, 364, 365, 366, 367, 368, 369, 370, 371, 372, 374, 375, 376], "excluded_lines": [], "functions": {"ProjectionResult.to_json": {"executed_lines": [], "summary": {"covered_lines": 0, "num_statements": 13, "percent_covered": 0.0, "percent_covered_display": "0", "missing_lines": 13, "excluded_lines": 0, "percent_statements_covered": 0.0, "percent_statements_covered_display": "0"}, "missing_lines": [34, 49, 50, 51, 52, 55, 57, 58, 59, 60, 61, 62, 63], "excluded_lines": [], "start_line": 33}, "project_endpoint_position": {"executed_lines": [], "summary": {"covered_lines": 0, "num_statements": 15, "percent_covered": 0.0, "percent_covered_display": "0", "missing_lines": 15, "excluded_lines": 0, "percent_statements_covered": 0.0, "percent_statements_covered_display": "0"}, "missing_lines": [79, 80, 81, 82, 83, 84, 85, 99, 100, 109, 114, 115, 116, 117, 118], "excluded_lines": [], "start_line": 66}, "project_endpoint_position.residual": {"executed_lines": [], "summary": {"covered_lines": 0, "num_statements": 3, "percent_covered": 0.0, "percent_covered_display": "0", "missing_lines": 3, "excluded_lines": 0, "percent_statements_covered": 0.0, "percent_statements_covered_display": "0"}, "missing_lines": [110, 111, 112], "excluded_lines": [], "start_line": 109}, "project_torso_orientation": {"executed_lines": [], "summary": {"covered_lines": 0, "num_statements": 15, "percent_covered": 0.0, "percent_covered_display": "0", "missing_lines": 15, "excluded_lines": 0, "percent_statements_covered": 0.0, "percent_statements_covered_display": "0"}, "missing_lines": [147, 148, 149, 150, 151, 152, 166, 167, 176, 181, 182, 183, 184, 185, 186], "excluded_lines": [], "start_line": 134}, "project_torso_orientation.residual": {"executed_lines": [], "summary": {"covered_lines": 0, "num_statements": 3, "percent_covered": 0.0, "percent_covered_display": "0", "missing_lines": 3, "excluded_lines": 0, "percent_statements_covered": 0.0, "percent_statements_covered_display": "0"}, "missing_lines": [177, 178, 179], "excluded_lines": [], "start_line": 176}, "_initial_and_bounds": {"executed_lines": [], "summary": {"covered_lines": 0, "num_statements": 15, "percent_covered": 0.0, "percent_covered_display": "0", "missing_lines": 15, "excluded_lines": 0, "percent_statements_covered": 0.0, "percent_statements_covered_display": "0"}, "missing_lines": [203, 204, 205, 206, 207, 208, 209, 211, 212, 213, 214, 215, 216, 217, 218], "excluded_lines": [], "start_line": 202}, "_position_normalization_scale": {"executed_lines": [], "summary": {"covered_lines": 0, "num_statements": 12, "percent_covered": 0.0, "percent_covered_display": "0", "missing_lines": 12, "excluded_lines": 0, "percent_statements_covered": 0.0, "percent_statements_covered_display": "0"}, "missing_lines": [228, 229, 230, 231, 232, 233, 234, 235, 236, 237, 238, 239], "excluded_lines": [], "start_line": 221}, "_degenerate_prismatic_span": {"executed_lines": [], "summary": {"covered_lines": 0, "num_statements": 7, "percent_covered": 0.0, "percent_covered_display": "0", "missing_lines": 7, "excluded_lines": 0, "percent_statements_covered": 0.0, "percent_statements_covered_display": "0"}, "missing_lines": [243, 244, 245, 246, 247, 248, 249], "excluded_lines": [], "start_line": 242}, "_rank_zero_status": {"executed_lines": [], "summary": {"covered_lines": 0, "num_statements": 3, "percent_covered": 0.0, "percent_covered_display": "0", "missing_lines": 3, "excluded_lines": 0, "percent_statements_covered": 0.0, "percent_statements_covered_display": "0"}, "missing_lines": [253, 254, 255], "excluded_lines": [], "start_line": 252}, "_rank_zero_reason": {"executed_lines": [], "summary": {"covered_lines": 0, "num_statements": 3, "percent_covered": 0.0, "percent_covered_display": "0", "missing_lines": 3, "excluded_lines": 0, "percent_statements_covered": 0.0, "percent_statements_covered_display": "0"}, "missing_lines": [259, 260, 261], "excluded_lines": [], "start_line": 258}, "_solver_status": {"executed_lines": [], "summary": {"covered_lines": 0, "num_statements": 5, "percent_covered": 0.0, "percent_covered_display": "0", "missing_lines": 5, "excluded_lines": 0, "percent_statements_covered": 0.0, "percent_statements_covered_display": "0"}, "missing_lines": [265, 266, 267, 268, 269], "excluded_lines": [], "start_line": 264}, "_prior_context": {"executed_lines": [], "summary": {"covered_lines": 0, "num_statements": 3, "percent_covered": 0.0, "percent_covered_display": "0", "missing_lines": 3, "excluded_lines": 0, "percent_statements_covered": 0.0, "percent_statements_covered_display": "0"}, "missing_lines": [281, 282, 283], "excluded_lines": [], "start_line": 272}, "_prior_residual": {"executed_lines": [], "summary": {"covered_lines": 0, "num_statements": 15, "percent_covered": 0.0, "percent_covered_display": "0", "missing_lines": 15, "excluded_lines": 0, "percent_statements_covered": 0.0, "percent_statements_covered_display": "0"}, "missing_lines": [293, 294, 295, 296, 297, 298, 299, 300, 301, 302, 303, 304, 305, 306, 307], "excluded_lines": [], "start_line": 292}, "_solve_deterministic_multistart": {"executed_lines": [], "summary": {"covered_lines": 0, "num_statements": 11, "percent_covered": 0.0, "percent_covered_display": "0", "missing_lines": 11, "excluded_lines": 0, "percent_statements_covered": 0.0, "percent_statements_covered_display": "0"}, "missing_lines": [317, 318, 319, 320, 321, 322, 323, 324, 325, 326, 327], "excluded_lines": [], "start_line": 310}, "_deterministic_starts": {"executed_lines": [], "summary": {"covered_lines": 0, "num_statements": 14, "percent_covered": 0.0, "percent_covered_display": "0", "missing_lines": 14, "excluded_lines": 0, "percent_statements_covered": 0.0, "percent_statements_covered_display": "0"}, "missing_lines": [336, 337, 338, 339, 340, 341, 342, 343, 344, 345, 346, 347, 348, 349], "excluded_lines": [], "start_line": 330}, "_coordinate_values": {"executed_lines": [], "summary": {"covered_lines": 0, "num_statements": 7, "percent_covered": 0.0, "percent_covered_display": "0", "missing_lines": 7, "excluded_lines": 0, "percent_statements_covered": 0.0, "percent_statements_covered_display": "0"}, "missing_lines": [353, 354, 355, 356, 357, 359, 360], "excluded_lines": [], "start_line": 352}, "_coordinate_scales": {"executed_lines": [], "summary": {"covered_lines": 0, "num_statements": 12, "percent_covered": 0.0, "percent_covered_display": "0", "missing_lines": 12, "excluded_lines": 0, "percent_statements_covered": 0.0, "percent_statements_covered_display": "0"}, "missing_lines": [364, 365, 366, 367, 368, 369, 370, 371, 372, 374, 375, 376], "excluded_lines": [], "start_line": 363}, "": {"executed_lines": [3, 5, 7, 8, 10, 11, 14, 15, 16, 17, 18, 19, 20, 21, 22, 23, 24, 25, 26, 27, 28, 29, 30, 31, 33, 66, 134, 202, 221, 242, 252, 258, 264, 272, 292, 310, 330, 352, 363], "summary": {"covered_lines": 39, "num_statements": 39, "percent_covered": 100.0, "percent_covered_display": "100", "missing_lines": 0, "excluded_lines": 0, "percent_statements_covered": 100.0, "percent_statements_covered_display": "100"}, "missing_lines": [], "excluded_lines": [], "start_line": 1}}, "classes": {"ProjectionResult": {"executed_lines": [], "summary": {"covered_lines": 0, "num_statements": 13, "percent_covered": 0.0, "percent_covered_display": "0", "missing_lines": 13, "excluded_lines": 0, "percent_statements_covered": 0.0, "percent_statements_covered_display": "0"}, "missing_lines": [34, 49, 50, 51, 52, 55, 57, 58, 59, 60, 61, 62, 63], "excluded_lines": [], "start_line": 15}, "": {"executed_lines": [3, 5, 7, 8, 10, 11, 14, 15, 16, 17, 18, 19, 20, 21, 22, 23, 24, 25, 26, 27, 28, 29, 30, 31, 33, 66, 134, 202, 221, 242, 252, 258, 264, 272, 292, 310, 330, 352, 363], "summary": {"covered_lines": 39, "num_statements": 182, "percent_covered": 21.428571428571427, "percent_covered_display": "21", "missing_lines": 143, "excluded_lines": 0, "percent_statements_covered": 21.428571428571427, "percent_statements_covered_display": "21"}, "missing_lines": [79, 80, 81, 82, 83, 84, 85, 99, 100, 109, 110, 111, 112, 114, 115, 116, 117, 118, 147, 148, 149, 150, 151, 152, 166, 167, 176, 177, 178, 179, 181, 182, 183, 184, 185, 186, 203, 204, 205, 206, 207, 208, 209, 211, 212, 213, 214, 215, 216, 217, 218, 228, 229, 230, 231, 232, 233, 234, 235, 236, 237, 238, 239, 243, 244, 245, 246, 247, 248, 249, 253, 254, 255, 259, 260, 261, 265, 266, 267, 268, 269, 281, 282, 283, 293, 294, 295, 296, 297, 298, 299, 300, 301, 302, 303, 304, 305, 306, 307, 317, 318, 319, 320, 321, 322, 323, 324, 325, 326, 327, 336, 337, 338, 339, 340, 341, 342, 343, 344, 345, 346, 347, 348, 349, 353, 354, 355, 356, 357, 359, 360, 364, 365, 366, 367, 368, 369, 370, 371, 372, 374, 375, 376], "excluded_lines": [], "start_line": 1}}}, "soma_retargeter/robotics/v3/engine_jacobian.py": {"executed_lines": [3, 5, 7, 8, 10, 11, 14, 15, 16, 17, 18, 19, 20, 21, 22, 24, 36, 50, 83, 115, 137, 144, 154, 158], "summary": {"covered_lines": 24, "num_statements": 100, "percent_covered": 24.0, "percent_covered_display": "24", "missing_lines": 76, "excluded_lines": 2, "percent_statements_covered": 24.0, "percent_statements_covered_display": "24"}, "missing_lines": [25, 43, 44, 45, 46, 47, 57, 58, 59, 60, 61, 62, 63, 64, 65, 66, 67, 68, 69, 70, 71, 72, 80, 90, 91, 92, 93, 94, 96, 97, 98, 99, 100, 103, 104, 105, 106, 107, 108, 109, 110, 111, 112, 116, 117, 118, 119, 120, 121, 122, 123, 124, 125, 126, 127, 128, 129, 130, 131, 132, 133, 134, 138, 139, 140, 141, 145, 146, 147, 148, 149, 150, 151, 155, 159, 160], "excluded_lines": [101, 102], "functions": {"EngineRelativeJacobian.to_json": {"executed_lines": [], "summary": {"covered_lines": 0, "num_statements": 1, "percent_covered": 0.0, "percent_covered_display": "0", "missing_lines": 1, "excluded_lines": 0, "percent_statements_covered": 0.0, "percent_statements_covered_display": "0"}, "missing_lines": [25], "excluded_lines": [], "start_line": 24}, "engine_relative_jacobian": {"executed_lines": [], "summary": {"covered_lines": 0, "num_statements": 5, "percent_covered": 0.0, "percent_covered_display": "0", "missing_lines": 5, "excluded_lines": 0, "percent_statements_covered": 0.0, "percent_statements_covered_display": "0"}, "missing_lines": [43, 44, 45, 46, 47], "excluded_lines": [], "start_line": 36}, "_mujoco_engine_relative_jacobian": {"executed_lines": [], "summary": {"covered_lines": 0, "num_statements": 17, "percent_covered": 0.0, "percent_covered_display": "0", "missing_lines": 17, "excluded_lines": 0, "percent_statements_covered": 0.0, "percent_statements_covered_display": "0"}, "missing_lines": [57, 58, 59, 60, 61, 62, 63, 64, 65, 66, 67, 68, 69, 70, 71, 72, 80], "excluded_lines": [], "start_line": 50}, "_newton_engine_relative_jacobian": {"executed_lines": [], "summary": {"covered_lines": 0, "num_statements": 20, "percent_covered": 0.0, "percent_covered_display": "0", "missing_lines": 20, "excluded_lines": 2, "percent_statements_covered": 0.0, "percent_statements_covered_display": "0"}, "missing_lines": [90, 91, 92, 93, 94, 96, 97, 98, 99, 100, 103, 104, 105, 106, 107, 108, 109, 110, 111, 112], "excluded_lines": [101, 102], "start_line": 83}, "_newton_site_world_jacobian": {"executed_lines": [], "summary": {"covered_lines": 0, "num_statements": 19, "percent_covered": 0.0, "percent_covered_display": "0", "missing_lines": 19, "excluded_lines": 0, "percent_statements_covered": 0.0, "percent_statements_covered_display": "0"}, "missing_lines": [116, 117, 118, 119, 120, 121, 122, 123, 124, 125, 126, 127, 128, 129, 130, 131, 132, 133, 134], "excluded_lines": [], "start_line": 115}, "_newton_joint_for_body": {"executed_lines": [], "summary": {"covered_lines": 0, "num_statements": 4, "percent_covered": 0.0, "percent_covered_display": "0", "missing_lines": 4, "excluded_lines": 0, "percent_statements_covered": 0.0, "percent_statements_covered_display": "0"}, "missing_lines": [138, 139, 140, 141], "excluded_lines": [], "start_line": 137}, "_newton_articulation_for_joint": {"executed_lines": [], "summary": {"covered_lines": 0, "num_statements": 7, "percent_covered": 0.0, "percent_covered_display": "0", "missing_lines": 7, "excluded_lines": 0, "percent_statements_covered": 0.0, "percent_statements_covered_display": "0"}, "missing_lines": [145, 146, 147, 148, 149, 150, 151], "excluded_lines": [], "start_line": 144}, "_empty": {"executed_lines": [], "summary": {"covered_lines": 0, "num_statements": 1, "percent_covered": 0.0, "percent_covered_display": "0", "missing_lines": 1, "excluded_lines": 0, "percent_statements_covered": 0.0, "percent_statements_covered_display": "0"}, "missing_lines": [155], "excluded_lines": [], "start_line": 154}, "_result": {"executed_lines": [], "summary": {"covered_lines": 0, "num_statements": 2, "percent_covered": 0.0, "percent_covered_display": "0", "missing_lines": 2, "excluded_lines": 0, "percent_statements_covered": 0.0, "percent_statements_covered_display": "0"}, "missing_lines": [159, 160], "excluded_lines": [], "start_line": 158}, "": {"executed_lines": [3, 5, 7, 8, 10, 11, 14, 15, 16, 17, 18, 19, 20, 21, 22, 24, 36, 50, 83, 115, 137, 144, 154, 158], "summary": {"covered_lines": 24, "num_statements": 24, "percent_covered": 100.0, "percent_covered_display": "100", "missing_lines": 0, "excluded_lines": 0, "percent_statements_covered": 100.0, "percent_statements_covered_display": "100"}, "missing_lines": [], "excluded_lines": [], "start_line": 1}}, "classes": {"EngineRelativeJacobian": {"executed_lines": [], "summary": {"covered_lines": 0, "num_statements": 1, "percent_covered": 0.0, "percent_covered_display": "0", "missing_lines": 1, "excluded_lines": 0, "percent_statements_covered": 0.0, "percent_statements_covered_display": "0"}, "missing_lines": [25], "excluded_lines": [], "start_line": 15}, "": {"executed_lines": [3, 5, 7, 8, 10, 11, 14, 15, 16, 17, 18, 19, 20, 21, 22, 24, 36, 50, 83, 115, 137, 144, 154, 158], "summary": {"covered_lines": 24, "num_statements": 99, "percent_covered": 24.242424242424242, "percent_covered_display": "24", "missing_lines": 75, "excluded_lines": 2, "percent_statements_covered": 24.242424242424242, "percent_statements_covered_display": "24"}, "missing_lines": [43, 44, 45, 46, 47, 57, 58, 59, 60, 61, 62, 63, 64, 65, 66, 67, 68, 69, 70, 71, 72, 80, 90, 91, 92, 93, 94, 96, 97, 98, 99, 100, 103, 104, 105, 106, 107, 108, 109, 110, 111, 112, 116, 117, 118, 119, 120, 121, 122, 123, 124, 125, 126, 127, 128, 129, 130, 131, 132, 133, 134, 138, 139, 140, 141, 145, 146, 147, 148, 149, 150, 151, 155, 159, 160], "excluded_lines": [101, 102], "start_line": 1}}}, "soma_retargeter/robotics/v3/fd_uncertainty.py": {"executed_lines": [3, 5, 6, 8, 11, 21, 22, 23, 24, 25, 26, 27, 29, 39, 40, 41, 42, 43, 44, 45, 46, 47, 49, 53, 54, 55, 56, 57, 58, 59, 60, 62, 73, 80, 96], "summary": {"covered_lines": 35, "num_statements": 72, "percent_covered": 48.611111111111114, "percent_covered_display": "49", "missing_lines": 37, "excluded_lines": 0, "percent_statements_covered": 48.611111111111114, "percent_statements_covered_display": "49"}, "missing_lines": [30, 50, 63, 74, 75, 76, 77, 81, 82, 83, 85, 86, 87, 88, 89, 90, 91, 92, 93, 107, 108, 109, 110, 111, 112, 113, 114, 115, 116, 117, 118, 119, 120, 121, 122, 124, 125], "excluded_lines": [], "functions": {"FiniteDifferenceEstimate.to_json": {"executed_lines": [], "summary": {"covered_lines": 0, "num_statements": 1, "percent_covered": 0.0, "percent_covered_display": "0", "missing_lines": 1, "excluded_lines": 0, "percent_statements_covered": 0.0, "percent_statements_covered_display": "0"}, "missing_lines": [30], "excluded_lines": [], "start_line": 29}, "JacobianColumnClassification.to_json": {"executed_lines": [], "summary": {"covered_lines": 0, "num_statements": 1, "percent_covered": 0.0, "percent_covered_display": "0", "missing_lines": 1, "excluded_lines": 0, "percent_statements_covered": 0.0, "percent_statements_covered_display": "0"}, "missing_lines": [50], "excluded_lines": [], "start_line": 49}, "JacobianValidationReport.to_json": {"executed_lines": [], "summary": {"covered_lines": 0, "num_statements": 1, "percent_covered": 0.0, "percent_covered_display": "0", "missing_lines": 1, "excluded_lines": 0, "percent_statements_covered": 0.0, "percent_statements_covered_display": "0"}, "missing_lines": [63], "excluded_lines": [], "start_line": 62}, "backend_machine_epsilon": {"executed_lines": [], "summary": {"covered_lines": 0, "num_statements": 4, "percent_covered": 0.0, "percent_covered_display": "0", "missing_lines": 4, "excluded_lines": 0, "percent_statements_covered": 0.0, "percent_statements_covered_display": "0"}, "missing_lines": [74, 75, 76, 77], "excluded_lines": [], "start_line": 73}, "coordinate_step": {"executed_lines": [], "summary": {"covered_lines": 0, "num_statements": 12, "percent_covered": 0.0, "percent_covered_display": "0", "missing_lines": 12, "excluded_lines": 0, "percent_statements_covered": 0.0, "percent_statements_covered_display": "0"}, "missing_lines": [81, 82, 83, 85, 86, 87, 88, 89, 90, 91, 92, 93], "excluded_lines": [], "start_line": 80}, "classify_column": {"executed_lines": [], "summary": {"covered_lines": 0, "num_statements": 18, "percent_covered": 0.0, "percent_covered_display": "0", "missing_lines": 18, "excluded_lines": 0, "percent_statements_covered": 0.0, "percent_statements_covered_display": "0"}, "missing_lines": [107, 108, 109, 110, 111, 112, 113, 114, 115, 116, 117, 118, 119, 120, 121, 122, 124, 125], "excluded_lines": [], "start_line": 96}, "": {"executed_lines": [3, 5, 6, 8, 11, 21, 22, 23, 24, 25, 26, 27, 29, 39, 40, 41, 42, 43, 44, 45, 46, 47, 49, 53, 54, 55, 56, 57, 58, 59, 60, 62, 73, 80, 96], "summary": {"covered_lines": 35, "num_statements": 35, "percent_covered": 100.0, "percent_covered_display": "100", "missing_lines": 0, "excluded_lines": 0, "percent_statements_covered": 100.0, "percent_statements_covered_display": "100"}, "missing_lines": [], "excluded_lines": [], "start_line": 1}}, "classes": {"FiniteDifferenceEstimate": {"executed_lines": [], "summary": {"covered_lines": 0, "num_statements": 1, "percent_covered": 0.0, "percent_covered_display": "0", "missing_lines": 1, "excluded_lines": 0, "percent_statements_covered": 0.0, "percent_statements_covered_display": "0"}, "missing_lines": [30], "excluded_lines": [], "start_line": 22}, "JacobianColumnClassification": {"executed_lines": [], "summary": {"covered_lines": 0, "num_statements": 1, "percent_covered": 0.0, "percent_covered_display": "0", "missing_lines": 1, "excluded_lines": 0, "percent_statements_covered": 0.0, "percent_statements_covered_display": "0"}, "missing_lines": [50], "excluded_lines": [], "start_line": 40}, "JacobianValidationReport": {"executed_lines": [], "summary": {"covered_lines": 0, "num_statements": 1, "percent_covered": 0.0, "percent_covered_display": "0", "missing_lines": 1, "excluded_lines": 0, "percent_statements_covered": 0.0, "percent_statements_covered_display": "0"}, "missing_lines": [63], "excluded_lines": [], "start_line": 54}, "": {"executed_lines": [3, 5, 6, 8, 11, 21, 22, 23, 24, 25, 26, 27, 29, 39, 40, 41, 42, 43, 44, 45, 46, 47, 49, 53, 54, 55, 56, 57, 58, 59, 60, 62, 73, 80, 96], "summary": {"covered_lines": 35, "num_statements": 69, "percent_covered": 50.72463768115942, "percent_covered_display": "51", "missing_lines": 34, "excluded_lines": 0, "percent_statements_covered": 50.72463768115942, "percent_statements_covered_display": "51"}, "missing_lines": [74, 75, 76, 77, 81, 82, 83, 85, 86, 87, 88, 89, 90, 91, 92, 93, 107, 108, 109, 110, 111, 112, 113, 114, 115, 116, 117, 118, 119, 120, 121, 122, 124, 125], "excluded_lines": [], "start_line": 1}}}, "soma_retargeter/robotics/v3/kinematic_paths.py": {"executed_lines": [3, 5, 7, 10, 19, 20, 21, 22, 23, 24, 25, 26, 27, 28, 29, 30, 31, 32, 33, 35, 39, 65], "summary": {"covered_lines": 22, "num_statements": 37, "percent_covered": 59.45945945945946, "percent_covered_display": "59", "missing_lines": 15, "excluded_lines": 0, "percent_statements_covered": 59.45945945945946, "percent_statements_covered_display": "59"}, "missing_lines": [36, 40, 41, 42, 43, 44, 45, 46, 47, 48, 62, 72, 73, 74, 75], "excluded_lines": [], "functions": {"KinematicPath.to_json": {"executed_lines": [], "summary": {"covered_lines": 0, "num_statements": 1, "percent_covered": 0.0, "percent_covered_display": "0", "missing_lines": 1, "excluded_lines": 0, "percent_statements_covered": 0.0, "percent_statements_covered_display": "0"}, "missing_lines": [36], "excluded_lines": [], "start_line": 35}, "discover_paths": {"executed_lines": [], "summary": {"covered_lines": 0, "num_statements": 10, "percent_covered": 0.0, "percent_covered_display": "0", "missing_lines": 10, "excluded_lines": 0, "percent_statements_covered": 0.0, "percent_statements_covered_display": "0"}, "missing_lines": [40, 41, 42, 43, 44, 45, 46, 47, 48, 62], "excluded_lines": [], "start_line": 39}, "_branch_to_lca": {"executed_lines": [], "summary": {"covered_lines": 0, "num_statements": 4, "percent_covered": 0.0, "percent_covered_display": "0", "missing_lines": 4, "excluded_lines": 0, "percent_statements_covered": 0.0, "percent_statements_covered_display": "0"}, "missing_lines": [72, 73, 74, 75], "excluded_lines": [], "start_line": 65}, "": {"executed_lines": [3, 5, 7, 10, 19, 20, 21, 22, 23, 24, 25, 26, 27, 28, 29, 30, 31, 32, 33, 35, 39, 65], "summary": {"covered_lines": 22, "num_statements": 22, "percent_covered": 100.0, "percent_covered_display": "100", "missing_lines": 0, "excluded_lines": 0, "percent_statements_covered": 100.0, "percent_statements_covered_display": "100"}, "missing_lines": [], "excluded_lines": [], "start_line": 1}}, "classes": {"KinematicPath": {"executed_lines": [], "summary": {"covered_lines": 0, "num_statements": 1, "percent_covered": 0.0, "percent_covered_display": "0", "missing_lines": 1, "excluded_lines": 0, "percent_statements_covered": 0.0, "percent_statements_covered_display": "0"}, "missing_lines": [36], "excluded_lines": [], "start_line": 20}, "": {"executed_lines": [3, 5, 7, 10, 19, 20, 21, 22, 23, 24, 25, 26, 27, 28, 29, 30, 31, 32, 33, 35, 39, 65], "summary": {"covered_lines": 22, "num_statements": 36, "percent_covered": 61.111111111111114, "percent_covered_display": "61", "missing_lines": 14, "excluded_lines": 0, "percent_statements_covered": 61.111111111111114, "percent_statements_covered_display": "61"}, "missing_lines": [40, 41, 42, 43, 44, 45, 46, 47, 48, 62, 72, 73, 74, 75], "excluded_lines": [], "start_line": 1}}}, "soma_retargeter/robotics/v3/model_adapter.py": {"executed_lines": [3, 5, 6, 7, 8, 9, 10, 11, 12, 14, 15, 16, 18, 19, 22, 29, 39, 42, 43, 44, 45, 46, 47, 48, 49, 50, 51, 52, 54, 68, 69, 70, 71, 72, 75, 76, 77, 78, 79, 80, 81, 82, 83, 84, 85, 87, 91, 92, 93, 94, 104, 110, 113, 149, 150, 153, 154, 157, 158, 161, 164, 167, 173, 183, 191, 194, 209, 217, 221, 226, 229, 243, 254, 257, 265, 268, 273, 281, 287, 298, 309, 316, 346, 371, 385, 393, 394, 395, 396, 399, 410, 458, 487, 505, 511, 514, 557, 558, 561, 562, 565, 566, 569, 572, 575, 604, 616, 624, 627, 662, 668, 673, 676, 689, 700, 703, 711, 714, 719, 727, 733, 747, 752, 757, 762, 797, 828, 840, 848, 861, 871, 877, 881, 892, 923, 936, 945], "summary": {"covered_lines": 137, "num_statements": 657, "percent_covered": 20.85235920852359, "percent_covered_display": "21", "missing_lines": 520, "excluded_lines": 9, "percent_statements_covered": 20.85235920852359, "percent_statements_covered_display": "21"}, "missing_lines": [55, 88, 105, 106, 107, 114, 115, 116, 122, 123, 124, 125, 126, 130, 131, 132, 136, 137, 138, 139, 151, 155, 159, 162, 165, 168, 169, 170, 171, 174, 175, 176, 177, 184, 185, 186, 187, 188, 189, 192, 195, 196, 197, 198, 203, 210, 211, 212, 213, 214, 215, 218, 219, 222, 223, 224, 227, 230, 231, 232, 233, 234, 235, 236, 237, 238, 239, 240, 241, 244, 245, 246, 247, 248, 249, 250, 251, 252, 255, 258, 259, 260, 261, 262, 263, 266, 269, 270, 271, 274, 275, 276, 277, 278, 279, 282, 283, 284, 285, 288, 289, 290, 291, 292, 293, 294, 295, 296, 299, 300, 301, 302, 303, 304, 305, 306, 307, 310, 311, 312, 313, 314, 317, 318, 319, 320, 321, 322, 323, 324, 325, 326, 327, 328, 329, 330, 341, 342, 343, 344, 347, 348, 349, 350, 351, 352, 353, 354, 355, 356, 357, 363, 364, 365, 366, 367, 369, 372, 386, 387, 388, 389, 390, 400, 401, 402, 403, 404, 405, 406, 407, 411, 412, 413, 414, 415, 416, 417, 418, 419, 420, 421, 430, 431, 432, 433, 434, 435, 436, 437, 438, 439, 440, 441, 442, 443, 453, 454, 455, 459, 460, 461, 462, 463, 464, 465, 466, 467, 468, 469, 470, 471, 472, 473, 482, 483, 484, 488, 489, 490, 491, 492, 493, 494, 495, 496, 497, 498, 499, 500, 501, 502, 506, 508, 515, 517, 518, 519, 520, 526, 527, 528, 529, 530, 531, 532, 533, 534, 535, 536, 537, 538, 539, 540, 541, 542, 543, 544, 545, 546, 547, 559, 563, 567, 570, 573, 576, 577, 578, 579, 580, 581, 582, 583, 584, 585, 586, 587, 588, 589, 590, 591, 592, 593, 594, 595, 596, 597, 598, 599, 600, 601, 602, 605, 607, 608, 609, 610, 611, 612, 613, 614, 617, 618, 619, 620, 621, 622, 625, 628, 629, 630, 631, 632, 638, 643, 644, 645, 646, 647, 648, 649, 655, 660, 663, 664, 665, 666, 669, 670, 671, 674, 677, 678, 679, 680, 681, 682, 683, 684, 685, 686, 687, 690, 691, 692, 693, 694, 695, 696, 697, 698, 701, 704, 705, 706, 707, 708, 709, 712, 715, 716, 717, 720, 721, 722, 723, 724, 725, 728, 729, 730, 731, 734, 735, 736, 737, 738, 739, 740, 741, 742, 743, 744, 745, 748, 749, 750, 753, 754, 755, 758, 759, 760, 763, 764, 765, 766, 768, 769, 771, 772, 773, 774, 775, 776, 777, 778, 779, 780, 781, 782, 783, 789, 790, 791, 792, 793, 795, 798, 799, 800, 801, 802, 803, 804, 805, 806, 807, 808, 809, 810, 811, 812, 823, 824, 825, 826, 829, 830, 831, 832, 833, 834, 835, 836, 837, 838, 841, 842, 843, 844, 845, 846, 849, 862, 863, 864, 865, 866, 867, 868, 872, 873, 874, 878, 882, 883, 884, 885, 886, 887, 888, 889, 893, 894, 895, 896, 897, 898, 900, 901, 902, 903, 904, 905, 906, 907, 908, 909, 910, 911, 913, 914, 915, 916, 917, 918, 919, 920, 924, 925, 926, 927, 928, 930, 931, 932, 933, 937, 938, 939, 940, 941, 942, 946, 947, 948, 949, 950], "excluded_lines": [95, 96, 97, 98, 99, 100, 101, 102, 103], "functions": {"SemanticSite.to_json": {"executed_lines": [], "summary": {"covered_lines": 0, "num_statements": 1, "percent_covered": 0.0, "percent_covered_display": "0", "missing_lines": 1, "excluded_lines": 0, "percent_statements_covered": 0.0, "percent_statements_covered_display": "0"}, "missing_lines": [55], "excluded_lines": [], "start_line": 54}, "CoordinateInfo.to_json": {"executed_lines": [], "summary": {"covered_lines": 0, "num_statements": 1, "percent_covered": 0.0, "percent_covered_display": "0", "missing_lines": 1, "excluded_lines": 0, "percent_statements_covered": 0.0, "percent_statements_covered_display": "0"}, "missing_lines": [88], "excluded_lines": [], "start_line": 87}, "RuntimeRobotModelAdapter.neutral_q": {"executed_lines": [], "summary": {"covered_lines": 0, "num_statements": 0, "percent_covered": 100.0, "percent_covered_display": "100", "missing_lines": 0, "excluded_lines": 1, "percent_statements_covered": 100.0, "percent_statements_covered_display": "100"}, "missing_lines": [], "excluded_lines": [96], "start_line": 96}, "RuntimeRobotModelAdapter.integrate": {"executed_lines": [], "summary": {"covered_lines": 0, "num_statements": 0, "percent_covered": 100.0, "percent_covered_display": "100", "missing_lines": 0, "excluded_lines": 1, "percent_statements_covered": 100.0, "percent_statements_covered_display": "100"}, "missing_lines": [], "excluded_lines": [97], "start_line": 97}, "RuntimeRobotModelAdapter.forward_kinematics": {"executed_lines": [], "summary": {"covered_lines": 0, "num_statements": 0, "percent_covered": 100.0, "percent_covered_display": "100", "missing_lines": 0, "excluded_lines": 1, "percent_statements_covered": 100.0, "percent_statements_covered_display": "100"}, "missing_lines": [], "excluded_lines": [98], "start_line": 98}, "RuntimeRobotModelAdapter.body_transform": {"executed_lines": [], "summary": {"covered_lines": 0, "num_statements": 0, "percent_covered": 100.0, "percent_covered_display": "100", "missing_lines": 0, "excluded_lines": 1, "percent_statements_covered": 100.0, "percent_statements_covered_display": "100"}, "missing_lines": [], "excluded_lines": [99], "start_line": 99}, "RuntimeRobotModelAdapter.site_transform": {"executed_lines": [], "summary": {"covered_lines": 0, "num_statements": 0, "percent_covered": 100.0, "percent_covered_display": "100", "missing_lines": 0, "excluded_lines": 1, "percent_statements_covered": 100.0, "percent_statements_covered_display": "100"}, "missing_lines": [], "excluded_lines": [100], "start_line": 100}, "RuntimeRobotModelAdapter.active_velocity_coordinates": {"executed_lines": [], "summary": {"covered_lines": 0, "num_statements": 0, "percent_covered": 100.0, "percent_covered_display": "100", "missing_lines": 0, "excluded_lines": 1, "percent_statements_covered": 100.0, "percent_statements_covered_display": "100"}, "missing_lines": [], "excluded_lines": [101], "start_line": 101}, "normalize_label": {"executed_lines": [], "summary": {"covered_lines": 0, "num_statements": 3, "percent_covered": 0.0, "percent_covered_display": "0", "missing_lines": 3, "excluded_lines": 0, "percent_statements_covered": 0.0, "percent_statements_covered_display": "0"}, "missing_lines": [105, 106, 107], "excluded_lines": [], "start_line": 104}, "MuJoCoRuntimeModelAdapter.__init__": {"executed_lines": [], "summary": {"covered_lines": 0, "num_statements": 15, "percent_covered": 0.0, "percent_covered_display": "0", "missing_lines": 15, "excluded_lines": 0, "percent_statements_covered": 0.0, "percent_statements_covered_display": "0"}, "missing_lines": [114, 115, 116, 122, 123, 124, 125, 126, 130, 131, 132, 136, 137, 138, 139], "excluded_lines": [], "start_line": 113}, "MuJoCoRuntimeModelAdapter.fingerprint": {"executed_lines": [], "summary": {"covered_lines": 0, "num_statements": 1, "percent_covered": 0.0, "percent_covered_display": "0", "missing_lines": 1, "excluded_lines": 0, "percent_statements_covered": 0.0, "percent_statements_covered_display": "0"}, "missing_lines": [151], "excluded_lines": [], "start_line": 150}, "MuJoCoRuntimeModelAdapter.body_names": {"executed_lines": [], "summary": {"covered_lines": 0, "num_statements": 1, "percent_covered": 0.0, "percent_covered_display": "0", "missing_lines": 1, "excluded_lines": 0, "percent_statements_covered": 0.0, "percent_statements_covered_display": "0"}, "missing_lines": [155], "excluded_lines": [], "start_line": 154}, "MuJoCoRuntimeModelAdapter.coordinate_info": {"executed_lines": [], "summary": {"covered_lines": 0, "num_statements": 1, "percent_covered": 0.0, "percent_covered_display": "0", "missing_lines": 1, "excluded_lines": 0, "percent_statements_covered": 0.0, "percent_statements_covered_display": "0"}, "missing_lines": [159], "excluded_lines": [], "start_line": 158}, "MuJoCoRuntimeModelAdapter.close": {"executed_lines": [], "summary": {"covered_lines": 0, "num_statements": 1, "percent_covered": 0.0, "percent_covered_display": "0", "missing_lines": 1, "excluded_lines": 0, "percent_statements_covered": 0.0, "percent_statements_covered_display": "0"}, "missing_lines": [162], "excluded_lines": [], "start_line": 161}, "MuJoCoRuntimeModelAdapter.neutral_q": {"executed_lines": [], "summary": {"covered_lines": 0, "num_statements": 1, "percent_covered": 0.0, "percent_covered_display": "0", "missing_lines": 1, "excluded_lines": 0, "percent_statements_covered": 0.0, "percent_statements_covered_display": "0"}, "missing_lines": [165], "excluded_lines": [], "start_line": 164}, "MuJoCoRuntimeModelAdapter.integrate": {"executed_lines": [], "summary": {"covered_lines": 0, "num_statements": 4, "percent_covered": 0.0, "percent_covered_display": "0", "missing_lines": 4, "excluded_lines": 0, "percent_statements_covered": 0.0, "percent_statements_covered_display": "0"}, "missing_lines": [168, 169, 170, 171], "excluded_lines": [], "start_line": 167}, "MuJoCoRuntimeModelAdapter.forward_kinematics": {"executed_lines": [], "summary": {"covered_lines": 0, "num_statements": 4, "percent_covered": 0.0, "percent_covered_display": "0", "missing_lines": 4, "excluded_lines": 0, "percent_statements_covered": 0.0, "percent_statements_covered_display": "0"}, "missing_lines": [174, 175, 176, 177], "excluded_lines": [], "start_line": 173}, "MuJoCoRuntimeModelAdapter.resolve_body_name": {"executed_lines": [], "summary": {"covered_lines": 0, "num_statements": 6, "percent_covered": 0.0, "percent_covered_display": "0", "missing_lines": 6, "excluded_lines": 0, "percent_statements_covered": 0.0, "percent_statements_covered_display": "0"}, "missing_lines": [184, 185, 186, 187, 188, 189], "excluded_lines": [], "start_line": 183}, "MuJoCoRuntimeModelAdapter.body_id": {"executed_lines": [], "summary": {"covered_lines": 0, "num_statements": 1, "percent_covered": 0.0, "percent_covered_display": "0", "missing_lines": 1, "excluded_lines": 0, "percent_statements_covered": 0.0, "percent_statements_covered_display": "0"}, "missing_lines": [192], "excluded_lines": [], "start_line": 191}, "MuJoCoRuntimeModelAdapter.model_site_frame": {"executed_lines": [], "summary": {"covered_lines": 0, "num_statements": 5, "percent_covered": 0.0, "percent_covered_display": "0", "missing_lines": 5, "excluded_lines": 0, "percent_statements_covered": 0.0, "percent_statements_covered_display": "0"}, "missing_lines": [195, 196, 197, 198, 203], "excluded_lines": [], "start_line": 194}, "MuJoCoRuntimeModelAdapter.site_id": {"executed_lines": [], "summary": {"covered_lines": 0, "num_statements": 6, "percent_covered": 0.0, "percent_covered_display": "0", "missing_lines": 6, "excluded_lines": 0, "percent_statements_covered": 0.0, "percent_statements_covered_display": "0"}, "missing_lines": [210, 211, 212, 213, 214, 215], "excluded_lines": [], "start_line": 209}, "MuJoCoRuntimeModelAdapter.body_transform": {"executed_lines": [], "summary": {"covered_lines": 0, "num_statements": 2, "percent_covered": 0.0, "percent_covered_display": "0", "missing_lines": 2, "excluded_lines": 0, "percent_statements_covered": 0.0, "percent_statements_covered_display": "0"}, "missing_lines": [218, 219], "excluded_lines": [], "start_line": 217}, "MuJoCoRuntimeModelAdapter.site_transform": {"executed_lines": [], "summary": {"covered_lines": 0, "num_statements": 3, "percent_covered": 0.0, "percent_covered_display": "0", "missing_lines": 3, "excluded_lines": 0, "percent_statements_covered": 0.0, "percent_statements_covered_display": "0"}, "missing_lines": [222, 223, 224], "excluded_lines": [], "start_line": 221}, "MuJoCoRuntimeModelAdapter.relative_transform": {"executed_lines": [], "summary": {"covered_lines": 0, "num_statements": 1, "percent_covered": 0.0, "percent_covered_display": "0", "missing_lines": 1, "excluded_lines": 0, "percent_statements_covered": 0.0, "percent_statements_covered_display": "0"}, "missing_lines": [227], "excluded_lines": [], "start_line": 226}, "MuJoCoRuntimeModelAdapter.active_velocity_coordinates": {"executed_lines": [], "summary": {"covered_lines": 0, "num_statements": 12, "percent_covered": 0.0, "percent_covered_display": "0", "missing_lines": 12, "excluded_lines": 0, "percent_statements_covered": 0.0, "percent_statements_covered_display": "0"}, "missing_lines": [230, 231, 232, 233, 234, 235, 236, 237, 238, 239, 240, 241], "excluded_lines": [], "start_line": 229}, "MuJoCoRuntimeModelAdapter.body_path_ids": {"executed_lines": [], "summary": {"covered_lines": 0, "num_statements": 9, "percent_covered": 0.0, "percent_covered_display": "0", "missing_lines": 9, "excluded_lines": 0, "percent_statements_covered": 0.0, "percent_statements_covered_display": "0"}, "missing_lines": [244, 245, 246, 247, 248, 249, 250, 251, 252], "excluded_lines": [], "start_line": 243}, "MuJoCoRuntimeModelAdapter.body_path": {"executed_lines": [], "summary": {"covered_lines": 0, "num_statements": 1, "percent_covered": 0.0, "percent_covered_display": "0", "missing_lines": 1, "excluded_lines": 0, "percent_statements_covered": 0.0, "percent_statements_covered_display": "0"}, "missing_lines": [255], "excluded_lines": [], "start_line": 254}, "MuJoCoRuntimeModelAdapter.lca_body": {"executed_lines": [], "summary": {"covered_lines": 0, "num_statements": 6, "percent_covered": 0.0, "percent_covered_display": "0", "missing_lines": 6, "excluded_lines": 0, "percent_statements_covered": 0.0, "percent_statements_covered_display": "0"}, "missing_lines": [258, 259, 260, 261, 262, 263], "excluded_lines": [], "start_line": 257}, "MuJoCoRuntimeModelAdapter.coordinate": {"executed_lines": [], "summary": {"covered_lines": 0, "num_statements": 1, "percent_covered": 0.0, "percent_covered_display": "0", "missing_lines": 1, "excluded_lines": 0, "percent_statements_covered": 0.0, "percent_statements_covered_display": "0"}, "missing_lines": [266], "excluded_lines": [], "start_line": 265}, "MuJoCoRuntimeModelAdapter.coordinate_limits": {"executed_lines": [], "summary": {"covered_lines": 0, "num_statements": 3, "percent_covered": 0.0, "percent_covered_display": "0", "missing_lines": 3, "excluded_lines": 0, "percent_statements_covered": 0.0, "percent_statements_covered_display": "0"}, "missing_lines": [269, 270, 271], "excluded_lines": [], "start_line": 268}, "MuJoCoRuntimeModelAdapter.set_velocity_coordinates": {"executed_lines": [], "summary": {"covered_lines": 0, "num_statements": 6, "percent_covered": 0.0, "percent_covered_display": "0", "missing_lines": 6, "excluded_lines": 0, "percent_statements_covered": 0.0, "percent_statements_covered_display": "0"}, "missing_lines": [274, 275, 276, 277, 278, 279], "excluded_lines": [], "start_line": 273}, "MuJoCoRuntimeModelAdapter._velocity_coordinate_value": {"executed_lines": [], "summary": {"covered_lines": 0, "num_statements": 4, "percent_covered": 0.0, "percent_covered_display": "0", "missing_lines": 4, "excluded_lines": 0, "percent_statements_covered": 0.0, "percent_statements_covered_display": "0"}, "missing_lines": [282, 283, 284, 285], "excluded_lines": [], "start_line": 281}, "MuJoCoRuntimeModelAdapter._ancestors": {"executed_lines": [], "summary": {"covered_lines": 0, "num_statements": 9, "percent_covered": 0.0, "percent_covered_display": "0", "missing_lines": 9, "excluded_lines": 0, "percent_statements_covered": 0.0, "percent_statements_covered_display": "0"}, "missing_lines": [288, 289, 290, 291, 292, 293, 294, 295, 296], "excluded_lines": [], "start_line": 287}, "MuJoCoRuntimeModelAdapter._descendant_or_self_ids": {"executed_lines": [], "summary": {"covered_lines": 0, "num_statements": 9, "percent_covered": 0.0, "percent_covered_display": "0", "missing_lines": 9, "excluded_lines": 0, "percent_statements_covered": 0.0, "percent_statements_covered_display": "0"}, "missing_lines": [299, 300, 301, 302, 303, 304, 305, 306, 307], "excluded_lines": [], "start_line": 298}, "MuJoCoRuntimeModelAdapter._joints_on_body": {"executed_lines": [], "summary": {"covered_lines": 0, "num_statements": 5, "percent_covered": 0.0, "percent_covered_display": "0", "missing_lines": 5, "excluded_lines": 0, "percent_statements_covered": 0.0, "percent_statements_covered_display": "0"}, "missing_lines": [310, 311, 312, 313, 314], "excluded_lines": [], "start_line": 309}, "MuJoCoRuntimeModelAdapter._build_coordinate_info": {"executed_lines": [], "summary": {"covered_lines": 0, "num_statements": 18, "percent_covered": 0.0, "percent_covered_display": "0", "missing_lines": 18, "excluded_lines": 0, "percent_statements_covered": 0.0, "percent_statements_covered_display": "0"}, "missing_lines": [317, 318, 319, 320, 321, 322, 323, 324, 325, 326, 327, 328, 329, 330, 341, 342, 343, 344], "excluded_lines": [], "start_line": 316}, "MuJoCoRuntimeModelAdapter._load_model": {"executed_lines": [], "summary": {"covered_lines": 0, "num_statements": 17, "percent_covered": 0.0, "percent_covered_display": "0", "missing_lines": 17, "excluded_lines": 0, "percent_statements_covered": 0.0, "percent_statements_covered_display": "0"}, "missing_lines": [347, 348, 349, 350, 351, 352, 353, 354, 355, 356, 357, 363, 364, 365, 366, 367, 369], "excluded_lines": [], "start_line": 346}, "MuJoCoRuntimeModelAdapter._compiled_summary": {"executed_lines": [], "summary": {"covered_lines": 0, "num_statements": 1, "percent_covered": 0.0, "percent_covered_display": "0", "missing_lines": 1, "excluded_lines": 0, "percent_statements_covered": 0.0, "percent_statements_covered_display": "0"}, "missing_lines": [372], "excluded_lines": [], "start_line": 371}, "_joint_nv": {"executed_lines": [], "summary": {"covered_lines": 0, "num_statements": 5, "percent_covered": 0.0, "percent_covered_display": "0", "missing_lines": 5, "excluded_lines": 0, "percent_statements_covered": 0.0, "percent_statements_covered_display": "0"}, "missing_lines": [386, 387, 388, 389, 390], "excluded_lines": [], "start_line": 385}, "_patch_xml_for_mujoco_loading": {"executed_lines": [], "summary": {"covered_lines": 0, "num_statements": 8, "percent_covered": 0.0, "percent_covered_display": "0", "missing_lines": 8, "excluded_lines": 0, "percent_statements_covered": 0.0, "percent_statements_covered_display": "0"}, "missing_lines": [400, 401, 402, 403, 404, 405, 406, 407], "excluded_lines": [], "start_line": 399}, "_patch_xml_for_newton_loading": {"executed_lines": [], "summary": {"covered_lines": 0, "num_statements": 28, "percent_covered": 0.0, "percent_covered_display": "0", "missing_lines": 28, "excluded_lines": 0, "percent_statements_covered": 0.0, "percent_statements_covered_display": "0"}, "missing_lines": [411, 412, 413, 414, 415, 416, 417, 418, 419, 420, 421, 430, 431, 432, 433, 434, 435, 436, 437, 438, 439, 440, 441, 442, 443, 453, 454, 455], "excluded_lines": [], "start_line": 410}, "_absolutize_urdf_meshes": {"executed_lines": [], "summary": {"covered_lines": 0, "num_statements": 18, "percent_covered": 0.0, "percent_covered_display": "0", "missing_lines": 18, "excluded_lines": 0, "percent_statements_covered": 0.0, "percent_statements_covered_display": "0"}, "missing_lines": [459, 460, 461, 462, 463, 464, 465, 466, 467, 468, 469, 470, 471, 472, 473, 482, 483, 484], "excluded_lines": [], "start_line": 458}, "_resolve_urdf_mesh_path": {"executed_lines": [], "summary": {"covered_lines": 0, "num_statements": 15, "percent_covered": 0.0, "percent_covered_display": "0", "missing_lines": 15, "excluded_lines": 0, "percent_statements_covered": 0.0, "percent_statements_covered_display": "0"}, "missing_lines": [488, 489, 490, 491, 492, 493, 494, 495, 496, 497, 498, 499, 500, 501, 502], "excluded_lines": [], "start_line": 487}, "_quat_xyzw_to_matrix": {"executed_lines": [], "summary": {"covered_lines": 0, "num_statements": 2, "percent_covered": 0.0, "percent_covered_display": "0", "missing_lines": 2, "excluded_lines": 0, "percent_statements_covered": 0.0, "percent_statements_covered_display": "0"}, "missing_lines": [506, 508], "excluded_lines": [], "start_line": 505}, "NewtonRuntimeModelAdapter.__init__": {"executed_lines": [], "summary": {"covered_lines": 0, "num_statements": 27, "percent_covered": 0.0, "percent_covered_display": "0", "missing_lines": 27, "excluded_lines": 0, "percent_statements_covered": 0.0, "percent_statements_covered_display": "0"}, "missing_lines": [515, 517, 518, 519, 520, 526, 527, 528, 529, 530, 531, 532, 533, 534, 535, 536, 537, 538, 539, 540, 541, 542, 543, 544, 545, 546, 547], "excluded_lines": [], "start_line": 514}, "NewtonRuntimeModelAdapter.fingerprint": {"executed_lines": [], "summary": {"covered_lines": 0, "num_statements": 1, "percent_covered": 0.0, "percent_covered_display": "0", "missing_lines": 1, "excluded_lines": 0, "percent_statements_covered": 0.0, "percent_statements_covered_display": "0"}, "missing_lines": [559], "excluded_lines": [], "start_line": 558}, "NewtonRuntimeModelAdapter.body_names": {"executed_lines": [], "summary": {"covered_lines": 0, "num_statements": 1, "percent_covered": 0.0, "percent_covered_display": "0", "missing_lines": 1, "excluded_lines": 0, "percent_statements_covered": 0.0, "percent_statements_covered_display": "0"}, "missing_lines": [563], "excluded_lines": [], "start_line": 562}, "NewtonRuntimeModelAdapter.coordinate_info": {"executed_lines": [], "summary": {"covered_lines": 0, "num_statements": 1, "percent_covered": 0.0, "percent_covered_display": "0", "missing_lines": 1, "excluded_lines": 0, "percent_statements_covered": 0.0, "percent_statements_covered_display": "0"}, "missing_lines": [567], "excluded_lines": [], "start_line": 566}, "NewtonRuntimeModelAdapter.close": {"executed_lines": [], "summary": {"covered_lines": 0, "num_statements": 1, "percent_covered": 0.0, "percent_covered_display": "0", "missing_lines": 1, "excluded_lines": 0, "percent_statements_covered": 0.0, "percent_statements_covered_display": "0"}, "missing_lines": [570], "excluded_lines": [], "start_line": 569}, "NewtonRuntimeModelAdapter.neutral_q": {"executed_lines": [], "summary": {"covered_lines": 0, "num_statements": 1, "percent_covered": 0.0, "percent_covered_display": "0", "missing_lines": 1, "excluded_lines": 0, "percent_statements_covered": 0.0, "percent_statements_covered_display": "0"}, "missing_lines": [573], "excluded_lines": [], "start_line": 572}, "NewtonRuntimeModelAdapter.integrate": {"executed_lines": [], "summary": {"covered_lines": 0, "num_statements": 27, "percent_covered": 0.0, "percent_covered_display": "0", "missing_lines": 27, "excluded_lines": 0, "percent_statements_covered": 0.0, "percent_statements_covered_display": "0"}, "missing_lines": [576, 577, 578, 579, 580, 581, 582, 583, 584, 585, 586, 587, 588, 589, 590, 591, 592, 593, 594, 595, 596, 597, 598, 599, 600, 601, 602], "excluded_lines": [], "start_line": 575}, "NewtonRuntimeModelAdapter.forward_kinematics": {"executed_lines": [], "summary": {"covered_lines": 0, "num_statements": 9, "percent_covered": 0.0, "percent_covered_display": "0", "missing_lines": 9, "excluded_lines": 0, "percent_statements_covered": 0.0, "percent_statements_covered_display": "0"}, "missing_lines": [605, 607, 608, 609, 610, 611, 612, 613, 614], "excluded_lines": [], "start_line": 604}, "NewtonRuntimeModelAdapter.resolve_body_name": {"executed_lines": [], "summary": {"covered_lines": 0, "num_statements": 6, "percent_covered": 0.0, "percent_covered_display": "0", "missing_lines": 6, "excluded_lines": 0, "percent_statements_covered": 0.0, "percent_statements_covered_display": "0"}, "missing_lines": [617, 618, 619, 620, 621, 622], "excluded_lines": [], "start_line": 616}, "NewtonRuntimeModelAdapter.body_id": {"executed_lines": [], "summary": {"covered_lines": 0, "num_statements": 1, "percent_covered": 0.0, "percent_covered_display": "0", "missing_lines": 1, "excluded_lines": 0, "percent_statements_covered": 0.0, "percent_statements_covered_display": "0"}, "missing_lines": [625], "excluded_lines": [], "start_line": 624}, "NewtonRuntimeModelAdapter.model_site_frame": {"executed_lines": [], "summary": {"covered_lines": 0, "num_statements": 15, "percent_covered": 0.0, "percent_covered_display": "0", "missing_lines": 15, "excluded_lines": 0, "percent_statements_covered": 0.0, "percent_statements_covered_display": "0"}, "missing_lines": [628, 629, 630, 631, 632, 638, 643, 644, 645, 646, 647, 648, 649, 655, 660], "excluded_lines": [], "start_line": 627}, "NewtonRuntimeModelAdapter.body_transform": {"executed_lines": [], "summary": {"covered_lines": 0, "num_statements": 4, "percent_covered": 0.0, "percent_covered_display": "0", "missing_lines": 4, "excluded_lines": 0, "percent_statements_covered": 0.0, "percent_statements_covered_display": "0"}, "missing_lines": [663, 664, 665, 666], "excluded_lines": [], "start_line": 662}, "NewtonRuntimeModelAdapter.site_transform": {"executed_lines": [], "summary": {"covered_lines": 0, "num_statements": 3, "percent_covered": 0.0, "percent_covered_display": "0", "missing_lines": 3, "excluded_lines": 0, "percent_statements_covered": 0.0, "percent_statements_covered_display": "0"}, "missing_lines": [669, 670, 671], "excluded_lines": [], "start_line": 668}, "NewtonRuntimeModelAdapter.relative_transform": {"executed_lines": [], "summary": {"covered_lines": 0, "num_statements": 1, "percent_covered": 0.0, "percent_covered_display": "0", "missing_lines": 1, "excluded_lines": 0, "percent_statements_covered": 0.0, "percent_statements_covered_display": "0"}, "missing_lines": [674], "excluded_lines": [], "start_line": 673}, "NewtonRuntimeModelAdapter.active_velocity_coordinates": {"executed_lines": [], "summary": {"covered_lines": 0, "num_statements": 11, "percent_covered": 0.0, "percent_covered_display": "0", "missing_lines": 11, "excluded_lines": 0, "percent_statements_covered": 0.0, "percent_statements_covered_display": "0"}, "missing_lines": [677, 678, 679, 680, 681, 682, 683, 684, 685, 686, 687], "excluded_lines": [], "start_line": 676}, "NewtonRuntimeModelAdapter.body_path_ids": {"executed_lines": [], "summary": {"covered_lines": 0, "num_statements": 9, "percent_covered": 0.0, "percent_covered_display": "0", "missing_lines": 9, "excluded_lines": 0, "percent_statements_covered": 0.0, "percent_statements_covered_display": "0"}, "missing_lines": [690, 691, 692, 693, 694, 695, 696, 697, 698], "excluded_lines": [], "start_line": 689}, "NewtonRuntimeModelAdapter.body_path": {"executed_lines": [], "summary": {"covered_lines": 0, "num_statements": 1, "percent_covered": 0.0, "percent_covered_display": "0", "missing_lines": 1, "excluded_lines": 0, "percent_statements_covered": 0.0, "percent_statements_covered_display": "0"}, "missing_lines": [701], "excluded_lines": [], "start_line": 700}, "NewtonRuntimeModelAdapter.lca_body": {"executed_lines": [], "summary": {"covered_lines": 0, "num_statements": 6, "percent_covered": 0.0, "percent_covered_display": "0", "missing_lines": 6, "excluded_lines": 0, "percent_statements_covered": 0.0, "percent_statements_covered_display": "0"}, "missing_lines": [704, 705, 706, 707, 708, 709], "excluded_lines": [], "start_line": 703}, "NewtonRuntimeModelAdapter.coordinate": {"executed_lines": [], "summary": {"covered_lines": 0, "num_statements": 1, "percent_covered": 0.0, "percent_covered_display": "0", "missing_lines": 1, "excluded_lines": 0, "percent_statements_covered": 0.0, "percent_statements_covered_display": "0"}, "missing_lines": [712], "excluded_lines": [], "start_line": 711}, "NewtonRuntimeModelAdapter.coordinate_limits": {"executed_lines": [], "summary": {"covered_lines": 0, "num_statements": 3, "percent_covered": 0.0, "percent_covered_display": "0", "missing_lines": 3, "excluded_lines": 0, "percent_statements_covered": 0.0, "percent_statements_covered_display": "0"}, "missing_lines": [715, 716, 717], "excluded_lines": [], "start_line": 714}, "NewtonRuntimeModelAdapter.set_velocity_coordinates": {"executed_lines": [], "summary": {"covered_lines": 0, "num_statements": 6, "percent_covered": 0.0, "percent_covered_display": "0", "missing_lines": 6, "excluded_lines": 0, "percent_statements_covered": 0.0, "percent_statements_covered_display": "0"}, "missing_lines": [720, 721, 722, 723, 724, 725], "excluded_lines": [], "start_line": 719}, "NewtonRuntimeModelAdapter._velocity_coordinate_value": {"executed_lines": [], "summary": {"covered_lines": 0, "num_statements": 4, "percent_covered": 0.0, "percent_covered_display": "0", "missing_lines": 4, "excluded_lines": 0, "percent_statements_covered": 0.0, "percent_statements_covered_display": "0"}, "missing_lines": [728, 729, 730, 731], "excluded_lines": [], "start_line": 727}, "NewtonRuntimeModelAdapter._ancestors": {"executed_lines": [], "summary": {"covered_lines": 0, "num_statements": 12, "percent_covered": 0.0, "percent_covered_display": "0", "missing_lines": 12, "excluded_lines": 0, "percent_statements_covered": 0.0, "percent_statements_covered_display": "0"}, "missing_lines": [734, 735, 736, 737, 738, 739, 740, 741, 742, 743, 744, 745], "excluded_lines": [], "start_line": 733}, "NewtonRuntimeModelAdapter._parent_body": {"executed_lines": [], "summary": {"covered_lines": 0, "num_statements": 3, "percent_covered": 0.0, "percent_covered_display": "0", "missing_lines": 3, "excluded_lines": 0, "percent_statements_covered": 0.0, "percent_statements_covered_display": "0"}, "missing_lines": [748, 749, 750], "excluded_lines": [], "start_line": 747}, "NewtonRuntimeModelAdapter._joints_on_body": {"executed_lines": [], "summary": {"covered_lines": 0, "num_statements": 3, "percent_covered": 0.0, "percent_covered_display": "0", "missing_lines": 3, "excluded_lines": 0, "percent_statements_covered": 0.0, "percent_statements_covered_display": "0"}, "missing_lines": [753, 754, 755], "excluded_lines": [], "start_line": 752}, "NewtonRuntimeModelAdapter._body_name_from_id": {"executed_lines": [], "summary": {"covered_lines": 0, "num_statements": 3, "percent_covered": 0.0, "percent_covered_display": "0", "missing_lines": 3, "excluded_lines": 0, "percent_statements_covered": 0.0, "percent_statements_covered_display": "0"}, "missing_lines": [758, 759, 760], "excluded_lines": [], "start_line": 757}, "NewtonRuntimeModelAdapter._load_builder": {"executed_lines": [], "summary": {"covered_lines": 0, "num_statements": 20, "percent_covered": 0.0, "percent_covered_display": "0", "missing_lines": 20, "excluded_lines": 0, "percent_statements_covered": 0.0, "percent_statements_covered_display": "0"}, "missing_lines": [763, 771, 772, 773, 774, 775, 776, 777, 778, 779, 780, 781, 782, 783, 789, 790, 791, 792, 793, 795], "excluded_lines": [], "start_line": 762}, "NewtonRuntimeModelAdapter._load_builder.load": {"executed_lines": [], "summary": {"covered_lines": 0, "num_statements": 5, "percent_covered": 0.0, "percent_covered_display": "0", "missing_lines": 5, "excluded_lines": 0, "percent_statements_covered": 0.0, "percent_statements_covered_display": "0"}, "missing_lines": [764, 765, 766, 768, 769], "excluded_lines": [], "start_line": 763}, "NewtonRuntimeModelAdapter._build_coordinate_info": {"executed_lines": [], "summary": {"covered_lines": 0, "num_statements": 19, "percent_covered": 0.0, "percent_covered_display": "0", "missing_lines": 19, "excluded_lines": 0, "percent_statements_covered": 0.0, "percent_statements_covered_display": "0"}, "missing_lines": [798, 799, 800, 801, 802, 803, 804, 805, 806, 807, 808, 809, 810, 811, 812, 823, 824, 825, 826], "excluded_lines": [], "start_line": 797}, "NewtonRuntimeModelAdapter._joint_velocity_width": {"executed_lines": [], "summary": {"covered_lines": 0, "num_statements": 10, "percent_covered": 0.0, "percent_covered_display": "0", "missing_lines": 10, "excluded_lines": 0, "percent_statements_covered": 0.0, "percent_statements_covered_display": "0"}, "missing_lines": [829, 830, 831, 832, 833, 834, 835, 836, 837, 838], "excluded_lines": [], "start_line": 828}, "NewtonRuntimeModelAdapter._joint_position_width": {"executed_lines": [], "summary": {"covered_lines": 0, "num_statements": 6, "percent_covered": 0.0, "percent_covered_display": "0", "missing_lines": 6, "excluded_lines": 0, "percent_statements_covered": 0.0, "percent_statements_covered_display": "0"}, "missing_lines": [841, 842, 843, 844, 845, 846], "excluded_lines": [], "start_line": 840}, "NewtonRuntimeModelAdapter._compiled_summary": {"executed_lines": [], "summary": {"covered_lines": 0, "num_statements": 1, "percent_covered": 0.0, "percent_covered_display": "0", "missing_lines": 1, "excluded_lines": 0, "percent_statements_covered": 0.0, "percent_statements_covered_display": "0"}, "missing_lines": [849], "excluded_lines": [], "start_line": 848}, "_newton_joint_nv": {"executed_lines": [], "summary": {"covered_lines": 0, "num_statements": 7, "percent_covered": 0.0, "percent_covered_display": "0", "missing_lines": 7, "excluded_lines": 0, "percent_statements_covered": 0.0, "percent_statements_covered_display": "0"}, "missing_lines": [862, 863, 864, 865, 866, 867, 868], "excluded_lines": [], "start_line": 861}, "_to_numpy": {"executed_lines": [], "summary": {"covered_lines": 0, "num_statements": 3, "percent_covered": 0.0, "percent_covered_display": "0", "missing_lines": 3, "excluded_lines": 0, "percent_statements_covered": 0.0, "percent_statements_covered_display": "0"}, "missing_lines": [872, 873, 874], "excluded_lines": [], "start_line": 871}, "_leaf_label": {"executed_lines": [], "summary": {"covered_lines": 0, "num_statements": 1, "percent_covered": 0.0, "percent_covered_display": "0", "missing_lines": 1, "excluded_lines": 0, "percent_statements_covered": 0.0, "percent_statements_covered_display": "0"}, "missing_lines": [878], "excluded_lines": [], "start_line": 877}, "_normalize_quat_xyzw": {"executed_lines": [], "summary": {"covered_lines": 0, "num_statements": 8, "percent_covered": 0.0, "percent_covered_display": "0", "missing_lines": 8, "excluded_lines": 0, "percent_statements_covered": 0.0, "percent_statements_covered_display": "0"}, "missing_lines": [882, 883, 884, 885, 886, 887, 888, 889], "excluded_lines": [], "start_line": 881}, "_mjcf_site_frame_from_xml": {"executed_lines": [], "summary": {"covered_lines": 0, "num_statements": 15, "percent_covered": 0.0, "percent_covered_display": "0", "missing_lines": 15, "excluded_lines": 0, "percent_statements_covered": 0.0, "percent_statements_covered_display": "0"}, "missing_lines": [893, 894, 895, 896, 897, 898, 900, 913, 914, 915, 916, 917, 918, 919, 920], "excluded_lines": [], "start_line": 892}, "_mjcf_site_frame_from_xml.visit_body": {"executed_lines": [], "summary": {"covered_lines": 0, "num_statements": 11, "percent_covered": 0.0, "percent_covered_display": "0", "missing_lines": 11, "excluded_lines": 0, "percent_statements_covered": 0.0, "percent_statements_covered_display": "0"}, "missing_lines": [901, 902, 903, 904, 905, 906, 907, 908, 909, 910, 911], "excluded_lines": [], "start_line": 900}, "_mujoco_compiled_site_frame": {"executed_lines": [], "summary": {"covered_lines": 0, "num_statements": 9, "percent_covered": 0.0, "percent_covered_display": "0", "missing_lines": 9, "excluded_lines": 0, "percent_statements_covered": 0.0, "percent_statements_covered_display": "0"}, "missing_lines": [924, 925, 926, 927, 928, 930, 931, 932, 933], "excluded_lines": [], "start_line": 923}, "_xml_vec": {"executed_lines": [], "summary": {"covered_lines": 0, "num_statements": 6, "percent_covered": 0.0, "percent_covered_display": "0", "missing_lines": 6, "excluded_lines": 0, "percent_statements_covered": 0.0, "percent_statements_covered_display": "0"}, "missing_lines": [937, 938, 939, 940, 941, 942], "excluded_lines": [], "start_line": 936}, "_xml_quat_xyzw": {"executed_lines": [], "summary": {"covered_lines": 0, "num_statements": 5, "percent_covered": 0.0, "percent_covered_display": "0", "missing_lines": 5, "excluded_lines": 0, "percent_statements_covered": 0.0, "percent_statements_covered_display": "0"}, "missing_lines": [946, 947, 948, 949, 950], "excluded_lines": [], "start_line": 945}, "": {"executed_lines": [3, 5, 6, 7, 8, 9, 10, 11, 12, 14, 15, 16, 18, 19, 22, 29, 39, 42, 43, 44, 45, 46, 47, 48, 49, 50, 51, 52, 54, 68, 69, 70, 71, 72, 75, 76, 77, 78, 79, 80, 81, 82, 83, 84, 85, 87, 91, 92, 93, 94, 104, 110, 113, 149, 150, 153, 154, 157, 158, 161, 164, 167, 173, 183, 191, 194, 209, 217, 221, 226, 229, 243, 254, 257, 265, 268, 273, 281, 287, 298, 309, 316, 346, 371, 385, 393, 394, 395, 396, 399, 410, 458, 487, 505, 511, 514, 557, 558, 561, 562, 565, 566, 569, 572, 575, 604, 616, 624, 627, 662, 668, 673, 676, 689, 700, 703, 711, 714, 719, 727, 733, 747, 752, 757, 762, 797, 828, 840, 848, 861, 871, 877, 881, 892, 923, 936, 945], "summary": {"covered_lines": 137, "num_statements": 137, "percent_covered": 100.0, "percent_covered_display": "100", "missing_lines": 0, "excluded_lines": 3, "percent_statements_covered": 100.0, "percent_statements_covered_display": "100"}, "missing_lines": [], "excluded_lines": [95, 102, 103], "start_line": 1}}, "classes": {"SemanticSite": {"executed_lines": [], "summary": {"covered_lines": 0, "num_statements": 1, "percent_covered": 0.0, "percent_covered_display": "0", "missing_lines": 1, "excluded_lines": 0, "percent_statements_covered": 0.0, "percent_statements_covered_display": "0"}, "missing_lines": [55], "excluded_lines": [], "start_line": 43}, "RobotKinematicState": {"executed_lines": [], "summary": {"covered_lines": 0, "num_statements": 0, "percent_covered": 100.0, "percent_covered_display": "100", "missing_lines": 0, "excluded_lines": 0, "percent_statements_covered": 100.0, "percent_statements_covered_display": "100"}, "missing_lines": [], "excluded_lines": [], "start_line": 69}, "CoordinateInfo": {"executed_lines": [], "summary": {"covered_lines": 0, "num_statements": 1, "percent_covered": 0.0, "percent_covered_display": "0", "missing_lines": 1, "excluded_lines": 0, "percent_statements_covered": 0.0, "percent_statements_covered_display": "0"}, "missing_lines": [88], "excluded_lines": [], "start_line": 76}, "RuntimeRobotModelAdapter": {"executed_lines": [], "summary": {"covered_lines": 0, "num_statements": 0, "percent_covered": 100.0, "percent_covered_display": "100", "missing_lines": 0, "excluded_lines": 6, "percent_statements_covered": 100.0, "percent_statements_covered_display": "100"}, "missing_lines": [], "excluded_lines": [96, 97, 98, 99, 100, 101], "start_line": 91}, "MuJoCoRuntimeModelAdapter": {"executed_lines": [], "summary": {"covered_lines": 0, "num_statements": 153, "percent_covered": 0.0, "percent_covered_display": "0", "missing_lines": 153, "excluded_lines": 0, "percent_statements_covered": 0.0, "percent_statements_covered_display": "0"}, "missing_lines": [114, 115, 116, 122, 123, 124, 125, 126, 130, 131, 132, 136, 137, 138, 139, 151, 155, 159, 162, 165, 168, 169, 170, 171, 174, 175, 176, 177, 184, 185, 186, 187, 188, 189, 192, 195, 196, 197, 198, 203, 210, 211, 212, 213, 214, 215, 218, 219, 222, 223, 224, 227, 230, 231, 232, 233, 234, 235, 236, 237, 238, 239, 240, 241, 244, 245, 246, 247, 248, 249, 250, 251, 252, 255, 258, 259, 260, 261, 262, 263, 266, 269, 270, 271, 274, 275, 276, 277, 278, 279, 282, 283, 284, 285, 288, 289, 290, 291, 292, 293, 294, 295, 296, 299, 300, 301, 302, 303, 304, 305, 306, 307, 310, 311, 312, 313, 314, 317, 318, 319, 320, 321, 322, 323, 324, 325, 326, 327, 328, 329, 330, 341, 342, 343, 344, 347, 348, 349, 350, 351, 352, 353, 354, 355, 356, 357, 363, 364, 365, 366, 367, 369, 372], "excluded_lines": [], "start_line": 110}, "_XmlPatchResult": {"executed_lines": [], "summary": {"covered_lines": 0, "num_statements": 0, "percent_covered": 100.0, "percent_covered_display": "100", "missing_lines": 0, "excluded_lines": 0, "percent_statements_covered": 100.0, "percent_statements_covered_display": "100"}, "missing_lines": [], "excluded_lines": [], "start_line": 394}, "NewtonRuntimeModelAdapter": {"executed_lines": [], "summary": {"covered_lines": 0, "num_statements": 221, "percent_covered": 0.0, "percent_covered_display": "0", "missing_lines": 221, "excluded_lines": 0, "percent_statements_covered": 0.0, "percent_statements_covered_display": "0"}, "missing_lines": [515, 517, 518, 519, 520, 526, 527, 528, 529, 530, 531, 532, 533, 534, 535, 536, 537, 538, 539, 540, 541, 542, 543, 544, 545, 546, 547, 559, 563, 567, 570, 573, 576, 577, 578, 579, 580, 581, 582, 583, 584, 585, 586, 587, 588, 589, 590, 591, 592, 593, 594, 595, 596, 597, 598, 599, 600, 601, 602, 605, 607, 608, 609, 610, 611, 612, 613, 614, 617, 618, 619, 620, 621, 622, 625, 628, 629, 630, 631, 632, 638, 643, 644, 645, 646, 647, 648, 649, 655, 660, 663, 664, 665, 666, 669, 670, 671, 674, 677, 678, 679, 680, 681, 682, 683, 684, 685, 686, 687, 690, 691, 692, 693, 694, 695, 696, 697, 698, 701, 704, 705, 706, 707, 708, 709, 712, 715, 716, 717, 720, 721, 722, 723, 724, 725, 728, 729, 730, 731, 734, 735, 736, 737, 738, 739, 740, 741, 742, 743, 744, 745, 748, 749, 750, 753, 754, 755, 758, 759, 760, 763, 764, 765, 766, 768, 769, 771, 772, 773, 774, 775, 776, 777, 778, 779, 780, 781, 782, 783, 789, 790, 791, 792, 793, 795, 798, 799, 800, 801, 802, 803, 804, 805, 806, 807, 808, 809, 810, 811, 812, 823, 824, 825, 826, 829, 830, 831, 832, 833, 834, 835, 836, 837, 838, 841, 842, 843, 844, 845, 846, 849], "excluded_lines": [], "start_line": 511}, "": {"executed_lines": [3, 5, 6, 7, 8, 9, 10, 11, 12, 14, 15, 16, 18, 19, 22, 29, 39, 42, 43, 44, 45, 46, 47, 48, 49, 50, 51, 52, 54, 68, 69, 70, 71, 72, 75, 76, 77, 78, 79, 80, 81, 82, 83, 84, 85, 87, 91, 92, 93, 94, 104, 110, 113, 149, 150, 153, 154, 157, 158, 161, 164, 167, 173, 183, 191, 194, 209, 217, 221, 226, 229, 243, 254, 257, 265, 268, 273, 281, 287, 298, 309, 316, 346, 371, 385, 393, 394, 395, 396, 399, 410, 458, 487, 505, 511, 514, 557, 558, 561, 562, 565, 566, 569, 572, 575, 604, 616, 624, 627, 662, 668, 673, 676, 689, 700, 703, 711, 714, 719, 727, 733, 747, 752, 757, 762, 797, 828, 840, 848, 861, 871, 877, 881, 892, 923, 936, 945], "summary": {"covered_lines": 137, "num_statements": 281, "percent_covered": 48.754448398576514, "percent_covered_display": "49", "missing_lines": 144, "excluded_lines": 3, "percent_statements_covered": 48.754448398576514, "percent_statements_covered_display": "49"}, "missing_lines": [105, 106, 107, 386, 387, 388, 389, 390, 400, 401, 402, 403, 404, 405, 406, 407, 411, 412, 413, 414, 415, 416, 417, 418, 419, 420, 421, 430, 431, 432, 433, 434, 435, 436, 437, 438, 439, 440, 441, 442, 443, 453, 454, 455, 459, 460, 461, 462, 463, 464, 465, 466, 467, 468, 469, 470, 471, 472, 473, 482, 483, 484, 488, 489, 490, 491, 492, 493, 494, 495, 496, 497, 498, 499, 500, 501, 502, 506, 508, 862, 863, 864, 865, 866, 867, 868, 872, 873, 874, 878, 882, 883, 884, 885, 886, 887, 888, 889, 893, 894, 895, 896, 897, 898, 900, 901, 902, 903, 904, 905, 906, 907, 908, 909, 910, 911, 913, 914, 915, 916, 917, 918, 919, 920, 924, 925, 926, 927, 928, 930, 931, 932, 933, 937, 938, 939, 940, 941, 942, 946, 947, 948, 949, 950], "excluded_lines": [95, 102, 103], "start_line": 1}}}, "soma_retargeter/robotics/v3/model_conversion.py": {"executed_lines": [3, 5, 6, 8, 9, 11, 12, 13, 14, 15, 16, 17, 20, 26, 27, 28, 37, 72, 78, 89, 194, 208, 228, 258, 298, 315, 354, 375, 388, 434, 466, 495, 520, 589, 604, 612, 616, 622, 627], "summary": {"covered_lines": 39, "num_statements": 300, "percent_covered": 13.0, "percent_covered_display": "13", "missing_lines": 261, "excluded_lines": 0, "percent_statements_covered": 13.0, "percent_statements_covered_display": "13"}, "missing_lines": [50, 51, 52, 53, 54, 55, 56, 57, 68, 69, 73, 74, 75, 79, 102, 103, 104, 105, 106, 107, 108, 109, 110, 111, 112, 113, 115, 116, 117, 118, 119, 120, 121,
[...]
excluded_lines": [], "start_line": 229}, "test_missing_verified_semantic_map_is_semantic_failed_without_inference": {"executed_lines": [238, 239, 240, 245, 248, 250, 251, 253, 254, 255, 256, 257, 258, 259, 260], "summary": {"covered_lines": 15, "num_statements": 15, "percent_covered": 100.0, "percent_covered_display": "100", "missing_lines": 0, "excluded_lines": 0, "percent_statements_covered": 100.0, "percent_statements_covered_display": "100"}, "missing_lines": [], "excluded_lines": [], "start_line": 237}, "test_missing_verified_semantic_map_is_semantic_failed_without_inference.fail_if_compiled": {"executed_lines": [], "summary": {"covered_lines": 0, "num_statements": 1, "percent_covered": 0.0, "percent_covered_display": "0", "missing_lines": 1, "excluded_lines": 0, "percent_statements_covered": 0.0, "percent_statements_covered_display": "0"}, "missing_lines": [246], "excluded_lines": [], "start_line": 245}, "test_profile_failures_are_classified_and_keep_source_hash": {"executed_lines": [264, 265, 266, 267, 268, 269, 273, 277, 285, 286, 289, 304, 307, 309, 311, 312, 313, 314, 315, 316, 320, 321, 322, 323, 324, 325, 326, 327], "summary": {"covered_lines": 28, "num_statements": 28, "percent_covered": 100.0, "percent_covered_display": "100", "missing_lines": 0, "excluded_lines": 0, "percent_statements_covered": 100.0, "percent_statements_covered_display": "100"}, "missing_lines": [], "excluded_lines": [], "start_line": 263}, "test_profile_failures_are_classified_and_keep_source_hash.FakeProfile.__init__": {"executed_lines": [287], "summary": {"covered_lines": 1, "num_statements": 1, "percent_covered": 100.0, "percent_covered_display": "100", "missing_lines": 0, "excluded_lines": 0, "percent_statements_covered": 100.0, "percent_statements_covered_display": "100"}, "missing_lines": [], "excluded_lines": [], "start_line": 286}, "test_profile_failures_are_classified_and_keep_source_hash.FakeProfile.to_json": {"executed_lines": [290], "summary": {"covered_lines": 1, "num_statements": 1, "percent_covered": 100.0, "percent_covered_display": "100", "missing_lines": 0, "excluded_lines": 0, "percent_statements_covered": 100.0, "percent_statements_covered_display": "100"}, "missing_lines": [], "excluded_lines": [], "start_line": 289}, "test_profile_failures_are_classified_and_keep_source_hash.fake_compile": {"executed_lines": [305], "summary": {"covered_lines": 1, "num_statements": 1, "percent_covered": 100.0, "percent_covered_display": "100", "missing_lines": 0, "excluded_lines": 0, "percent_statements_covered": 100.0, "percent_statements_covered_display": "100"}, "missing_lines": [], "excluded_lines": [], "start_line": 304}, "test_numerical_stability_gate_failure_is_algorithm_failed": {"executed_lines": [331, 332, 333, 334, 339, 340, 343, 346, 348, 349, 350, 352, 353, 354, 355, 356, 357, 358, 359, 360, 361, 362], "summary": {"covered_lines": 22, "num_statements": 22, "percent_covered": 100.0, "percent_covered_display": "100", "missing_lines": 0, "excluded_lines": 0, "percent_statements_covered": 100.0, "percent_statements_covered_display": "100"}, "missing_lines": [], "excluded_lines": [], "start_line": 330}, "test_numerical_stability_gate_failure_is_algorithm_failed.FakeProfile.to_json": {"executed_lines": [341], "summary": {"covered_lines": 1, "num_statements": 1, "percent_covered": 100.0, "percent_covered_display": "100", "missing_lines": 0, "excluded_lines": 0, "percent_statements_covered": 100.0, "percent_statements_covered_display": "100"}, "missing_lines": [], "excluded_lines": [], "start_line": 340}, "test_numerical_stability_gate_failure_is_algorithm_failed.fake_compile": {"executed_lines": [344], "summary": {"covered_lines": 1, "num_statements": 1, "percent_covered": 100.0, "percent_covered_display": "100", "missing_lines": 0, "excluded_lines": 0, "percent_statements_covered": 100.0, "percent_statements_covered_display": "100"}, "missing_lines": [], "excluded_lines": [], "start_line": 343}, "test_partial_profile_with_failed_epsilon_stability_is_not_partial_passed": {"executed_lines": [369, 370, 371, 372, 377, 378, 383, 386, 388, 389, 391, 392, 393, 394], "summary": {"covered_lines": 14, "num_statements": 14, "percent_covered": 100.0, "percent_covered_display": "100", "missing_lines": 0, "excluded_lines": 0, "percent_statements_covered": 100.0, "percent_statements_covered_display": "100"}, "missing_lines": [], "excluded_lines": [], "start_line": 368}, "test_partial_profile_with_failed_epsilon_stability_is_not_partial_passed.FakeProfile.to_json": {"executed_lines": [379, 380, 381], "summary": {"covered_lines": 3, "num_statements": 3, "percent_covered": 100.0, "percent_covered_display": "100", "missing_lines": 0, "excluded_lines": 0, "percent_statements_covered": 100.0, "percent_statements_covered_display": "100"}, "missing_lines": [], "excluded_lines": [], "start_line": 378}, "test_partial_profile_with_failed_epsilon_stability_is_not_partial_passed.fake_compile": {"executed_lines": [384], "summary": {"covered_lines": 1, "num_statements": 1, "percent_covered": 100.0, "percent_covered_display": "100", "missing_lines": 0, "excluded_lines": 0, "percent_statements_covered": 100.0, "percent_statements_covered_display": "100"}, "missing_lines": [], "excluded_lines": [], "start_line": 383}, "test_verified_semantic_map_path_is_loaded_without_inference": {"executed_lines": [398, 399, 400, 401, 413, 417, 419, 420, 422, 437, 443, 445, 446, 447, 449, 450, 451, 452, 453], "summary": {"covered_lines": 19, "num_statements": 19, "percent_covered": 100.0, "percent_covered_display": "100", "missing_lines": 0, "excluded_lines": 0, "percent_statements_covered": 100.0, "percent_statements_covered_display": "100"}, "missing_lines": [], "excluded_lines": [], "start_line": 397}, "test_verified_semantic_map_path_is_loaded_without_inference.FakeProfile.to_json": {"executed_lines": [423], "summary": {"covered_lines": 1, "num_statements": 1, "percent_covered": 100.0, "percent_covered_display": "100", "missing_lines": 0, "excluded_lines": 0, "percent_statements_covered": 100.0, "percent_statements_covered_display": "100"}, "missing_lines": [], "excluded_lines": [], "start_line": 422}, "test_verified_semantic_map_path_is_loaded_without_inference.fake_compile": {"executed_lines": [438, 439, 440, 441], "summary": {"covered_lines": 4, "num_statements": 4, "percent_covered": 100.0, "percent_covered_display": "100", "missing_lines": 0, "excluded_lines": 0, "percent_statements_covered": 100.0, "percent_statements_covered_display": "100"}, "missing_lines": [], "excluded_lines": [], "start_line": 437}, "test_cross_format_and_deterministic_scaffolds_are_written": {"executed_lines": [457, 466, 467, 475, 477, 478, 479, 481, 482, 483, 484, 485, 486, 487, 488, 489, 490], "summary": {"covered_lines": 17, "num_statements": 17, "percent_covered": 100.0, "percent_covered_display": "100", "missing_lines": 0, "excluded_lines": 0, "percent_statements_covered": 100.0, "percent_statements_covered_display": "100"}, "missing_lines": [], "excluded_lines": [], "start_line": 456}, "test_cross_format_same_source_gate_records_incomplete_evidence_from_validation_check": {"executed_lines": [494, 522, 523, 531, 533, 534, 535, 536, 537, 538, 539, 540, 541, 542, 545, 546], "summary": {"covered_lines": 16, "num_statements": 16, "percent_covered": 100.0, "percent_covered_display": "100", "missing_lines": 0, "excluded_lines": 0, "percent_statements_covered": 100.0, "percent_statements_covered_display": "100"}, "missing_lines": [], "excluded_lines": [], "start_line": 493}, "test_cross_format_same_source_gate_passes_only_complete_evidence": {"executed_lines": [550, 566, 583, 589, 590, 591, 592, 593, 594], "summary": {"covered_lines": 9, "num_statements": 9, "percent_covered": 100.0, "percent_covered_display": "100", "missing_lines": 0, "excluded_lines": 0, "percent_statements_covered": 100.0, "percent_statements_covered_display": "100"}, "missing_lines": [], "excluded_lines": [], "start_line": 549}, "_unstable_epsilon_profile_payload": {"executed_lines": [598], "summary": {"covered_lines": 1, "num_statements": 1, "percent_covered": 100.0, "percent_covered_display": "100", "missing_lines": 0, "excluded_lines": 0, "percent_statements_covered": 100.0, "percent_statements_covered_display": "100"}, "missing_lines": [], "excluded_lines": [], "start_line": 597}, "": {"executed_lines": [1, 3, 4, 6, 7, 8, 9, 12, 24, 41, 59, 94, 108, 129, 144, 162, 196, 229, 237, 263, 330, 368, 397, 456, 493, 549, 597], "summary": {"covered_lines": 27, "num_statements": 27, "percent_covered": 100.0, "percent_covered_display": "100", "missing_lines": 0, "excluded_lines": 0, "percent_statements_covered": 100.0, "percent_statements_covered_display": "100"}, "missing_lines": [], "excluded_lines": [], "start_line": 1}}, "classes": {"test_profile_failures_are_classified_and_keep_source_hash.FakeProfile": {"executed_lines": [287, 290], "summary": {"covered_lines": 2, "num_statements": 2, "percent_covered": 100.0, "percent_covered_display": "100", "missing_lines": 0, "excluded_lines": 0, "percent_statements_covered": 100.0, "percent_statements_covered_display": "100"}, "missing_lines": [], "excluded_lines": [], "start_line": 285}, "test_numerical_stability_gate_failure_is_algorithm_failed.FakeProfile": {"executed_lines": [341], "summary": {"covered_lines": 1, "num_statements": 1, "percent_covered": 100.0, "percent_covered_display": "100", "missing_lines": 0, "excluded_lines": 0, "percent_statements_covered": 100.0, "percent_statements_covered_display": "100"}, "missing_lines": [], "excluded_lines": [], "start_line": 339}, "test_partial_profile_with_failed_epsilon_stability_is_not_partial_passed.FakeProfile": {"executed_lines": [379, 380, 381], "summary": {"covered_lines": 3, "num_statements": 3, "percent_covered": 100.0, "percent_covered_display": "100", "missing_lines": 0, "excluded_lines": 0, "percent_statements_covered": 100.0, "percent_statements_covered_display": "100"}, "missing_lines": [], "excluded_lines": [], "start_line": 377}, "test_verified_semantic_map_path_is_loaded_without_inference.FakeProfile": {"executed_lines": [423], "summary": {"covered_lines": 1, "num_statements": 1, "percent_covered": 100.0, "percent_covered_display": "100", "missing_lines": 0, "excluded_lines": 0, "percent_statements_covered": 100.0, "percent_statements_covered_display": "100"}, "missing_lines": [], "excluded_lines": [], "start_line": 419}, "": {"executed_lines": [1, 3, 4, 6, 7, 8, 9, 12, 13, 20, 21, 24, 25, 37, 38, 41, 42, 56, 59, 60, 73, 75, 76, 77, 78, 79, 80, 81, 82, 83, 84, 85, 86, 87, 88, 89, 90, 91, 94, 95, 105, 108, 109, 110, 111, 116, 117, 119, 120, 121, 122, 123, 124, 125, 126, 129, 130, 135, 137, 138, 139, 140, 141, 144, 145, 150, 152, 157, 158, 159, 162, 163, 164, 165, 166, 171, 172, 174, 176, 177, 179, 180, 181, 182, 183, 184, 185, 186, 187, 188, 189, 190, 191, 192, 193, 196, 197, 198, 199, 200, 201, 206, 207, 209, 210, 212, 213, 214, 220, 221, 222, 223, 224, 225, 226, 229, 230, 232, 233, 234, 237, 238, 239, 240, 245, 248, 250, 251, 253, 254, 255, 256, 257, 258, 259, 260, 263, 264, 265, 266, 267, 268, 269, 273, 277, 285, 286, 289, 304, 305, 307, 309, 311, 312, 313, 314, 315, 316, 320, 321, 322, 323, 324, 325, 326, 327, 330, 331, 332, 333, 334, 339, 340, 343, 344, 346, 348, 349, 350, 352, 353, 354, 355, 356, 357, 358, 359, 360, 361, 362, 368, 369, 370, 371, 372, 377, 378, 383, 384, 386, 388, 389, 391, 392, 393, 394, 397, 398, 399, 400, 401, 413, 417, 419, 420, 422, 437, 438, 439, 440, 441, 443, 445, 446, 447, 449, 450, 451, 452, 453, 456, 457, 466, 467, 475, 477, 478, 479, 481, 482, 483, 484, 485, 486, 487, 488, 489, 490, 493, 494, 522, 523, 531, 533, 534, 535, 536, 537, 538, 539, 540, 541, 542, 545, 546, 549, 550, 566, 583, 589, 590, 591, 592, 593, 594, 597, 598], "summary": {"covered_lines": 277, "num_statements": 278, "percent_covered": 99.64028776978417, "percent_covered_display": "99", "missing_lines": 1, "excluded_lines": 0, "percent_statements_covered": 99.64028776978417, "percent_statements_covered_display": "99"}, "missing_lines": [246], "excluded_lines": [], "start_line": 1}}}, "tests/v3/test_robot_zoo_source_resolution_local_cache.py": {"executed_lines": [1, 3, 4, 5, 7, 10, 11, 27, 28, 29, 30, 31, 50, 61, 62, 63, 64, 65, 66, 68, 70, 71, 72, 73, 74, 77, 78, 79, 80, 83, 93, 94, 96, 98, 99, 100, 101, 104, 105, 106, 107, 108, 109, 110, 111, 126, 128, 129, 130, 133, 134, 135, 136, 137, 138, 140, 142, 143], "summary": {"covered_lines": 58, "num_statements": 58, "percent_covered": 100.0, "percent_covered_display": "100", "missing_lines": 0, "excluded_lines": 0, "percent_statements_covered": 100.0, "percent_statements_covered_display": "100"}, "missing_lines": [], "excluded_lines": [], "functions": {"_robot_descriptions_entry": {"executed_lines": [11], "summary": {"covered_lines": 1, "num_statements": 1, "percent_covered": 100.0, "percent_covered_display": "100", "missing_lines": 0, "excluded_lines": 0, "percent_statements_covered": 100.0, "percent_statements_covered_display": "100"}, "missing_lines": [], "excluded_lines": [], "start_line": 10}, "test_robot_descriptions_no_fetch_resolves_declared_local_cache_without_import": {"executed_lines": [28, 29, 30, 31, 50, 61, 62, 63, 64, 65, 66, 68, 70, 71, 72, 73, 74], "summary": {"covered_lines": 17, "num_statements": 17, "percent_covered": 100.0, "percent_covered_display": "100", "missing_lines": 0, "excluded_lines": 0, "percent_statements_covered": 100.0, "percent_statements_covered_display": "100"}, "missing_lines": [], "excluded_lines": [], "start_line": 27}, "test_robot_descriptions_no_fetch_preserves_unavailable_for_missing_declared_file": {"executed_lines": [78, 79, 80, 83, 93, 94, 96, 98, 99, 100, 101], "summary": {"covered_lines": 11, "num_statements": 11, "percent_covered": 100.0, "percent_covered_display": "100", "missing_lines": 0, "excluded_lines": 0, "percent_statements_covered": 100.0, "percent_statements_covered_display": "100"}, "missing_lines": [], "excluded_lines": [], "start_line": 77}, "test_direct_menagerie_no_fetch_resolves_robot_descriptions_cache": {"executed_lines": [105, 106, 107, 108, 109, 110, 111, 126, 128, 129, 130], "summary": {"covered_lines": 11, "num_statements": 11, "percent_covered": 100.0, "percent_covered_display": "100", "missing_lines": 0, "excluded_lines": 0, "percent_statements_covered": 100.0, "percent_statements_covered_display": "100"}, "missing_lines": [], "excluded_lines": [], "start_line": 104}, "test_cache_paths_are_displayed_without_absolute_user_paths": {"executed_lines": [134, 135, 136, 137, 138, 140, 142, 143], "summary": {"covered_lines": 8, "num_statements": 8, "percent_covered": 100.0, "percent_covered_display": "100", "missing_lines": 0, "excluded_lines": 0, "percent_statements_covered": 100.0, "percent_statements_covered_display": "100"}, "missing_lines": [], "excluded_lines": [], "start_line": 133}, "": {"executed_lines": [1, 3, 4, 5, 7, 10, 27, 77, 104, 133], "summary": {"covered_lines": 10, "num_statements": 10, "percent_covered": 100.0, "percent_covered_display": "100", "missing_lines": 0, "excluded_lines": 0, "percent_statements_covered": 100.0, "percent_statements_covered_display": "100"}, "missing_lines": [], "excluded_lines": [], "start_line": 1}}, "classes": {"": {"executed_lines": [1, 3, 4, 5, 7, 10, 11, 27, 28, 29, 30, 31, 50, 61, 62, 63, 64, 65, 66, 68, 70, 71, 72, 73, 74, 77, 78, 79, 80, 83, 93, 94, 96, 98, 99, 100, 101, 104, 105, 106, 107, 108, 109, 110, 111, 126, 128, 129, 130, 133, 134, 135, 136, 137, 138, 140, 142, 143], "summary": {"covered_lines": 58, "num_statements": 58, "percent_covered": 100.0, "percent_covered_display": "100", "missing_lines": 0, "excluded_lines": 0, "percent_statements_covered": 100.0, "percent_statements_covered_display": "100"}, "missing_lines": [], "excluded_lines": [], "start_line": 1}}}, "tests/v3/test_semantic_map_coverage_manifest.py": {"executed_lines": [1, 3, 4, 6, 7, 10, 11, 12, 19, 20, 21, 23, 24, 25, 26, 27, 28, 29, 30, 36, 37, 39, 41, 42, 45, 46, 47, 49, 50, 51, 52, 53, 61, 62, 63, 64, 66, 67, 70, 71, 72, 73, 74, 97, 103, 104, 105], "summary": {"covered_lines": 47, "num_statements": 47, "percent_covered": 100.0, "percent_covered_display": "100", "missing_lines": 0, "excluded_lines": 0, "percent_statements_covered": 100.0, "percent_statements_covered_display": "100"}, "missing_lines": [], "excluded_lines": [], "functions": {"_manifest_positive_humanoid_ids": {"executed_lines": [11, 12], "summary": {"covered_lines": 2, "num_statements": 2, "percent_covered": 100.0, "percent_covered_display": "100", "missing_lines": 0, "excluded_lines": 0, "percent_statements_covered": 100.0, "percent_statements_covered_display": "100"}, "missing_lines": [], "excluded_lines": [], "start_line": 10}, "test_manifest_positive_semantic_map_coverage_is_structured": {"executed_lines": [20, 21, 23, 24, 25, 26, 27, 28, 29, 30], "summary": {"covered_lines": 10, "num_statements": 10, "percent_covered": 100.0, "percent_covered_display": "100", "missing_lines": 0, "excluded_lines": 0, "percent_statements_covered": 100.0, "percent_statements_covered_display": "100"}, "missing_lines": [], "excluded_lines": [], "start_line": 19}, "test_existing_manifest_semantic_maps_are_verified_payloads": {"executed_lines": [37, 39, 41, 42], "summary": {"covered_lines": 4, "num_statements": 4, "percent_covered": 100.0, "percent_covered_display": "100", "missing_lines": 0, "excluded_lines": 0, "percent_statements_covered": 100.0, "percent_statements_covered_display": "100"}, "missing_lines": [], "excluded_lines": [], "start_line": 36}, "test_available_positive_humanoids_have_verified_semantic_maps": {"executed_lines": [46, 47, 49, 50, 51, 52, 53], "summary": {"covered_lines": 7, "num_statements": 7, "percent_covered": 100.0, "percent_covered_display": "100", "missing_lines": 0, "excluded_lines": 0, "percent_statements_covered": 100.0, "percent_statements_covered_display": "100"}, "missing_lines": [], "excluded_lines": [], "start_line": 45}, "test_unavailable_positive_humanoids_are_reported_separately_from_map_gate": {"executed_lines": [62, 63, 64, 66, 67], "summary": {"covered_lines": 5, "num_statements": 5, "percent_covered": 100.0, "percent_covered_display": "100", "missing_lines": 0, "excluded_lines": 0, "percent_statements_covered": 100.0, "percent_statements_covered_display": "100"}, "missing_lines": [], "excluded_lines": [], "start_line": 61}, "test_available_positive_humanoid_without_map_or_blocker_remains_a_gate_gap": {"executed_lines": [71, 72, 73, 74, 97, 103, 104, 105], "summary": {"covered_lines": 8, "num_statements": 8, "percent_covered": 100.0, "percent_covered_display": "100", "missing_lines": 0, "excluded_lines": 0, "percent_statements_covered": 100.0, "percent_statements_covered_display": "100"}, "missing_lines": [], "excluded_lines": [], "start_line": 70}, "": {"executed_lines": [1, 3, 4, 6, 7, 10, 19, 36, 45, 61, 70], "summary": {"covered_lines": 11, "num_statements": 11, "percent_covered": 100.0, "percent_covered_display": "100", "missing_lines": 0, "excluded_lines": 0, "percent_statements_covered": 100.0, "percent_statements_covered_display": "100"}, "missing_lines": [], "excluded_lines": [], "start_line": 1}}, "classes": {"": {"executed_lines": [1, 3, 4, 6, 7, 10, 11, 12, 19, 20, 21, 23, 24, 25, 26, 27, 28, 29, 30, 36, 37, 39, 41, 42, 45, 46, 47, 49, 50, 51, 52, 53, 61, 62, 63, 64, 66, 67, 70, 71, 72, 73, 74, 97, 103, 104, 105], "summary": {"covered_lines": 47, "num_statements": 47, "percent_covered": 100.0, "percent_covered_display": "100", "missing_lines": 0, "excluded_lines": 0, "percent_statements_covered": 100.0, "percent_statements_covered_display": "100"}, "missing_lines": [], "excluded_lines": [], "start_line": 1}}}}, "totals": {"covered_lines": 2495, "num_statements": 5473, "percent_covered": 45.5874291978805, "percent_covered_display": "46", "missing_lines": 2978, "excluded_lines": 11, "percent_statements_covered": 45.5874291978805, "percent_statements_covered_display": "46"}}