{"meta": {"format": 3, "version": "7.14.2", "timestamp": "2026-06-21T04:56:51.486891", "branch_coverage": false, "show_contexts": false}, "files": {"params.py": {"executed_lines": [13, 16, 17, 18, 19, 22, 28, 33, 40, 49], "summary": {"covered_lines": 10, "num_statements": 10, "percent_covered": 100.0, "percent_covered_display": "100", "missing_lines": 0, "excluded_lines": 0, "percent_statements_covered": 100.0, "percent_statements_covered_display": "100"}, "missing_lines": [], "excluded_lines": [], "functions": {"": {"executed_lines": [13, 16, 17, 18, 19, 22, 28, 33, 40, 49], "summary": {"covered_lines": 10, "num_statements": 10, "percent_covered": 100.0, "percent_covered_display": "100", "missing_lines": 0, "excluded_lines": 0, "percent_statements_covered": 100.0, "percent_statements_covered_display": "100"}, "missing_lines": [], "excluded_lines": [], "start_line": 1}}, "classes": {"": {"executed_lines": [13, 16, 17, 18, 19, 22, 28, 33, 40, 49], "summary": {"covered_lines": 10, "num_statements": 10, "percent_covered": 100.0, "percent_covered_display": "100", "missing_lines": 0, "excluded_lines": 0, "percent_statements_covered": 100.0, "percent_statements_covered_display": "100"}, "missing_lines": [], "excluded_lines": [], "start_line": 1}}}, "scripts/audit_retargeting_v3_step2.py": {"executed_lines": [8, 10, 11, 12, 13, 14, 15, 16, 17, 18, 19, 22, 23, 24, 25, 28, 38, 39, 45, 50, 67, 68, 74, 82, 104, 125, 126, 127, 128, 129, 130, 131, 134, 135, 136, 137, 138, 139, 140, 141, 142, 144, 145, 146, 148, 149, 150, 151, 154, 158, 159, 160, 162, 163, 164, 165, 166, 167, 168, 170, 171, 172, 173, 174, 175, 176, 177, 178, 179, 180, 181, 182, 183, 184, 185, 186, 187, 188, 189, 191, 192, 193, 194, 195, 206, 207, 208, 209, 210, 214, 215, 225, 226, 227, 228, 229, 230, 239, 253, 256, 257, 258, 259, 260, 261, 262, 263, 264, 265, 266, 267, 268, 269, 278, 288, 291, 292, 293, 294, 295, 296, 306, 309, 310, 311, 312, 313, 314, 315, 316, 327, 328, 329, 330, 331, 346, 349, 350, 351, 352, 354, 355, 356, 363, 364, 365, 366, 367, 368, 382, 383, 393, 396, 397, 398, 399, 400, 401, 402, 403, 413, 416, 417, 418, 419, 420, 421, 431, 434, 435, 436, 437, 438, 439, 454, 457, 458, 459, 460, 470, 471, 472, 482, 485, 486, 487, 488, 489, 490, 491, 492, 493, 502, 512, 515, 516, 517, 518, 519, 528, 529, 530, 546, 549, 568, 569, 570, 571, 572, 573, 582, 583, 584, 587, 597, 600, 601, 602, 603, 604, 614, 615, 616, 617, 627, 628, 629, 639, 642, 643, 644, 646, 647, 648, 650, 651, 652, 653, 654, 657, 666, 669, 670, 671, 672, 673, 691, 694, 695, 696, 697, 698, 699, 700, 714, 717, 718, 719, 720, 721, 722, 727, 728, 737, 740, 741, 742, 752, 761, 762, 763, 764, 774, 777, 778, 779, 785, 786, 787, 788, 789, 799, 800, 801, 802, 812, 815, 816, 817, 821, 822, 832, 833, 834, 835, 845, 846, 847, 857, 860, 861, 863, 866, 867, 869, 872, 873, 875, 878, 879, 880, 883, 886, 887, 888, 892, 893, 895, 896, 901, 902, 905, 906, 907, 908, 909, 910, 912, 913, 914, 917, 918, 919, 920, 921, 922, 924, 927, 928, 930, 931, 932, 933, 934, 935, 936, 937, 938, 939, 940, 941, 944, 945, 946, 947, 959, 960, 961, 962, 963, 964, 965, 966, 967, 968, 969, 970, 971, 972, 975, 976, 977, 987, 990, 1022, 1023, 1024, 1027, 1028, 1029, 1032, 1035, 1036, 1037, 1038, 1039, 1040, 1041, 1043, 1044, 1045, 1046, 1047, 1048, 1049, 1052, 1053, 1056], "summary": {"covered_lines": 398, "num_statements": 475, "percent_covered": 83.78947368421052, "percent_covered_display": "84", "missing_lines": 77, "excluded_lines": 0, "percent_statements_covered": 83.78947368421052, "percent_statements_covered_display": "84"}, "missing_lines": [216, 240, 279, 297, 317, 326, 353, 357, 358, 359, 360, 369, 384, 404, 422, 440, 461, 473, 503, 531, 532, 533, 557, 558, 559, 560, 561, 585, 586, 588, 605, 618, 630, 645, 649, 655, 656, 674, 675, 676, 677, 765, 790, 803, 823, 836, 848, 862, 868, 874, 881, 882, 889, 894, 897, 898, 911, 929, 985, 986, 991, 1001, 1002, 1003, 1004, 1005, 1006, 1007, 1008, 1016, 1017, 1018, 1019, 1030, 1031, 1050, 1057], "excluded_lines": [], "functions": {"AuditResult.blocking_findings": {"executed_lines": [146], "summary": {"covered_lines": 1, "num_statements": 1, "percent_covered": 100.0, "percent_covered_display": "100", "missing_lines": 0, "excluded_lines": 0, "percent_statements_covered": 100.0, "percent_statements_covered_display": "100"}, "missing_lines": [], "excluded_lines": [], "start_line": 145}, "AuditResult.to_json": {"executed_lines": [149, 150, 151], "summary": {"covered_lines": 3, "num_statements": 3, "percent_covered": 100.0, "percent_covered_display": "100", "missing_lines": 0, "excluded_lines": 0, "percent_statements_covered": 100.0, "percent_statements_covered_display": "100"}, "missing_lines": [], "excluded_lines": [], "start_line": 148}, "run_audit": {"executed_lines": [158, 159, 160, 162, 163, 164, 165, 166, 167, 168, 170, 171, 172, 173, 174, 175, 176, 177, 178, 179, 180, 181, 182, 183, 184, 185, 186, 187, 188, 189, 191, 192, 193, 194, 195], "summary": {"covered_lines": 35, "num_statements": 35, "percent_covered": 100.0, "percent_covered_display": "100", "missing_lines": 0, "excluded_lines": 0, "percent_statements_covered": 100.0, "percent_statements_covered_display": "100"}, "missing_lines": [], "excluded_lines": [], "start_line": 154}, "_audit_hardcoded_zero_calibration": {"executed_lines": [207, 208, 209, 210, 214, 215, 225, 226, 227, 228, 229, 230, 239, 253], "summary": {"covered_lines": 14, "num_statements": 16, "percent_covered": 87.5, "percent_covered_display": "88", "missing_lines": 2, "excluded_lines": 0, "percent_statements_covered": 87.5, "percent_statements_covered_display": "88"}, "missing_lines": [216, 240], "excluded_lines": [], "start_line": 206}, "_audit_neutral_projection_only": {"executed_lines": [257, 258, 259, 260, 261, 262, 263, 264, 265, 266, 267, 268, 269, 278, 288], "summary": {"covered_lines": 15, "num_statements": 16, "percent_covered": 93.75, "percent_covered_display": "94", "missing_lines": 1, "excluded_lines": 0, "percent_statements_covered": 93.75, "percent_statements_covered_display": "94"}, "missing_lines": [279], "excluded_lines": [], "start_line": 256}, "_audit_canonical_targets_projected": {"executed_lines": [292, 293, 294, 295, 296, 306], "summary": {"covered_lines": 6, "num_statements": 7, "percent_covered": 85.71428571428571, "percent_covered_display": "86", "missing_lines": 1, "excluded_lines": 0, "percent_statements_covered": 85.71428571428571, "percent_statements_covered_display": "86"}, "missing_lines": [297], "excluded_lines": [], "start_line": 291}, "_audit_canonical_motion_suite": {"executed_lines": [310, 311, 312, 313, 314, 315, 316, 327, 328, 329, 330, 331, 346], "summary": {"covered_lines": 13, "num_statements": 15, "percent_covered": 86.66666666666667, "percent_covered_display": "87", "missing_lines": 2, "excluded_lines": 0, "percent_statements_covered": 86.66666666666667, "percent_statements_covered_display": "87"}, "missing_lines": [317, 326], "excluded_lines": [], "start_line": 309}, "_canonical_motion_order": {"executed_lines": [350, 351, 352, 354, 355, 356], "summary": {"covered_lines": 6, "num_statements": 11, "percent_covered": 54.54545454545455, "percent_covered_display": "55", "missing_lines": 5, "excluded_lines": 0, "percent_statements_covered": 54.54545454545455, "percent_statements_covered_display": "55"}, "missing_lines": [353, 357, 358, 359, 360], "excluded_lines": [], "start_line": 349}, "_audit_rpo_zero_endpoint_sites": {"executed_lines": [364, 365, 366, 367, 368, 382, 383, 393], "summary": {"covered_lines": 8, "num_statements": 10, "percent_covered": 80.0, "percent_covered_display": "80", "missing_lines": 2, "excluded_lines": 0, "percent_statements_covered": 80.0, "percent_statements_covered_display": "80"}, "missing_lines": [369, 384], "excluded_lines": [], "start_line": 363}, "_audit_body_name_depth_heuristic": {"executed_lines": [397, 398, 399, 400, 401, 402, 403, 413], "summary": {"covered_lines": 8, "num_statements": 9, "percent_covered": 88.88888888888889, "percent_covered_display": "89", "missing_lines": 1, "excluded_lines": 0, "percent_statements_covered": 88.88888888888889, "percent_statements_covered_display": "89"}, "missing_lines": [404], "excluded_lines": [], "start_line": 396}, "_audit_talos_foot_mapping": {"executed_lines": [417, 418, 419, 420, 421, 431], "summary": {"covered_lines": 6, "num_statements": 7, "percent_covered": 85.71428571428571, "percent_covered_display": "86", "missing_lines": 1, "excluded_lines": 0, "percent_statements_covered": 85.71428571428571, "percent_statements_covered_display": "86"}, "missing_lines": [422], "excluded_lines": [], "start_line": 416}, "_audit_booster_hips_chest": {"executed_lines": [435, 436, 437, 438, 439, 454], "summary": {"covered_lines": 6, "num_statements": 7, "percent_covered": 85.71428571428571, "percent_covered_display": "86", "missing_lines": 1, "excluded_lines": 0, "percent_statements_covered": 85.71428571428571, "percent_statements_covered_display": "86"}, "missing_lines": [440], "excluded_lines": [], "start_line": 434}, "_audit_g1_equivalence": {"executed_lines": [458, 459, 460, 470, 471, 472, 482], "summary": {"covered_lines": 7, "num_statements": 9, "percent_covered": 77.77777777777777, "percent_covered_display": "78", "missing_lines": 2, "excluded_lines": 0, "percent_statements_covered": 77.77777777777777, "percent_statements_covered_display": "78"}, "missing_lines": [461, 473], "excluded_lines": [], "start_line": 457}, "_audit_cross_format_gates": {"executed_lines": [486, 487, 488, 489, 490, 491, 492, 493, 502, 512], "summary": {"covered_lines": 10, "num_statements": 11, "percent_covered": 90.9090909090909, "percent_covered_display": "91", "missing_lines": 1, "excluded_lines": 0, "percent_statements_covered": 90.9090909090909, "percent_statements_covered_display": "91"}, "missing_lines": [503], "excluded_lines": [], "start_line": 485}, "_audit_dirty_artifact_metadata": {"executed_lines": [516, 517, 518, 519, 528, 529, 530, 546], "summary": {"covered_lines": 8, "num_statements": 11, "percent_covered": 72.72727272727273, "percent_covered_display": "73", "missing_lines": 3, "excluded_lines": 0, "percent_statements_covered": 72.72727272727273, "percent_statements_covered_display": "73"}, "missing_lines": [531, 532, 533], "excluded_lines": [], "start_line": 515}, "_source_changes_since_artifact_head": {"executed_lines": [], "summary": {"covered_lines": 0, "num_statements": 5, "percent_covered": 0.0, "percent_covered_display": "0", "missing_lines": 5, "excluded_lines": 0, "percent_statements_covered": 0.0, "percent_statements_covered_display": "0"}, "missing_lines": [557, 558, 559, 560, 561], "excluded_lines": [], "start_line": 549}, "_audit_required_artifact_files": {"executed_lines": [569, 570, 571, 572, 573, 582, 583, 584, 587, 597], "summary": {"covered_lines": 10, "num_statements": 13, "percent_covered": 76.92307692307692, "percent_covered_display": "77", "missing_lines": 3, "excluded_lines": 0, "percent_statements_covered": 76.92307692307692, "percent_statements_covered_display": "77"}, "missing_lines": [585, 586, 588], "excluded_lines": [], "start_line": 568}, "_audit_absolute_paths": {"executed_lines": [601, 602, 603, 604, 614, 615, 616, 617, 627, 628, 629, 639], "summary": {"covered_lines": 12, "num_statements": 15, "percent_covered": 80.0, "percent_covered_display": "80", "missing_lines": 3, "excluded_lines": 0, "percent_statements_covered": 80.0, "percent_statements_covered_display": "80"}, "missing_lines": [605, 618, 630], "excluded_lines": [], "start_line": 600}, "_audit_artifact_absolute_paths": {"executed_lines": [643, 644, 646, 647, 648, 650, 651, 652, 653, 654, 657, 666], "summary": {"covered_lines": 12, "num_statements": 16, "percent_covered": 75.0, "percent_covered_display": "75", "missing_lines": 4, "excluded_lines": 0, "percent_statements_covered": 75.0, "percent_statements_covered_display": "75"}, "missing_lines": [645, 649, 655, 656], "excluded_lines": [], "start_line": 642}, "_audit_inferred_semantics_confidence": {"executed_lines": [670, 671, 672, 673, 691], "summary": {"covered_lines": 5, "num_statements": 9, "percent_covered": 55.55555555555556, "percent_covered_display": "56", "missing_lines": 4, "excluded_lines": 0, "percent_statements_covered": 55.55555555555556, "percent_statements_covered_display": "56"}, "missing_lines": [674, 675, 676, 677], "excluded_lines": [], "start_line": 669}, "_audit_rank_zero_false_pass": {"executed_lines": [695, 696, 697, 698, 699, 700, 714], "summary": {"covered_lines": 7, "num_statements": 7, "percent_covered": 100.0, "percent_covered_display": "100", "missing_lines": 0, "excluded_lines": 0, "percent_statements_covered": 100.0, "percent_statements_covered_display": "100"}, "missing_lines": [], "excluded_lines": [], "start_line": 694}, "_audit_epsilon_stability": {"executed_lines": [718, 719, 720, 721, 722, 727, 728, 737], "summary": {"covered_lines": 8, "num_statements": 8, "percent_covered": 100.0, "percent_covered_display": "100", "missing_lines": 0, "excluded_lines": 0, "percent_statements_covered": 100.0, "percent_statements_covered_display": "100"}, "missing_lines": [], "excluded_lines": [], "start_line": 717}, "_audit_robot_name_special_cases": {"executed_lines": [741, 742, 752, 761, 762, 763, 764, 774], "summary": {"covered_lines": 8, "num_statements": 9, "percent_covered": 88.88888888888889, "percent_covered_display": "89", "missing_lines": 1, "excluded_lines": 0, "percent_statements_covered": 88.88888888888889, "percent_statements_covered_display": "89"}, "missing_lines": [765], "excluded_lines": [], "start_line": 740}, "_audit_legacy_offsets": {"executed_lines": [778, 779, 785, 786, 787, 788, 789, 799, 800, 801, 802, 812], "summary": {"covered_lines": 12, "num_statements": 14, "percent_covered": 85.71428571428571, "percent_covered_display": "86", "missing_lines": 2, "excluded_lines": 0, "percent_statements_covered": 85.71428571428571, "percent_statements_covered_display": "86"}, "missing_lines": [790, 803], "excluded_lines": [], "start_line": 777}, "_audit_formal_red_team_artifacts": {"executed_lines": [816, 817, 821, 822, 832, 833, 834, 835, 845, 846, 847, 857], "summary": {"covered_lines": 12, "num_statements": 15, "percent_covered": 80.0, "percent_covered_display": "80", "missing_lines": 3, "excluded_lines": 0, "percent_statements_covered": 80.0, "percent_statements_covered_display": "80"}, "missing_lines": [823, 836, 848], "excluded_lines": [], "start_line": 815}, "_load_per_robot": {"executed_lines": [861, 863], "summary": {"covered_lines": 2, "num_statements": 3, "percent_covered": 66.66666666666667, "percent_covered_display": "67", "missing_lines": 1, "excluded_lines": 0, "percent_statements_covered": 66.66666666666667, "percent_statements_covered_display": "67"}, "missing_lines": [862], "excluded_lines": [], "start_line": 860}, "_read_json": {"executed_lines": [867, 869], "summary": {"covered_lines": 2, "num_statements": 3, "percent_covered": 66.66666666666667, "percent_covered_display": "67", "missing_lines": 1, "excluded_lines": 0, "percent_statements_covered": 66.66666666666667, "percent_statements_covered_display": "67"}, "missing_lines": [868], "excluded_lines": [], "start_line": 866}, "_read_text": {"executed_lines": [873, 875], "summary": {"covered_lines": 2, "num_statements": 3, "percent_covered": 66.66666666666667, "percent_covered_display": "67", "missing_lines": 1, "excluded_lines": 0, "percent_statements_covered": 66.66666666666667, "percent_statements_covered_display": "67"}, "missing_lines": [874], "excluded_lines": [], "start_line": 872}, "_is_zero": {"executed_lines": [879, 880, 883], "summary": {"covered_lines": 3, "num_statements": 5, "percent_covered": 60.0, "percent_covered_display": "60", "missing_lines": 2, "excluded_lines": 0, "percent_statements_covered": 60.0, "percent_statements_covered_display": "60"}, "missing_lines": [881, 882], "excluded_lines": [], "start_line": 878}, "_vector_is_zero": {"executed_lines": [887, 888], "summary": {"covered_lines": 2, "num_statements": 3, "percent_covered": 66.66666666666667, "percent_covered_display": "67", "missing_lines": 1, "excluded_lines": 0, "percent_statements_covered": 66.66666666666667, "percent_statements_covered_display": "67"}, "missing_lines": [889], "excluded_lines": [], "start_line": 886}, "_vectors_close": {"executed_lines": [893, 895, 896], "summary": {"covered_lines": 3, "num_statements": 6, "percent_covered": 50.0, "percent_covered_display": "50", "missing_lines": 3, "excluded_lines": 0, "percent_statements_covered": 50.0, "percent_statements_covered_display": "50"}, "missing_lines": [894, 897, 898], "excluded_lines": [], "start_line": 892}, "_absolute_local_hits": {"executed_lines": [902], "summary": {"covered_lines": 1, "num_statements": 1, "percent_covered": 100.0, "percent_covered_display": "100", "missing_lines": 0, "excluded_lines": 0, "percent_statements_covered": 100.0, "percent_statements_covered_display": "100"}, "missing_lines": [], "excluded_lines": [], "start_line": 901}, "_sanitize_audit_payload": {"executed_lines": [906, 907, 908, 909, 910, 912, 913, 914], "summary": {"covered_lines": 8, "num_statements": 9, "percent_covered": 88.88888888888889, "percent_covered_display": "89", "missing_lines": 1, "excluded_lines": 0, "percent_statements_covered": 88.88888888888889, "percent_statements_covered_display": "89"}, "missing_lines": [911], "excluded_lines": [], "start_line": 905}, "_sanitize_audit_string": {"executed_lines": [918, 924], "summary": {"covered_lines": 2, "num_statements": 2, "percent_covered": 100.0, "percent_covered_display": "100", "missing_lines": 0, "excluded_lines": 0, "percent_statements_covered": 100.0, "percent_statements_covered_display": "100"}, "missing_lines": [], "excluded_lines": [], "start_line": 917}, "_sanitize_audit_string.replace": {"executed_lines": [919, 920, 921, 922], "summary": {"covered_lines": 4, "num_statements": 4, "percent_covered": 100.0, "percent_covered_display": "100", "missing_lines": 0, "excluded_lines": 0, "percent_statements_covered": 100.0, "percent_statements_covered_display": "100"}, "missing_lines": [], "excluded_lines": [], "start_line": 918}, "_display_audit_path": {"executed_lines": [928, 930, 931, 932, 933, 934, 935, 936, 937, 938, 939, 940, 941], "summary": {"covered_lines": 13, "num_statements": 14, "percent_covered": 92.85714285714286, "percent_covered_display": "93", "missing_lines": 1, "excluded_lines": 0, "percent_statements_covered": 92.85714285714286, "percent_statements_covered_display": "93"}, "missing_lines": [929], "excluded_lines": [], "start_line": 927}, "_audit_placeholder_roots": {"executed_lines": [945, 946, 947], "summary": {"covered_lines": 3, "num_statements": 3, "percent_covered": 100.0, "percent_covered_display": "100", "missing_lines": 0, "excluded_lines": 0, "percent_statements_covered": 100.0, "percent_statements_covered_display": "100"}, "missing_lines": [], "excluded_lines": [], "start_line": 944}, "_walk_json": {"executed_lines": [960, 961, 962, 963, 964, 965, 966, 967, 968, 969, 970, 971, 972], "summary": {"covered_lines": 13, "num_statements": 13, "percent_covered": 100.0, "percent_covered_display": "100", "missing_lines": 0, "excluded_lines": 0, "percent_statements_covered": 100.0, "percent_statements_covered_display": "100"}, "missing_lines": [], "excluded_lines": [], "start_line": 959}, "_git": {"executed_lines": [976, 977, 987], "summary": {"covered_lines": 3, "num_statements": 5, "percent_covered": 60.0, "percent_covered_display": "60", "missing_lines": 2, "excluded_lines": 0, "percent_statements_covered": 60.0, "percent_statements_covered_display": "60"}, "missing_lines": [985, 986], "excluded_lines": [], "start_line": 975}, "write_junit": {"executed_lines": [], "summary": {"covered_lines": 0, "num_statements": 13, "percent_covered": 0.0, "percent_covered_display": "0", "missing_lines": 13, "excluded_lines": 0, "percent_statements_covered": 0.0, "percent_statements_covered_display": "0"}, "missing_lines": [991, 1001, 1002, 1003, 1004, 1005, 1006, 1007, 1008, 1016, 1017, 1018, 1019], "excluded_lines": [], "start_line": 990}, "_write_audit_json": {"executed_lines": [1023, 1024], "summary": {"covered_lines": 2, "num_statements": 2, "percent_covered": 100.0, "percent_covered_display": "100", "missing_lines": 0, "excluded_lines": 0, "percent_statements_covered": 100.0, "percent_statements_covered_display": "100"}, "missing_lines": [], "excluded_lines": [], "start_line": 1022}, "_is_required_artifact_output": {"executed_lines": [1028, 1029, 1032], "summary": {"covered_lines": 3, "num_statements": 5, "percent_covered": 60.0, "percent_covered_display": "60", "missing_lines": 2, "excluded_lines": 0, "percent_statements_covered": 60.0, "percent_statements_covered_display": "60"}, "missing_lines": [1030, 1031], "excluded_lines": [], "start_line": 1027}, "main": {"executed_lines": [1036, 1037, 1038, 1039, 1040, 1041, 1043, 1044, 1045, 1046, 1047, 1048, 1049, 1052, 1053], "summary": {"covered_lines": 15, "num_statements": 16, "percent_covered": 93.75, "percent_covered_display": "94", "missing_lines": 1, "excluded_lines": 0, "percent_statements_covered": 93.75, "percent_statements_covered_display": "94"}, "missing_lines": [1050], "excluded_lines": [], "start_line": 1035}, "": {"executed_lines": [8, 10, 11, 12, 13, 14, 15, 16, 17, 18, 19, 22, 23, 24, 25, 28, 38, 39, 45, 50, 67, 68, 74, 82, 104, 125, 126, 127, 128, 129, 130, 131, 134, 135, 136, 137, 138, 139, 140, 141, 142, 144, 145, 148, 154, 206, 256, 291, 309, 349, 363, 396, 416, 434, 457, 485, 515, 549, 568, 600, 642, 669, 694, 717, 740, 777, 815, 860, 866, 872, 878, 886, 892, 901, 905, 917, 927, 944, 959, 975, 990, 1022, 1027, 1035, 1056], "summary": {"covered_lines": 85, "num_statements": 86, "percent_covered": 98.83720930232558, "percent_covered_display": "99", "missing_lines": 1, "excluded_lines": 0, "percent_statements_covered": 98.83720930232558, "percent_statements_covered_display": "99"}, "missing_lines": [1057], "excluded_lines": [], "start_line": 1}}, "classes": {"Finding": {"executed_lines": [], "summary": {"covered_lines": 0, "num_statements": 0, "percent_covered": 100.0, "percent_covered_display": "100", "missing_lines": 0, "excluded_lines": 0, "percent_statements_covered": 100.0, "percent_statements_covered_display": "100"}, "missing_lines": [], "excluded_lines": [], "start_line": 126}, "AuditResult": {"executed_lines": [146, 149, 150, 151], "summary": {"covered_lines": 4, "num_statements": 4, "percent_covered": 100.0, "percent_covered_display": "100", "missing_lines": 0, "excluded_lines": 0, "percent_statements_covered": 100.0, "percent_statements_covered_display": "100"}, "missing_lines": [], "excluded_lines": [], "start_line": 135}, "": {"executed_lines": [8, 10, 11, 12, 13, 14, 15, 16, 17, 18, 19, 22, 23, 24, 25, 28, 38, 39, 45, 50, 67, 68, 74, 82, 104, 125, 126, 127, 128, 129, 130, 131, 134, 135, 136, 137, 138, 139, 140, 141, 142, 144, 145, 148, 154, 158, 159, 160, 162, 163, 164, 165, 166, 167, 168, 170, 171, 172, 173, 174, 175, 176, 177, 178, 179, 180, 181, 182, 183, 184, 185, 186, 187, 188, 189, 191, 192, 193, 194, 195, 206, 207, 208, 209, 210, 214, 215, 225, 226, 227, 228, 229, 230, 239, 253, 256, 257, 258, 259, 260, 261, 262, 263, 264, 265, 266, 267, 268, 269, 278, 288, 291, 292, 293, 294, 295, 296, 306, 309, 310, 311, 312, 313, 314, 315, 316, 327, 328, 329, 330, 331, 346, 349, 350, 351, 352, 354, 355, 356, 363, 364, 365, 366, 367, 368, 382, 383, 393, 396, 397, 398, 399, 400, 401, 402, 403, 413, 416, 417, 418, 419, 420, 421, 431, 434, 435, 436, 437, 438, 439, 454, 457, 458, 459, 460, 470, 471, 472, 482, 485, 486, 487, 488, 489, 490, 491, 492, 493, 502, 512, 515, 516, 517, 518, 519, 528, 529, 530, 546, 549, 568, 569, 570, 571, 572, 573, 582, 583, 584, 587, 597, 600, 601, 602, 603, 604, 614, 615, 616, 617, 627, 628, 629, 639, 642, 643, 644, 646, 647, 648, 650, 651, 652, 653, 654, 657, 666, 669, 670, 671, 672, 673, 691, 694, 695, 696, 697, 698, 699, 700, 714, 717, 718, 719, 720, 721, 722, 727, 728, 737, 740, 741, 742, 752, 761, 762, 763, 764, 774, 777, 778, 779, 785, 786, 787, 788, 789, 799, 800, 801, 802, 812, 815, 816, 817, 821, 822, 832, 833, 834, 835, 845, 846, 847, 857, 860, 861, 863, 866, 867, 869, 872, 873, 875, 878, 879, 880, 883, 886, 887, 888, 892, 893, 895, 896, 901, 902, 905, 906, 907, 908, 909, 910, 912, 913, 914, 917, 918, 919, 920, 921, 922, 924, 927, 928, 930, 931, 932, 933, 934, 935, 936, 937, 938, 939, 940, 941, 944, 945, 946, 947, 959, 960, 961, 962, 963, 964, 965, 966, 967, 968, 969, 970, 971, 972, 975, 976, 977, 987, 990, 1022, 1023, 1024, 1027, 1028, 1029, 1032, 1035, 1036, 1037, 1038, 1039, 1040, 1041, 1043, 1044, 1045, 1046, 1047, 1048, 1049, 1052, 1053, 1056], "summary": {"covered_lines": 394, "num_statements": 471, "percent_covered": 83.65180467091295, "percent_covered_display": "84", "missing_lines": 77, "excluded_lines": 0, "percent_statements_covered": 83.65180467091295, "percent_statements_covered_display": "84"}, "missing_lines": [216, 240, 279, 297, 317, 326, 353, 357, 358, 359, 360, 369, 384, 404, 422, 440, 461, 473, 503, 531, 532, 533, 557, 558, 559, 560, 561, 585, 586, 588, 605, 618, 630, 645, 649, 655, 656, 674, 675, 676, 677, 765, 790, 803, 823, 836, 848, 862, 868, 874, 881, 882, 889, 894, 897, 898, 911, 929, 985, 986, 991, 1001, 1002, 1003, 1004, 1005, 1006, 1007, 1008, 1016, 1017, 1018, 1019, 1030, 1031, 1050, 1057], "excluded_lines": [], "start_line": 1}}}, "soma_retargeter/__init__.py": {"executed_lines": [4], "summary": {"covered_lines": 1, "num_statements": 1, "percent_covered": 100.0, "percent_covered_display": "100", "missing_lines": 0, "excluded_lines": 0, "percent_statements_covered": 100.0, "percent_statements_covered_display": "100"}, "missing_lines": [], "excluded_lines": [], "functions": {"": {"executed_lines": [4], "summary": {"covered_lines": 1, "num_statements": 1, "percent_covered": 100.0, "percent_covered_display": "100", "missing_lines": 0, "excluded_lines": 0, "percent_statements_covered": 100.0, "percent_statements_covered_display": "100"}, "missing_lines": [], "excluded_lines": [], "start_line": 1}}, "classes": {"": {"executed_lines": [4], "summary": {"covered_lines": 1, "num_statements": 1, "percent_covered": 100.0, "percent_covered_display": "100", "missing_lines": 0, "excluded_lines": 0, "percent_statements_covered": 100.0, "percent_statements_covered_display": "100"}, "missing_lines": [], "excluded_lines": [], "start_line": 1}}}, "soma_retargeter/_version.py": {"executed_lines": [4], "summary": {"covered_lines": 1, "num_statements": 1, "percent_covered": 100.0, "percent_covered_display": "100", "missing_lines": 0, "excluded_lines": 0, "percent_statements_covered": 100.0, "percent_statements_covered_display": "100"}, "missing_lines": [], "excluded_lines": [], "functions": {"": {"executed_lines": [4], "summary": {"covered_lines": 1, "num_statements": 1, "percent_covered": 100.0, "percent_covered_display": "100", "missing_lines": 0, "excluded_lines": 0, "percent_statements_covered": 100.0, "percent_statements_covered_display": "100"}, "missing_lines": [], "excluded_lines": [], "start_line": 1}}, "classes": {"": {"executed_lines": [4], "summary": {"covered_lines": 1, "num_statements": 1, "percent_covered": 100.0, "percent_covered_display": "100", "missing_lines": 0, "excluded_lines": 0, "percent_statements_covered": 100.0, "percent_statements_covered_display": "100"}, "missing_lines": [], "excluded_lines": [], "start_line": 1}}}, "soma_retargeter/animation/__init__.py": {"executed_lines": [], "summary": {"covered_lines": 0, "num_statements": 0, "percent_covered": 100.0, "percent_covered_display": "100", "missing_lines": 0, "excluded_lines": 0, "percent_statements_covered": 100.0, "percent_statements_covered_display": "100"}, "missing_lines": [], "excluded_lines": [], "functions": {"": {"executed_lines": [], "summary": {"covered_lines": 0, "num_statements": 0, "percent_covered": 100.0, "percent_covered_display": "100", "missing_lines": 0, "excluded_lines": 0, "percent_statements_covered": 100.0, "percent_statements_covered_display": "100"}, "missing_lines": [], "excluded_lines": [], "start_line": 1}}, "classes": {"": {"executed_lines": [], "summary": {"covered_lines": 0, "num_statements": 0, "percent_covered": 100.0, "percent_covered_display": "100", "missing_lines": 0, "excluded_lines": 0, "percent_statements_covered": 100.0, "percent_statements_covered_display": "100"}, "missing_lines": [], "excluded_lines": [], "start_line": 1}}}, "soma_retargeter/animation/animation_buffer.py": {"executed_lines": [4, 5, 7, 8, 11, 19, 43, 58, 78, 96], "summary": {"covered_lines": 10, "num_statements": 38, "percent_covered": 26.31578947368421, "percent_covered_display": "26", "missing_lines": 28, "excluded_lines": 0, "percent_statements_covered": 26.31578947368421, "percent_statements_covered_display": "26"}, "missing_lines": [32, 33, 34, 36, 38, 39, 41, 53, 54, 56, 73, 74, 76, 88, 90, 91, 93, 110, 112, 115, 116, 119, 120, 122, 123, 124, 126, 128], "excluded_lines": [], "functions": {"AnimationBuffer.__init__": {"executed_lines": [], "summary": {"covered_lines": 0, "num_statements": 7, "percent_covered": 0.0, "percent_covered_display": "0", "missing_lines": 7, "excluded_lines": 0, "percent_statements_covered": 0.0, "percent_statements_covered_display": "0"}, "missing_lines": [32, 33, 34, 36, 38, 39, 41], "excluded_lines": [], "start_line": 19}, "AnimationBuffer.get_local_transforms": {"executed_lines": [], "summary": {"covered_lines": 0, "num_statements": 3, "percent_covered": 0.0, "percent_covered_display": "0", "missing_lines": 3, "excluded_lines": 0, "percent_statements_covered": 0.0, "percent_statements_covered_display": "0"}, "missing_lines": [53, 54, 56], "excluded_lines": [], "start_line": 43}, "AnimationBuffer.compute_global_transforms": {"executed_lines": [], "summary": {"covered_lines": 0, "num_statements": 3, "percent_covered": 0.0, "percent_covered_display": "0", "missing_lines": 3, "excluded_lines": 0, "percent_statements_covered": 0.0, "percent_statements_covered_display": "0"}, "missing_lines": [73, 74, 76], "excluded_lines": [], "start_line": 58}, "AnimationBuffer.sample": {"executed_lines": [], "summary": {"covered_lines": 0, "num_statements": 4, "percent_covered": 0.0, "percent_covered_display": "0", "missing_lines": 4, "excluded_lines": 0, "percent_statements_covered": 0.0, "percent_statements_covered_display": "0"}, "missing_lines": [88, 90, 91, 93], "excluded_lines": [], "start_line": 78}, "create_animation_buffer_for_skeleton": {"executed_lines": [], "summary": {"covered_lines": 0, "num_statements": 11, "percent_covered": 0.0, "percent_covered_display": "0", "missing_lines": 11, "excluded_lines": 0, "percent_statements_covered": 0.0, "percent_statements_covered_display": "0"}, "missing_lines": [110, 112, 115, 116, 119, 120, 122, 123, 124, 126, 128], "excluded_lines": [], "start_line": 96}, "": {"executed_lines": [4, 5, 7, 8, 11, 19, 43, 58, 78, 96], "summary": {"covered_lines": 10, "num_statements": 10, "percent_covered": 100.0, "percent_covered_display": "100", "missing_lines": 0, "excluded_lines": 0, "percent_statements_covered": 100.0, "percent_statements_covered_display": "100"}, "missing_lines": [], "excluded_lines": [], "start_line": 1}}, "classes": {"AnimationBuffer": {"executed_lines": [], "summary": {"covered_lines": 0, "num_statements": 17, "percent_covered": 0.0, "percent_covered_display": "0", "missing_lines": 17, "excluded_lines": 0, "percent_statements_covered": 0.0, "percent_statements_covered_display": "0"}, "missing_lines": [32, 33, 34, 36, 38, 39, 41, 53, 54, 56, 73, 74, 76, 88, 90, 91, 93], "excluded_lines": [], "start_line": 11}, "": {"executed_lines": [4, 5, 7, 8, 11, 19, 43, 58, 78, 96], "summary": {"covered_lines": 10, "num_statements": 21, "percent_covered": 47.61904761904762, "percent_covered_display": "48", "missing_lines": 11, "excluded_lines": 0, "percent_statements_covered": 47.61904761904762, "percent_statements_covered_display": "48"}, "missing_lines": [110, 112, 115, 116, 119, 120, 122, 123, 124, 126, 128], "excluded_lines": [], "start_line": 1}}}, "soma_retargeter/animation/skeleton.py": {"executed_lines": [4, 5, 7, 10, 15, 65, 83, 98, 114, 115, 124, 125, 137, 149, 156, 170, 179, 197, 215, 223, 243, 252, 253, 262, 263, 274, 275], "summary": {"covered_lines": 27, "num_statements": 77, "percent_covered": 35.064935064935064, "percent_covered_display": "35", "missing_lines": 50, "excluded_lines": 0, "percent_statements_covered": 35.064935064935064, "percent_statements_covered_display": "35"}, "missing_lines": [31, 32, 33, 35, 36, 38, 39, 44, 45, 50, 51, 52, 56, 58, 59, 63, 75, 76, 78, 79, 80, 81, 93, 94, 96, 109, 110, 112, 122, 135, 146, 165, 166, 167, 168, 177, 189, 190, 195, 207, 208, 213, 221, 235, 236, 241, 250, 260, 272, 282], "excluded_lines": [], "functions": {"Skeleton.__init__": {"executed_lines": [], "summary": {"covered_lines": 0, "num_statements": 16, "percent_covered": 0.0, "percent_covered_display": "0", "missing_lines": 16, "excluded_lines": 0, "percent_statements_covered": 0.0, "percent_statements_covered_display": "0"}, "missing_lines": [31, 32, 33, 35, 36, 38, 39, 44, 45, 50, 51, 52, 56, 58, 59, 63], "excluded_lines": [], "start_line": 15}, "Skeleton.joint_index": {"executed_lines": [], "summary": {"covered_lines": 0, "num_statements": 6, "percent_covered": 0.0, "percent_covered_display": "0", "missing_lines": 6, "excluded_lines": 0, "percent_statements_covered": 0.0, "percent_statements_covered_display": "0"}, "missing_lines": [75, 76, 78, 79, 80, 81], "excluded_lines": [], "start_line": 65}, "Skeleton.joint_name": {"executed_lines": [], "summary": {"covered_lines": 0, "num_statements": 3, "percent_covered": 0.0, "percent_covered_display": "0", "missing_lines": 3, "excluded_lines": 0, "percent_statements_covered": 0.0, "percent_statements_covered_display": "0"}, "missing_lines": [93, 94, 96], "excluded_lines": [], "start_line": 83}, "Skeleton.joint_parent": {"executed_lines": [], "summary": {"covered_lines": 0, "num_statements": 3, "percent_covered": 0.0, "percent_covered_display": "0", "missing_lines": 3, "excluded_lines": 0, "percent_statements_covered": 0.0, "percent_statements_covered_display": "0"}, "missing_lines": [109, 110, 112], "excluded_lines": [], "start_line": 98}, "Skeleton.num_joints": {"executed_lines": [], "summary": {"covered_lines": 0, "num_statements": 1, "percent_covered": 0.0, "percent_covered_display": "0", "missing_lines": 1, "excluded_lines": 0, "percent_statements_covered": 0.0, "percent_statements_covered_display": "0"}, "missing_lines": [122], "excluded_lines": [], "start_line": 115}, "Skeleton.reference_local_transforms": {"executed_lines": [], "summary": {"covered_lines": 0, "num_statements": 1, "percent_covered": 0.0, "percent_covered_display": "0", "missing_lines": 1, "excluded_lines": 0, "percent_statements_covered": 0.0, "percent_statements_covered_display": "0"}, "missing_lines": [135], "excluded_lines": [], "start_line": 125}, "Skeleton.compute_global_transforms": {"executed_lines": [], "summary": {"covered_lines": 0, "num_statements": 1, "percent_covered": 0.0, "percent_covered_display": "0", "missing_lines": 1, "excluded_lines": 0, "percent_statements_covered": 0.0, "percent_statements_covered_display": "0"}, "missing_lines": [146], "excluded_lines": [], "start_line": 137}, "SkeletonInstance.__init__": {"executed_lines": [], "summary": {"covered_lines": 0, "num_statements": 4, "percent_covered": 0.0, "percent_covered_display": "0", "missing_lines": 4, "excluded_lines": 0, "percent_statements_covered": 0.0, "percent_statements_covered_display": "0"}, "missing_lines": [165, 166, 167, 168], "excluded_lines": [], "start_line": 156}, "SkeletonInstance.reset_local_transforms": {"executed_lines": [], "summary": {"covered_lines": 0, "num_statements": 1, "percent_covered": 0.0, "percent_covered_display": "0", "missing_lines": 1, "excluded_lines": 0, "percent_statements_covered": 0.0, "percent_statements_covered_display": "0"}, "missing_lines": [177], "excluded_lines": [], "start_line": 170}, "SkeletonInstance.set_local_transforms": {"executed_lines": [], "summary": {"covered_lines": 0, "num_statements": 3, "percent_covered": 0.0, "percent_covered_display": "0", "missing_lines": 3, "excluded_lines": 0, "percent_statements_covered": 0.0, "percent_statements_covered_display": "0"}, "missing_lines": [189, 190, 195], "excluded_lines": [], "start_line": 179}, "SkeletonInstance.set_local_transform": {"executed_lines": [], "summary": {"covered_lines": 0, "num_statements": 3, "percent_covered": 0.0, "percent_covered_display": "0", "missing_lines": 3, "excluded_lines": 0, "percent_statements_covered": 0.0, "percent_statements_covered_display": "0"}, "missing_lines": [207, 208, 213], "excluded_lines": [], "start_line": 197}, "SkeletonInstance.get_local_transforms": {"executed_lines": [], "summary": {"covered_lines": 0, "num_statements": 1, "percent_covered": 0.0, "percent_covered_display": "0", "missing_lines": 1, "excluded_lines": 0, "percent_statements_covered": 0.0, "percent_statements_covered_display": "0"}, "missing_lines": [221], "excluded_lines": [], "start_line": 215}, "SkeletonInstance.get_local_transform": {"executed_lines": [], "summary": {"covered_lines": 0, "num_statements": 3, "percent_covered": 0.0, "percent_covered_display": "0", "missing_lines": 3, "excluded_lines": 0, "percent_statements_covered": 0.0, "percent_statements_covered_display": "0"}, "missing_lines": [235, 236, 241], "excluded_lines": [], "start_line": 223}, "SkeletonInstance.compute_global_transforms": {"executed_lines": [], "summary": {"covered_lines": 0, "num_statements": 1, "percent_covered": 0.0, "percent_covered_display": "0", "missing_lines": 1, "excluded_lines": 0, "percent_statements_covered": 0.0, "percent_statements_covered_display": "0"}, "missing_lines": [250], "excluded_lines": [], "start_line": 243}, "SkeletonInstance.num_joints": {"executed_lines": [], "summary": {"covered_lines": 0, "num_statements": 1, "percent_covered": 0.0, "percent_covered_display": "0", "missing_lines": 1, "excluded_lines": 0, "percent_statements_covered": 0.0, "percent_statements_covered_display": "0"}, "missing_lines": [260], "excluded_lines": [], "start_line": 253}, "SkeletonInstance.parent_indices": {"executed_lines": [], "summary": {"covered_lines": 0, "num_statements": 1, "percent_covered": 0.0, "percent_covered_display": "0", "missing_lines": 1, "excluded_lines": 0, "percent_statements_covered": 0.0, "percent_statements_covered_display": "0"}, "missing_lines": [272], "excluded_lines": [], "start_line": 263}, "SkeletonInstance.reference_local_transforms": {"executed_lines": [], "summary": {"covered_lines": 0, "num_statements": 1, "percent_covered": 0.0, "percent_covered_display": "0", "missing_lines": 1, "excluded_lines": 0, "percent_statements_covered": 0.0, "percent_statements_covered_display": "0"}, "missing_lines": [282], "excluded_lines": [], "start_line": 275}, "": {"executed_lines": [4, 5, 7, 10, 15, 65, 83, 98, 114, 115, 124, 125, 137, 149, 156, 170, 179, 197, 215, 223, 243, 252, 253, 262, 263, 274, 275], "summary": {"covered_lines": 27, "num_statements": 27, "percent_covered": 100.0, "percent_covered_display": "100", "missing_lines": 0, "excluded_lines": 0, "percent_statements_covered": 100.0, "percent_statements_covered_display": "100"}, "missing_lines": [], "excluded_lines": [], "start_line": 1}}, "classes": {"Skeleton": {"executed_lines": [], "summary": {"covered_lines": 0, "num_statements": 31, "percent_covered": 0.0, "percent_covered_display": "0", "missing_lines": 31, "excluded_lines": 0, "percent_statements_covered": 0.0, "percent_statements_covered_display": "0"}, "missing_lines": [31, 32, 33, 35, 36, 38, 39, 44, 45, 50, 51, 52, 56, 58, 59, 63, 75, 76, 78, 79, 80, 81, 93, 94, 96, 109, 110, 112, 122, 135, 146], "excluded_lines": [], "start_line": 10}, "SkeletonInstance": {"executed_lines": [], "summary": {"covered_lines": 0, "num_statements": 19, "percent_covered": 0.0, "percent_covered_display": "0", "missing_lines": 19, "excluded_lines": 0, "percent_statements_covered": 0.0, "percent_statements_covered_display": "0"}, "missing_lines": [165, 166, 167, 168, 177, 189, 190, 195, 207, 208, 213, 221, 235, 236, 241, 250, 260, 272, 282], "excluded_lines": [], "start_line": 149}, "": {"executed_lines": [4, 5, 7, 10, 15, 65, 83, 98, 114, 115, 124, 125, 137, 149, 156, 170, 179, 197, 215, 223, 243, 252, 253, 262, 263, 274, 275], "summary": {"covered_lines": 27, "num_statements": 27, "percent_covered": 100.0, "percent_covered_display": "100", "missing_lines": 0, "excluded_lines": 0, "percent_statements_covered": 100.0, "percent_statements_covered_display": "100"}, "missing_lines": [], "excluded_lines": [], "start_line": 1}}}, "soma_retargeter/assets/__init__.py": {"executed_lines": [1, 2], "summary": {"covered_lines": 2, "num_statements": 2, "percent_covered": 100.0, "percent_covered_display": "100", "missing_lines": 0, "excluded_lines": 0, "percent_statements_covered": 100.0, "percent_statements_covered_display": "100"}, "missing_lines": [], "excluded_lines": [], "functions": {"": {"executed_lines": [1, 2], "summary": {"covered_lines": 2, "num_statements": 2, "percent_covered": 100.0, "percent_covered_display": "100", "missing_lines": 0, "excluded_lines": 0, "percent_statements_covered": 100.0, "percent_statements_covered_display": "100"}, "missing_lines": [], "excluded_lines": [], "start_line": 1}}, "classes": {"": {"executed_lines": [1, 2], "summary": {"covered_lines": 2, "num_statements": 2, "percent_covered": 100.0, "percent_covered_display": "100", "missing_lines": 0, "excluded_lines": 0, "percent_statements_covered": 100.0, "percent_statements_covered_display": "100"}, "missing_lines": [], "excluded_lines": [], "start_line": 1}}}, "soma_retargeter/assets/bvh.py": {"executed_lines": [4, 5, 7, 8, 10, 11, 14, 15, 35, 36, 49, 50, 63, 64, 91, 113, 133, 146, 149, 157, 160, 163, 166, 169, 175, 184, 195, 196, 199, 200, 205, 206, 209, 210, 213, 214, 217, 218, 221, 222, 225, 226, 229, 230, 233, 234, 237, 238, 241, 242, 245, 246, 250, 251, 254, 255, 258, 262, 266, 269, 270, 355, 356, 367, 397, 398, 415, 416, 421, 422, 430, 431, 501, 502, 525], "summary": {"covered_lines": 75, "num_statements": 329, "percent_covered": 22.796352583586625, "percent_covered_display": "23", "missing_lines": 254, "excluded_lines": 0, "percent_statements_covered": 22.796352583586625, "percent_statements_covered_display": "23"}, "missing_lines": [21, 23, 24, 26, 27, 28, 30, 31, 32, 41, 42, 43, 44, 46, 56, 57, 58, 60, 76, 78, 79, 81, 83, 84, 86, 88, 94, 95, 96, 97, 99, 100, 102, 103, 104, 106, 107, 109, 110, 116, 117, 118, 119, 120, 121, 122, 124, 126, 127, 128, 130, 136, 137, 138, 139, 140, 141, 143, 150, 152, 154, 155, 158, 161, 164, 167, 170, 172, 185, 186, 187, 188, 189, 190, 191, 192, 193, 197, 201, 202, 203, 207, 211, 215, 219, 223, 227, 231, 235, 239, 243, 247, 248, 252, 256, 259, 260, 263, 273, 274, 277, 278, 279, 282, 283, 284, 286, 287, 288, 289, 290, 292, 293, 294, 295, 296, 297, 298, 299, 301, 302, 303, 304, 305, 306, 307, 308, 309, 311, 312, 314, 315, 316, 318, 319, 321, 322, 323, 324, 326, 327, 328, 329, 332, 333, 334, 335, 336, 339, 340, 341, 342, 344, 345, 346, 347, 348, 349, 350, 351, 353, 359, 361, 362, 363, 365, 371, 372, 374, 375, 377, 378, 379, 380, 382, 385, 390, 391, 392, 393, 395, 401, 403, 411, 412, 413, 419, 425, 426, 427, 428, 434, 435, 437, 438, 441, 443, 445, 446, 447, 448, 450, 451, 452, 453, 454, 455, 456, 458, 459, 460, 461, 462, 464, 465, 466, 467, 468, 470, 471, 472, 474, 475, 476, 477, 479, 480, 482, 494, 496, 497, 499, 505, 506, 508, 509, 510, 511, 512, 513, 514, 517, 518, 519, 521, 522, 540, 541, 542, 543, 548, 550, 551, 553], "excluded_lines": [], "functions": {"wp_axis_angle_to_quat_xyzw": {"executed_lines": [], "summary": {"covered_lines": 0, "num_statements": 9, "percent_covered": 0.0, "percent_covered_display": "0", "missing_lines": 9, "excluded_lines": 0, "percent_statements_covered": 0.0, "percent_statements_covered_display": "0"}, "missing_lines": [21, 23, 24, 26, 27, 28, 30, 31, 32], "excluded_lines": [], "start_line": 15}, "wp_get_quaternion_from_axis": {"executed_lines": [], "summary": {"covered_lines": 0, "num_statements": 5, "percent_covered": 0.0, "percent_covered_display": "0", "missing_lines": 5, "excluded_lines": 0, "percent_statements_covered": 0.0, "percent_statements_covered_display": "0"}, "missing_lines": [41, 42, 43, 44, 46], "excluded_lines": [], "start_line": 36}, "wp_euler_to_quaternion": {"executed_lines": [], "summary": {"covered_lines": 0, "num_statements": 4, "percent_covered": 0.0, "percent_covered_display": "0", "missing_lines": 4, "excluded_lines": 0, "percent_statements_covered": 0.0, "percent_statements_covered_display": "0"}, "missing_lines": [56, 57, 58, 60], "excluded_lines": [], "start_line": 50}, "wp_convert_frame_animation": {"executed_lines": [], "summary": {"covered_lines": 0, "num_statements": 8, "percent_covered": 0.0, "percent_covered_display": "0", "missing_lines": 8, "excluded_lines": 0, "percent_statements_covered": 0.0, "percent_statements_covered_display": "0"}, "missing_lines": [76, 78, 79, 81, 83, 84, 86, 88], "excluded_lines": [], "start_line": 64}, "axis_angle_to_quat_xyzw": {"executed_lines": [], "summary": {"covered_lines": 0, "num_statements": 13, "percent_covered": 0.0, "percent_covered_display": "0", "missing_lines": 13, "excluded_lines": 0, "percent_statements_covered": 0.0, "percent_statements_covered_display": "0"}, "missing_lines": [94, 95, 96, 97, 99, 100, 102, 103, 104, 106, 107, 109, 110], "excluded_lines": [], "start_line": 91}, "euler_to_quaternion": {"executed_lines": [], "summary": {"covered_lines": 0, "num_statements": 5, "percent_covered": 0.0, "percent_covered_display": "0", "missing_lines": 5, "excluded_lines": 0, "percent_statements_covered": 0.0, "percent_statements_covered_display": "0"}, "missing_lines": [116, 126, 127, 128, 130], "excluded_lines": [], "start_line": 113}, "euler_to_quaternion.get_quaternion_from_axis": {"executed_lines": [], "summary": {"covered_lines": 0, "num_statements": 7, "percent_covered": 0.0, "percent_covered_display": "0", "missing_lines": 7, "excluded_lines": 0, "percent_statements_covered": 0.0, "percent_statements_covered_display": "0"}, "missing_lines": [117, 118, 119, 120, 121, 122, 124], "excluded_lines": [], "start_line": 116}, "get_global_positions": {"executed_lines": [], "summary": {"covered_lines": 0, "num_statements": 7, "percent_covered": 0.0, "percent_covered_display": "0", "missing_lines": 7, "excluded_lines": 0, "percent_statements_covered": 0.0, "percent_statements_covered_display": "0"}, "missing_lines": [136, 137, 138, 139, 140, 141, 143], "excluded_lines": [], "start_line": 133}, "Animation.__init__": {"executed_lines": [], "summary": {"covered_lines": 0, "num_statements": 4, "percent_covered": 0.0, "percent_covered_display": "0", "missing_lines": 4, "excluded_lines": 0, "percent_statements_covered": 0.0, "percent_statements_covered_display": "0"}, "missing_lines": [150, 152, 154, 155], "excluded_lines": [], "start_line": 149}, "Animation.get_global_transforms": {"executed_lines": [], "summary": {"covered_lines": 0, "num_statements": 1, "percent_covered": 0.0, "percent_covered_display": "0", "missing_lines": 1, "excluded_lines": 0, "percent_statements_covered": 0.0, "percent_statements_covered_display": "0"}, "missing_lines": [158], "excluded_lines": [], "start_line": 157}, "Animation.get_local_transforms": {"executed_lines": [], "summary": {"covered_lines": 0, "num_statements": 1, "percent_covered": 0.0, "percent_covered_display": "0", "missing_lines": 1, "excluded_lines": 0, "percent_statements_covered": 0.0, "percent_statements_covered_display": "0"}, "missing_lines": [161], "excluded_lines": [], "start_line": 160}, "Animation.set_local_transforms": {"executed_lines": [], "summary": {"covered_lines": 0, "num_statements": 1, "percent_covered": 0.0, "percent_covered_display": "0", "missing_lines": 1, "excluded_lines": 0, "percent_statements_covered": 0.0, "percent_statements_covered_display": "0"}, "missing_lines": [164], "excluded_lines": [], "start_line": 163}, "Animation.set_local_transform": {"executed_lines": [], "summary": {"covered_lines": 0, "num_statements": 1, "percent_covered": 0.0, "percent_covered_display": "0", "missing_lines": 1, "excluded_lines": 0, "percent_statements_covered": 0.0, "percent_statements_covered_display": "0"}, "missing_lines": [167], "excluded_lines": [], "start_line": 166}, "Animation.get_global_positions": {"executed_lines": [], "summary": {"covered_lines": 0, "num_statements": 2, "percent_covered": 0.0, "percent_covered_display": "0", "missing_lines": 2, "excluded_lines": 0, "percent_statements_covered": 0.0, "percent_statements_covered_display": "0"}, "missing_lines": [170, 172], "excluded_lines": [], "start_line": 169}, "BVHJoint.__init__": {"executed_lines": [], "summary": {"covered_lines": 0, "num_statements": 9, "percent_covered": 0.0, "percent_covered_display": "0", "missing_lines": 9, "excluded_lines": 0, "percent_statements_covered": 0.0, "percent_statements_covered_display": "0"}, "missing_lines": [185, 186, 187, 188, 189, 190, 191, 192, 193], "excluded_lines": [], "start_line": 184}, "BVHJoint.parent": {"executed_lines": [], "summary": {"covered_lines": 0, "num_statements": 3, "percent_covered": 0.0, "percent_covered_display": "0", "missing_lines": 3, "excluded_lines": 0, "percent_statements_covered": 0.0, "percent_statements_covered_display": "0"}, "missing_lines": [201, 202, 203], "excluded_lines": [], "start_line": 200}, "BVHJoint.offset": {"executed_lines": [], "summary": {"covered_lines": 0, "num_statements": 1, "percent_covered": 0.0, "percent_covered_display": "0", "missing_lines": 1, "excluded_lines": 0, "percent_statements_covered": 0.0, "percent_statements_covered_display": "0"}, "missing_lines": [211], "excluded_lines": [], "start_line": 210}, "BVHJoint.children": {"executed_lines": [], "summary": {"covered_lines": 0, "num_statements": 1, "percent_covered": 0.0, "percent_covered_display": "0", "missing_lines": 1, "excluded_lines": 0, "percent_statements_covered": 0.0, "percent_statements_covered_display": "0"}, "missing_lines": [215], "excluded_lines": [], "start_line": 214}, "BVHJoint.channels": {"executed_lines": [], "summary": {"covered_lines": 0, "num_statements": 1, "percent_covered": 0.0, "percent_covered_display": "0", "missing_lines": 1, "excluded_lines": 0, "percent_statements_covered": 0.0, "percent_statements_covered_display": "0"}, "missing_lines": [223], "excluded_lines": [], "start_line": 222}, "BVHJoint.channel_number": {"executed_lines": [], "summary": {"covered_lines": 0, "num_statements": 1, "percent_covered": 0.0, "percent_covered_display": "0", "missing_lines": 1, "excluded_lines": 0, "percent_statements_covered": 0.0, "percent_statements_covered_display": "0"}, "missing_lines": [227], "excluded_lines": [], "start_line": 226}, "BVHJoint.animation": {"executed_lines": [], "summary": {"covered_lines": 0, "num_statements": 1, "percent_covered": 0.0, "percent_covered_display": "0", "missing_lines": 1, "excluded_lines": 0, "percent_statements_covered": 0.0, "percent_statements_covered_display": "0"}, "missing_lines": [231], "excluded_lines": [], "start_line": 230}, "BVHJoint.frames": {"executed_lines": [], "summary": {"covered_lines": 0, "num_statements": 1, "percent_covered": 0.0, "percent_covered_display": "0", "missing_lines": 1, "excluded_lines": 0, "percent_statements_covered": 0.0, "percent_statements_covered_display": "0"}, "missing_lines": [235], "excluded_lines": [], "start_line": 234}, "BVHJoint.frame_time": {"executed_lines": [], "summary": {"covered_lines": 0, "num_statements": 1, "percent_covered": 0.0, "percent_covered_display": "0", "missing_lines": 1, "excluded_lines": 0, "percent_statements_covered": 0.0, "percent_statements_covered_display": "0"}, "missing_lines": [243], "excluded_lines": [], "start_line": 242}, "BVHJoint.rotate_order": {"executed_lines": [], "summary": {"covered_lines": 0, "num_statements": 2, "percent_covered": 0.0, "percent_covered_display": "0", "missing_lines": 2, "excluded_lines": 0, "percent_statements_covered": 0.0, "percent_statements_covered_display": "0"}, "missing_lines": [247, 248], "excluded_lines": [], "start_line": 246}, "BVHJoint.path": {"executed_lines": [], "summary": {"covered_lines": 0, "num_statements": 1, "percent_covered": 0.0, "percent_covered_display": "0", "missing_lines": 1, "excluded_lines": 0, "percent_statements_covered": 0.0, "percent_statements_covered_display": "0"}, "missing_lines": [256], "excluded_lines": [], "start_line": 255}, "BVHJoint.add_child": {"executed_lines": [], "summary": {"covered_lines": 0, "num_statements": 2, "percent_covered": 0.0, "percent_covered_display": "0", "missing_lines": 2, "excluded_lines": 0, "percent_statements_covered": 0.0, "percent_statements_covered_display": "0"}, "missing_lines": [259, 260], "excluded_lines": [], "start_line": 258}, "BVHJoint.add_frame_animation": {"executed_lines": [], "summary": {"covered_lines": 0, "num_statements": 1, "percent_covered": 0.0, "percent_covered_display": "0", "missing_lines": 1, "excluded_lines": 0, "percent_statements_covered": 0.0, "percent_statements_covered_display": "0"}, "missing_lines": [263], "excluded_lines": [], "start_line": 262}, "BVHImporter.bvh_parser": {"executed_lines": [], "summary": {"covered_lines": 0, "num_statements": 63, "percent_covered": 0.0, "percent_covered_display": "0", "missing_lines": 63, "excluded_lines": 0, "percent_statements_covered": 0.0, "percent_statements_covered_display": "0"}, "missing_lines": [273, 274, 277, 278, 279, 282, 283, 284, 286, 287, 288, 289, 290, 292, 293, 294, 295, 296, 297, 298, 299, 301, 302, 303, 304, 305, 306, 307, 308, 309, 311, 312, 314, 315, 316, 318, 319, 321, 322, 323, 324, 326, 327, 328, 329, 332, 333, 334, 335, 336, 339, 340, 341, 342, 344, 345, 346, 347, 348, 349, 350, 351, 353], "excluded_lines": [], "start_line": 270}, "BVHImporter.get_rotation_order": {"executed_lines": [], "summary": {"covered_lines": 0, "num_statements": 5, "percent_covered": 0.0, "percent_covered_display": "0", "missing_lines": 5, "excluded_lines": 0, "percent_statements_covered": 0.0, "percent_statements_covered_display": "0"}, "missing_lines": [359, 361, 362, 363, 365], "excluded_lines": [], "start_line": 356}, "BVHImporter.create_skeleton": {"executed_lines": [], "summary": {"covered_lines": 0, "num_statements": 15, "percent_covered": 0.0, "percent_covered_display": "0", "missing_lines": 15, "excluded_lines": 0, "percent_statements_covered": 0.0, "percent_statements_covered_display": "0"}, "missing_lines": [371, 372, 374, 375, 377, 378, 379, 380, 382, 385, 390, 391, 392, 393, 395], "excluded_lines": [], "start_line": 367}, "BVHImporter.construct_skeleton": {"executed_lines": [], "summary": {"covered_lines": 0, "num_statements": 5, "percent_covered": 0.0, "percent_covered_display": "0", "missing_lines": 5, "excluded_lines": 0, "percent_statements_covered": 0.0, "percent_statements_covered_display": "0"}, "missing_lines": [401, 403, 411, 412, 413], "excluded_lines": [], "start_line": 398}, "BVHImporter.get_frame_range": {"executed_lines": [], "summary": {"covered_lines": 0, "num_statements": 1, "percent_covered": 0.0, "percent_covered_display": "0", "missing_lines": 1, "excluded_lines": 0, "percent_statements_covered": 0.0, "percent_statements_covered_display": "0"}, "missing_lines": [419], "excluded_lines": [], "start_line": 416}, "BVHImporter.create_animation": {"executed_lines": [], "summary": {"covered_lines": 0, "num_statements": 4, "percent_covered": 0.0, "percent_covered_display": "0", "missing_lines": 4, "excluded_lines": 0, "percent_statements_covered": 0.0, "percent_statements_covered_display": "0"}, "missing_lines": [425, 426, 427, 428], "excluded_lines": [], "start_line": 422}, "BVHImporter.load_animation": {"executed_lines": [], "summary": {"covered_lines": 0, "num_statements": 41, "percent_covered": 0.0, "percent_covered_display": "0", "missing_lines": 41, "excluded_lines": 0, "percent_statements_covered": 0.0, "percent_statements_covered_display": "0"}, "missing_lines": [434, 435, 437, 438, 441, 443, 445, 446, 447, 448, 450, 451, 452, 453, 454, 455, 456, 458, 459, 460, 461, 462, 464, 465, 466, 467, 468, 470, 471, 472, 474, 475, 476, 477, 479, 480, 482, 494, 496, 497, 499], "excluded_lines": [], "start_line": 431}, "BVHImporter.load_frame_animation_data": {"executed_lines": [], "summary": {"covered_lines": 0, "num_statements": 14, "percent_covered": 0.0, "percent_covered_display": "0", "missing_lines": 14, "excluded_lines": 0, "percent_statements_covered": 0.0, "percent_statements_covered_display": "0"}, "missing_lines": [505, 506, 508, 509, 510, 511, 512, 513, 514, 517, 518, 519, 521, 522], "excluded_lines": [], "start_line": 502}, "load_bvh": {"executed_lines": [], "summary": {"covered_lines": 0, "num_statements": 8, "percent_covered": 0.0, "percent_covered_display": "0", "missing_lines": 8, "excluded_lines": 0, "percent_statements_covered": 0.0, "percent_statements_covered_display": "0"}, "missing_lines": [540, 541, 542, 543, 548, 550, 551, 553], "excluded_lines": [], "start_line": 525}, "": {"executed_lines": [4, 5, 7, 8, 10, 11, 14, 15, 35, 36, 49, 50, 63, 64, 91, 113, 133, 146, 149, 157, 160, 163, 166, 169, 175, 184, 195, 196, 199, 200, 205, 206, 209, 210, 213, 214, 217, 218, 221, 222, 225, 226, 229, 230, 233, 234, 237, 238, 241, 242, 245, 246, 250, 251, 254, 255, 258, 262, 266, 269, 270, 355, 356, 367, 397, 398, 415, 416, 421, 422, 430, 431, 501, 502, 525], "summary": {"covered_lines": 75, "num_statements": 75, "percent_covered": 100.0, "percent_covered_display": "100", "missing_lines": 0, "excluded_lines": 0, "percent_statements_covered": 100.0, "percent_statements_covered_display": "100"}, "missing_lines": [], "excluded_lines": [], "start_line": 1}}, "classes": {"Animation": {"executed_lines": [], "summary": {"covered_lines": 0, "num_statements": 10, "percent_covered": 0.0, "percent_covered_display": "0", "missing_lines": 10, "excluded_lines": 0, "percent_statements_covered": 0.0, "percent_statements_covered_display": "0"}, "missing_lines": [150, 152, 154, 155, 158, 161, 164, 167, 170, 172], "excluded_lines": [], "start_line": 146}, "BVHJoint": {"executed_lines": [], "summary": {"covered_lines": 0, "num_statements": 30, "percent_covered": 0.0, "percent_covered_display": "0", "missing_lines": 30, "excluded_lines": 0, "percent_statements_covered": 0.0, "percent_statements_covered_display": "0"}, "missing_lines": [185, 186, 187, 188, 189, 190, 191, 192, 193, 197, 201, 202, 203, 207, 211, 215, 219, 223, 227, 231, 235, 239, 243, 247, 248, 252, 256, 259, 260, 263], "excluded_lines": [], "start_line": 175}, "BVHImporter": {"executed_lines": [], "summary": {"covered_lines": 0, "num_statements": 148, "percent_covered": 0.0, "percent_covered_display": "0", "missing_lines": 148, "excluded_lines": 0, "percent_statements_covered": 0.0, "percent_statements_covered_display": "0"}, "missing_lines": [273, 274, 277, 278, 279, 282, 283, 284, 286, 287, 288, 289, 290, 292, 293, 294, 295, 296, 297, 298, 299, 301, 302, 303, 304, 305, 306, 307, 308, 309, 311, 312, 314, 315, 316, 318, 319, 321, 322, 323, 324, 326, 327, 328, 329, 332, 333, 334, 335, 336, 339, 340, 341, 342, 344, 345, 346, 347, 348, 349, 350, 351, 353, 359, 361, 362, 363, 365, 371, 372, 374, 375, 377, 378, 379, 380, 382, 385, 390, 391, 392, 393, 395, 401, 403, 411, 412, 413, 419, 425, 426, 427, 428, 434, 435, 437, 438, 441, 443, 445, 446, 447, 448, 450, 451, 452, 453, 454, 455, 456, 458, 459, 460, 461, 462, 464, 465, 466, 467, 468, 470, 471, 472, 474, 475, 476, 477, 479, 480, 482, 494, 496, 497, 499, 505, 506, 508, 509, 510, 511, 512, 513, 514, 517, 518, 519, 521, 522], "excluded_lines": [], "start_line": 266}, "": {"executed_lines": [4, 5, 7, 8, 10, 11, 14, 15, 35, 36, 49, 50, 63, 64, 91, 113, 133, 146, 149, 157, 160, 163, 166, 169, 175, 184, 195, 196, 199, 200, 205, 206, 209, 210, 213, 214, 217, 218, 221, 222, 225, 226, 229, 230, 233, 234, 237, 238, 241, 242, 245, 246, 250, 251, 254, 255, 258, 262, 266, 269, 270, 355, 356, 367, 397, 398, 415, 416, 421, 422, 430, 431, 501, 502, 525], "summary": {"covered_lines": 75, "num_statements": 141, "percent_covered": 53.191489361702125, "percent_covered_display": "53", "missing_lines": 66, "excluded_lines": 0, "percent_statements_covered": 53.191489361702125, "percent_statements_covered_display": "53"}, "missing_lines": [21, 23, 24, 26, 27, 28, 30, 31, 32, 41, 42, 43, 44, 46, 56, 57, 58, 60, 76, 78, 79, 81, 83, 84, 86, 88, 94, 95, 96, 97, 99, 100, 102, 103, 104, 106, 107, 109, 110, 116, 117, 118, 119, 120, 121, 122, 124, 126, 127, 128, 130, 136, 137, 138, 139, 140, 141, 143, 540, 541, 542, 543, 548, 550, 551, 553], "excluded_lines": [], "start_line": 1}}}, "soma_retargeter/assets/csv.py": {"executed_lines": [4, 5, 6, 8, 9, 11, 12, 15, 16, 17, 25, 27, 29, 34, 35, 36, 37, 54, 77, 95, 96, 103, 105, 109, 140, 162, 183, 210, 211, 220, 222, 233, 234, 245, 246, 260, 280, 298, 299, 308, 310, 317, 341, 362], "summary": {"covered_lines": 44, "num_statements": 126, "percent_covered": 34.92063492063492, "percent_covered_display": "35", "missing_lines": 82, "excluded_lines": 10, "percent_statements_covered": 34.92063492063492, "percent_statements_covered_display": "35"}, "missing_lines": [59, 60, 65, 68, 69, 70, 73, 75, 82, 84, 85, 87, 90, 92, 106, 122, 123, 124, 125, 126, 127, 130, 131, 132, 134, 135, 137, 154, 155, 156, 157, 158, 159, 175, 176, 178, 179, 180, 197, 198, 200, 201, 202, 204, 205, 206, 207, 230, 264, 265, 268, 271, 272, 273, 276, 278, 285, 287, 288, 290, 293, 295, 314, 330, 331, 332, 333, 335, 354, 355, 356, 357, 359, 382, 383, 385, 387, 388, 390, 391, 392, 393], "excluded_lines": [18, 19, 20, 21, 22, 23, 24, 31, 32, 33], "functions": {"RobotCSVConfig.to_anim_frame": {"executed_lines": [], "summary": {"covered_lines": 0, "num_statements": 0, "percent_covered": 100.0, "percent_covered_display": "100", "missing_lines": 0, "excluded_lines": 1, "percent_statements_covered": 100.0, "percent_statements_covered_display": "100"}, "missing_lines": [], "excluded_lines": [20], "start_line": 19}, "RobotCSVConfig.to_csv_row": {"executed_lines": [], "summary": {"covered_lines": 0, "num_statements": 0, "percent_covered": 100.0, "percent_covered_display": "100", "missing_lines": 0, "excluded_lines": 1, "percent_statements_covered": 100.0, "percent_statements_covered_display": "100"}, "missing_lines": [], "excluded_lines": [22], "start_line": 21}, "RobotNPZCSVConfig.to_csv_row": {"executed_lines": [], "summary": {"covered_lines": 0, "num_statements": 0, "percent_covered": 100.0, "percent_covered_display": "100", "missing_lines": 0, "excluded_lines": 1, "percent_statements_covered": 100.0, "percent_statements_covered_display": "100"}, "missing_lines": [], "excluded_lines": [31], "start_line": 29}, "UnitreeG129DOF_CSVConfig.to_anim_frame": {"executed_lines": [], "summary": {"covered_lines": 0, "num_statements": 8, "percent_covered": 0.0, "percent_covered_display": "0", "missing_lines": 8, "excluded_lines": 0, "percent_statements_covered": 0.0, "percent_statements_covered_display": "0"}, "missing_lines": [59, 60, 65, 68, 69, 70, 73, 75], "excluded_lines": [], "start_line": 54}, "UnitreeG129DOF_CSVConfig.to_csv_row": {"executed_lines": [], "summary": {"covered_lines": 0, "num_statements": 6, "percent_covered": 0.0, "percent_covered_display": "0", "missing_lines": 6, "excluded_lines": 0, "percent_statements_covered": 0.0, "percent_statements_covered_display": "0"}, "missing_lines": [82, 84, 85, 87, 90, 92], "excluded_lines": [], "start_line": 77}, "GenericNPZCSVConfig.to_csv_row": {"executed_lines": [], "summary": {"covered_lines": 0, "num_statements": 1, "percent_covered": 0.0, "percent_covered_display": "0", "missing_lines": 1, "excluded_lines": 0, "percent_statements_covered": 0.0, "percent_statements_covered_display": "0"}, "missing_lines": [106], "excluded_lines": [], "start_line": 105}, "load_csv": {"executed_lines": [], "summary": {"covered_lines": 0, "num_statements": 12, "percent_covered": 0.0, "percent_covered_display": "0", "missing_lines": 12, "excluded_lines": 0, "percent_statements_covered": 0.0, "percent_statements_covered_display": "0"}, "missing_lines": [122, 123, 124, 125, 126, 127, 130, 131, 132, 134, 135, 137], "excluded_lines": [], "start_line": 109}, "load_csv_npz_compatible": {"executed_lines": [], "summary": {"covered_lines": 0, "num_statements": 6, "percent_covered": 0.0, "percent_covered_display": "0", "missing_lines": 6, "excluded_lines": 0, "percent_statements_covered": 0.0, "percent_statements_covered_display": "0"}, "missing_lines": [154, 155, 156, 157, 158, 159], "excluded_lines": [], "start_line": 140}, "load_csv_auto": {"executed_lines": [], "summary": {"covered_lines": 0, "num_statements": 5, "percent_covered": 0.0, "percent_covered_display": "0", "missing_lines": 5, "excluded_lines": 0, "percent_statements_covered": 0.0, "percent_statements_covered_display": "0"}, "missing_lines": [175, 176, 178, 179, 180], "excluded_lines": [], "start_line": 162}, "save_csv": {"executed_lines": [], "summary": {"covered_lines": 0, "num_statements": 9, "percent_covered": 0.0, "percent_covered_display": "0", "missing_lines": 9, "excluded_lines": 0, "percent_statements_covered": 0.0, "percent_statements_covered_display": "0"}, "missing_lines": [197, 198, 200, 201, 202, 204, 205, 206, 207], "excluded_lines": [], "start_line": 183}, "UnitreeG129DOF_NPZCSVConfig.to_csv_row": {"executed_lines": [], "summary": {"covered_lines": 0, "num_statements": 1, "percent_covered": 0.0, "percent_covered_display": "0", "missing_lines": 1, "excluded_lines": 0, "percent_statements_covered": 0.0, "percent_statements_covered_display": "0"}, "missing_lines": [230], "excluded_lines": [], "start_line": 222}, "RoboPartyRPO_CSVConfig.to_anim_frame": {"executed_lines": [], "summary": {"covered_lines": 0, "num_statements": 8, "percent_covered": 0.0, "percent_covered_display": "0", "missing_lines": 8, "excluded_lines": 0, "percent_statements_covered": 0.0, "percent_statements_covered_display": "0"}, "missing_lines": [264, 265, 268, 271, 272, 273, 276, 278], "excluded_lines": [], "start_line": 260}, "RoboPartyRPO_CSVConfig.to_csv_row": {"executed_lines": [], "summary": {"covered_lines": 0, "num_statements": 6, "percent_covered": 0.0, "percent_covered_display": "0", "missing_lines": 6, "excluded_lines": 0, "percent_statements_covered": 0.0, "percent_statements_covered_display": "0"}, "missing_lines": [285, 287, 288, 290, 293, 295], "excluded_lines": [], "start_line": 280}, "RoboPartyRPO_NPZCSVConfig.to_csv_row": {"executed_lines": [], "summary": {"covered_lines": 0, "num_statements": 1, "percent_covered": 0.0, "percent_covered_display": "0", "missing_lines": 1, "excluded_lines": 0, "percent_statements_covered": 0.0, "percent_statements_covered_display": "0"}, "missing_lines": [314], "excluded_lines": [], "start_line": 310}, "get_csv_config": {"executed_lines": [], "summary": {"covered_lines": 0, "num_statements": 5, "percent_covered": 0.0, "percent_covered_display": "0", "missing_lines": 5, "excluded_lines": 0, "percent_statements_covered": 0.0, "percent_statements_covered_display": "0"}, "missing_lines": [330, 331, 332, 333, 335], "excluded_lines": [], "start_line": 317}, "get_npz_csv_config": {"executed_lines": [], "summary": {"covered_lines": 0, "num_statements": 5, "percent_covered": 0.0, "percent_covered_display": "0", "missing_lines": 5, "excluded_lines": 0, "percent_statements_covered": 0.0, "percent_statements_covered_display": "0"}, "missing_lines": [354, 355, 356, 357, 359], "excluded_lines": [], "start_line": 341}, "save_csv_npz_compatible": {"executed_lines": [], "summary": {"covered_lines": 0, "num_statements": 9, "percent_covered": 0.0, "percent_covered_display": "0", "missing_lines": 9, "excluded_lines": 0, "percent_statements_covered": 0.0, "percent_statements_covered_display": "0"}, "missing_lines": [382, 383, 385, 387, 388, 390, 391, 392, 393], "excluded_lines": [], "start_line": 362}, "": {"executed_lines": [4, 5, 6, 8, 9, 11, 12, 15, 16, 17, 25, 27, 29, 34, 35, 36, 37, 54, 77, 95, 96, 103, 105, 109, 140, 162, 183, 210, 211, 220, 222, 233, 234, 245, 246, 260, 280, 298, 299, 308, 310, 317, 341, 362], "summary": {"covered_lines": 44, "num_statements": 44, "percent_covered": 100.0, "percent_covered_display": "100", "missing_lines": 0, "excluded_lines": 7, "percent_statements_covered": 100.0, "percent_statements_covered_display": "100"}, "missing_lines": [], "excluded_lines": [18, 19, 21, 23, 24, 32, 33], "start_line": 1}}, "classes": {"RobotCSVConfig": {"executed_lines": [], "summary": {"covered_lines": 0, "num_statements": 0, "percent_covered": 100.0, "percent_covered_display": "100", "missing_lines": 0, "excluded_lines": 2, "percent_statements_covered": 100.0, "percent_statements_covered_display": "100"}, "missing_lines": [], "excluded_lines": [20, 22], "start_line": 15}, "RobotNPZCSVConfig": {"executed_lines": [], "summary": {"covered_lines": 0, "num_statements": 0, "percent_covered": 100.0, "percent_covered_display": "100", "missing_lines": 0, "excluded_lines": 1, "percent_statements_covered": 100.0, "percent_statements_covered_display": "100"}, "missing_lines": [], "excluded_lines": [31], "start_line": 25}, "UnitreeG129DOF_CSVConfig": {"executed_lines": [], "summary": {"covered_lines": 0, "num_statements": 14, "percent_covered": 0.0, "percent_covered_display": "0", "missing_lines": 14, "excluded_lines": 0, "percent_statements_covered": 0.0, "percent_statements_covered_display": "0"}, "missing_lines": [59, 60, 65, 68, 69, 70, 73, 75, 82, 84, 85, 87, 90, 92], "excluded_lines": [], "start_line": 35}, "GenericNPZCSVConfig": {"executed_lines": [], "summary": {"covered_lines": 0, "num_statements": 1, "percent_covered": 0.0, "percent_covered_display": "0", "missing_lines": 1, "excluded_lines": 0, "percent_statements_covered": 0.0, "percent_statements_covered_display": "0"}, "missing_lines": [106], "excluded_lines": [], "start_line": 96}, "UnitreeG129DOF_NPZCSVConfig": {"executed_lines": [], "summary": {"covered_lines": 0, "num_statements": 1, "percent_covered": 0.0, "percent_covered_display": "0", "missing_lines": 1, "excluded_lines": 0, "percent_statements_covered": 0.0, "percent_statements_covered_display": "0"}, "missing_lines": [230], "excluded_lines": [], "start_line": 211}, "RoboPartyRPO_CSVConfig": {"executed_lines": [], "summary": {"covered_lines": 0, "num_statements": 14, "percent_covered": 0.0, "percent_covered_display": "0", "missing_lines": 14, "excluded_lines": 0, "percent_statements_covered": 0.0, "percent_statements_covered_display": "0"}, "missing_lines": [264, 265, 268, 271, 272, 273, 276, 278, 285, 287, 288, 290, 293, 295], "excluded_lines": [], "start_line": 234}, "RoboPartyRPO_NPZCSVConfig": {"executed_lines": [], "summary": {"covered_lines": 0, "num_statements": 1, "percent_covered": 0.0, "percent_covered_display": "0", "missing_lines": 1, "excluded_lines": 0, "percent_statements_covered": 0.0, "percent_statements_covered_display": "0"}, "missing_lines": [314], "excluded_lines": [], "start_line": 299}, "": {"executed_lines": [4, 5, 6, 8, 9, 11, 12, 15, 16, 17, 25, 27, 29, 34, 35, 36, 37, 54, 77, 95, 96, 103, 105, 109, 140, 162, 183, 210, 211, 220, 222, 233, 234, 245, 246, 260, 280, 298, 299, 308, 310, 317, 341, 362], "summary": {"covered_lines": 44, "num_statements": 95, "percent_covered": 46.31578947368421, "percent_covered_display": "46", "missing_lines": 51, "excluded_lines": 7, "percent_statements_covered": 46.31578947368421, "percent_statements_covered_display": "46"}, "missing_lines": [122, 123, 124, 125, 126, 127, 130, 131, 132, 134, 135, 137, 154, 155, 156, 157, 158, 159, 175, 176, 178, 179, 180, 197, 198, 200, 201, 202, 204, 205, 206, 207, 330, 331, 332, 333, 335, 354, 355, 356, 357, 359, 382, 383, 385, 387, 388, 390, 391, 392, 393], "excluded_lines": [18, 19, 21, 23, 24, 32, 33], "start_line": 1}}}, "soma_retargeter/assets/usd.py": {"executed_lines": [4, 5, 7], "summary": {"covered_lines": 3, "num_statements": 399, "percent_covered": 0.7518796992481203, "percent_covered_display": "1", "missing_lines": 396, "excluded_lines": 0, "percent_statements_covered": 0.7518796992481203, "percent_statements_covered_display": "1"}, "missing_lines": [8, 9, 10, 11, 14, 21, 32, 33, 34, 36, 37, 42, 43, 45, 47, 48, 51, 54, 64, 67, 77, 78, 81, 98, 100, 101, 103, 106, 110, 113, 118, 121, 143, 145, 146, 148, 151, 165, 166, 167, 169, 170, 172, 174, 175, 176, 178, 180, 187, 199, 202, 205, 212, 213, 214, 217, 219, 222, 233, 234, 236, 237, 240, 246, 249, 265, 266, 267, 271, 273, 280, 290, 291, 292, 293, 294, 295, 296, 297, 298, 305, 316, 317, 319, 320, 322, 323, 325, 326, 329, 330, 332, 333, 335, 342, 344, 345, 346, 347, 350, 352, 353, 354, 355, 358, 362, 363, 364, 365, 366, 367, 368, 369, 370, 373, 374, 375, 376, 377, 378, 379, 382, 396, 397, 398, 399, 400, 401, 402, 404, 405, 406, 407, 408, 409, 410, 412, 413, 414, 415, 416, 417, 419, 420, 421, 422, 423, 424, 425, 426, 427, 428, 429, 430, 432, 433, 434, 441, 462, 477, 478, 481, 482, 483, 484, 487, 488, 489, 490, 493, 494, 495, 496, 497, 498, 499, 500, 501, 502, 503, 504, 506, 508, 511, 514, 515, 516, 517, 518, 519, 522, 535, 537, 538, 539, 540, 543, 544, 545, 546, 549, 550, 551, 552, 553, 556, 557, 558, 559, 561, 564, 565, 567, 568, 570, 571, 573, 574, 575, 578, 590, 591, 594, 596, 601, 618, 619, 621, 622, 623, 624, 625, 627, 628, 631, 632, 633, 634, 635, 636, 637, 642, 643, 644, 647, 648, 650, 652, 653, 655, 657, 659, 660, 662, 663, 664, 668, 672, 673, 674, 675, 676, 678, 679, 680, 684, 685, 686, 687, 688, 689, 690, 691, 692, 693, 694, 695, 697, 698, 700, 703, 704, 705, 707, 708, 709, 711, 712, 713, 716, 717, 718, 719, 721, 722, 724, 725, 726, 728, 729, 731, 733, 735, 736, 746, 747, 748, 750, 756, 757, 758, 759, 760, 761, 762, 763, 764, 765, 766, 767, 769, 770, 771, 772, 773, 774, 781, 782, 783, 784, 785, 792, 793, 794, 795, 798, 799, 800, 801, 802, 803, 805, 806, 807, 808, 809, 810, 811, 814, 815, 816, 817, 818, 820, 821, 823, 831, 832, 833, 834, 835, 836, 838, 839, 840, 842, 843, 845, 849, 851, 852, 853, 854, 855, 856, 857, 858, 859, 860, 862, 865, 866, 869, 871, 872, 874, 876, 879, 881, 883, 886, 887, 888, 890, 891, 893], "excluded_lines": [], "functions": {"_resolve_time_code": {"executed_lines": [], "summary": {"covered_lines": 0, "num_statements": 11, "percent_covered": 0.0, "percent_covered_display": "0", "missing_lines": 11, "excluded_lines": 0, "percent_statements_covered": 0.0, "percent_statements_covered_display": "0"}, "missing_lines": [32, 33, 34, 36, 37, 42, 43, 45, 47, 48, 51], "excluded_lines": [], "start_line": 21}, "get_stage_meters_per_unit": {"executed_lines": [], "summary": {"covered_lines": 0, "num_statements": 1, "percent_covered": 0.0, "percent_covered_display": "0", "missing_lines": 1, "excluded_lines": 0, "percent_statements_covered": 0.0, "percent_statements_covered_display": "0"}, "missing_lines": [64], "excluded_lines": [], "start_line": 54}, "get_stage_up_axis": {"executed_lines": [], "summary": {"covered_lines": 0, "num_statements": 2, "percent_covered": 0.0, "percent_covered_display": "0", "missing_lines": 2, "excluded_lines": 0, "percent_statements_covered": 0.0, "percent_statements_covered_display": "0"}, "missing_lines": [77, 78], "excluded_lines": [], "start_line": 67}, "get_up_axis_transform": {"executed_lines": [], "summary": {"covered_lines": 0, "num_statements": 8, "percent_covered": 0.0, "percent_covered_display": "0", "missing_lines": 8, "excluded_lines": 0, "percent_statements_covered": 0.0, "percent_statements_covered_display": "0"}, "missing_lines": [98, 100, 101, 103, 106, 110, 113, 118], "excluded_lines": [], "start_line": 81}, "get_import_correction": {"executed_lines": [], "summary": {"covered_lines": 0, "num_statements": 4, "percent_covered": 0.0, "percent_covered_display": "0", "missing_lines": 4, "excluded_lines": 0, "percent_statements_covered": 0.0, "percent_statements_covered_display": "0"}, "missing_lines": [143, 145, 146, 148], "excluded_lines": [], "start_line": 121}, "get_prim_world_transform": {"executed_lines": [], "summary": {"covered_lines": 0, "num_statements": 11, "percent_covered": 0.0, "percent_covered_display": "0", "missing_lines": 11, "excluded_lines": 0, "percent_statements_covered": 0.0, "percent_statements_covered_display": "0"}, "missing_lines": [165, 166, 167, 169, 170, 172, 174, 175, 176, 178, 180], "excluded_lines": [], "start_line": 151}, "decompose_matrix": {"executed_lines": [], "summary": {"covered_lines": 0, "num_statements": 8, "percent_covered": 0.0, "percent_covered_display": "0", "missing_lines": 8, "excluded_lines": 0, "percent_statements_covered": 0.0, "percent_statements_covered_display": "0"}, "missing_lines": [199, 202, 205, 212, 213, 214, 217, 219], "excluded_lines": [], "start_line": 187}, "get_prim_world_scale": {"executed_lines": [], "summary": {"covered_lines": 0, "num_statements": 6, "percent_covered": 0.0, "percent_covered_display": "0", "missing_lines": 6, "excluded_lines": 0, "percent_statements_covered": 0.0, "percent_statements_covered_display": "0"}, "missing_lines": [233, 234, 236, 237, 240, 246], "excluded_lines": [], "start_line": 222}, "get_prim_meters_scale": {"executed_lines": [], "summary": {"covered_lines": 0, "num_statements": 5, "percent_covered": 0.0, "percent_covered_display": "0", "missing_lines": 5, "excluded_lines": 0, "percent_statements_covered": 0.0, "percent_statements_covered_display": "0"}, "missing_lines": [265, 266, 267, 271, 273], "excluded_lines": [], "start_line": 249}, "has_animated_xform": {"executed_lines": [], "summary": {"covered_lines": 0, "num_statements": 9, "percent_covered": 0.0, "percent_covered_display": "0", "missing_lines": 9, "excluded_lines": 0, "percent_statements_covered": 0.0, "percent_statements_covered_display": "0"}, "missing_lines": [290, 291, 292, 293, 294, 295, 296, 297, 298], "excluded_lines": [], "start_line": 280}, "triangulate_mesh": {"executed_lines": [], "summary": {"covered_lines": 0, "num_statements": 13, "percent_covered": 0.0, "percent_covered_display": "0", "missing_lines": 13, "excluded_lines": 0, "percent_statements_covered": 0.0, "percent_statements_covered_display": "0"}, "missing_lines": [316, 317, 319, 320, 322, 323, 325, 326, 329, 330, 332, 333, 335], "excluded_lines": [], "start_line": 305}, "_to_float3": {"executed_lines": [], "summary": {"covered_lines": 0, "num_statements": 4, "percent_covered": 0.0, "percent_covered_display": "0", "missing_lines": 4, "excluded_lines": 0, "percent_statements_covered": 0.0, "percent_statements_covered_display": "0"}, "missing_lines": [344, 345, 346, 347], "excluded_lines": [], "start_line": 342}, "_to_quat_xyzw": {"executed_lines": [], "summary": {"covered_lines": 0, "num_statements": 4, "percent_covered": 0.0, "percent_covered_display": "0", "missing_lines": 4, "excluded_lines": 0, "percent_statements_covered": 0.0, "percent_statements_covered_display": "0"}, "missing_lines": [352, 353, 354, 355], "excluded_lines": [], "start_line": 350}, "_build_joint_paths": {"executed_lines": [], "summary": {"covered_lines": 0, "num_statements": 9, "percent_covered": 0.0, "percent_covered_display": "0", "missing_lines": 9, "excluded_lines": 0, "percent_statements_covered": 0.0, "percent_statements_covered_display": "0"}, "missing_lines": [362, 363, 364, 365, 366, 367, 368, 369, 370], "excluded_lines": [], "start_line": 358}, "_wp_transform_to_gf_matrix": {"executed_lines": [], "summary": {"covered_lines": 0, "num_statements": 6, "percent_covered": 0.0, "percent_covered_display": "0", "missing_lines": 6, "excluded_lines": 0, "percent_statements_covered": 0.0, "percent_statements_covered_display": "0"}, "missing_lines": [374, 375, 376, 377, 378, 379], "excluded_lines": [], "start_line": 373}, "save_skeleton_and_animation_to_usd": {"executed_lines
[...]
 "percent_statements_covered_display": "100"}, "missing_lines": [], "excluded_lines": [], "start_line": 1}}, "classes": {"": {"executed_lines": [1, 3, 4, 6, 7, 9, 10, 11, 12, 19, 20, 22, 24, 147, 148, 149, 152, 153, 154, 155, 159, 162, 163, 164, 165, 166, 167, 168, 170, 176, 177, 178, 179, 180, 181, 183, 186, 187, 188, 189, 190, 195, 196, 197, 198, 199, 201, 204, 205, 206, 207, 208, 214, 215, 216, 217, 218, 219, 221, 224, 225, 227, 228, 229, 231, 232, 233, 234, 235], "summary": {"covered_lines": 69, "num_statements": 69, "percent_covered": 100.0, "percent_covered_display": "100", "missing_lines": 0, "excluded_lines": 0, "percent_statements_covered": 100.0, "percent_statements_covered_display": "100"}, "missing_lines": [], "excluded_lines": [], "start_line": 1}}}, "tests/v3/test_semantic_sites_verified.py": {"executed_lines": [1, 3, 4, 6, 7, 9, 10, 16, 17, 25, 26, 28, 29, 31, 34, 35, 37, 38, 39, 40, 43, 44, 45, 47, 49, 50, 51, 54, 55, 57, 59, 60, 61, 64, 65, 66, 77, 79, 91, 92, 93, 94, 95, 98, 99, 101, 102, 109, 110, 111, 128, 161, 162, 164, 165, 168, 169, 170, 185, 194, 195, 198, 199, 200, 214, 226, 227, 230, 231, 233, 239, 240, 241, 242, 243, 246, 247, 248, 250, 252, 253, 254, 255, 256, 259, 260, 262, 265, 266, 270, 271, 273, 274, 275, 278, 279, 281, 283, 284], "summary": {"covered_lines": 99, "num_statements": 100, "percent_covered": 99.0, "percent_covered_display": "99", "missing_lines": 1, "excluded_lines": 0, "percent_statements_covered": 99.0, "percent_statements_covered_display": "99"}, "missing_lines": [30], "excluded_lines": [], "functions": {"_NoWorldNoTopologyAdapter.resolve_body_name": {"executed_lines": [29, 31], "summary": {"covered_lines": 2, "num_statements": 3, "percent_covered": 66.66666666666667, "percent_covered_display": "67", "missing_lines": 1, "excluded_lines": 0, "percent_statements_covered": 66.66666666666667, "percent_statements_covered_display": "67"}, "missing_lines": [30], "excluded_lines": [], "start_line": 28}, "test_body_name_inference_does_not_use_string_length_as_depth": {"executed_lines": [35, 37, 38, 39, 40], "summary": {"covered_lines": 5, "num_statements": 5, "percent_covered": 100.0, "percent_covered_display": "100", "missing_lines": 0, "excluded_lines": 0, "percent_statements_covered": 100.0, "percent_statements_covered_display": "100"}, "missing_lines": [], "excluded_lines": [], "start_line": 34}, "test_inferred_sites_are_not_marked_as_explicit_or_confidence_one": {"executed_lines": [44, 45, 47, 49, 50, 51], "summary": {"covered_lines": 6, "num_statements": 6, "percent_covered": 100.0, "percent_covered_display": "100", "missing_lines": 0, "excluded_lines": 0, "percent_statements_covered": 100.0, "percent_statements_covered_display": "100"}, "missing_lines": [], "excluded_lines": [], "start_line": 43}, "test_configured_string_sites_are_not_forced_to_confidence_one": {"executed_lines": [55, 57, 59, 60, 61], "summary": {"covered_lines": 5, "num_statements": 5, "percent_covered": 100.0, "percent_covered_display": "100", "missing_lines": 0, "excluded_lines": 0, "percent_statements_covered": 100.0, "percent_statements_covered_display": "100"}, "missing_lines": [], "excluded_lines": [], "start_line": 54}, "test_semantic_site_json_preserves_evidence_and_model_site_provenance": {"executed_lines": [65, 66, 77, 79, 91, 92, 93, 94, 95], "summary": {"covered_lines": 9, "num_statements": 9, "percent_covered": 100.0, "percent_covered_display": "100", "missing_lines": 0, "excluded_lines": 0, "percent_statements_covered": 100.0, "percent_statements_covered_display": "100"}, "missing_lines": [], "excluded_lines": [], "start_line": 64}, "test_distal_zero_origin_gate_exposes_body_only_false_positive": {"executed_lines": [99, 101, 102], "summary": {"covered_lines": 3, "num_statements": 3, "percent_covered": 100.0, "percent_covered_display": "100", "missing_lines": 0, "excluded_lines": 0, "percent_statements_covered": 100.0, "percent_statements_covered_display": "100"}, "missing_lines": [], "excluded_lines": [], "start_line": 98}, "test_profile_json_preserves_semantic_site_evidence": {"executed_lines": [110, 111, 128, 161, 162, 164, 165], "summary": {"covered_lines": 7, "num_statements": 7, "percent_covered": 100.0, "percent_covered_display": "100", "missing_lines": 0, "excluded_lines": 0, "percent_statements_covered": 100.0, "percent_statements_covered_display": "100"}, "missing_lines": [], "excluded_lines": [], "start_line": 109}, "test_profile_verified_distal_gate_rejects_body_origin": {"executed_lines": [169, 170, 185, 194, 195], "summary": {"covered_lines": 5, "num_statements": 5, "percent_covered": 100.0, "percent_covered_display": "100", "missing_lines": 0, "excluded_lines": 0, "percent_statements_covered": 100.0, "percent_statements_covered_display": "100"}, "missing_lines": [], "excluded_lines": [], "start_line": 168}, "test_profile_legacy_partial_compile_path_does_not_force_distal_gate": {"executed_lines": [199, 200, 214, 226, 227], "summary": {"covered_lines": 5, "num_statements": 5, "percent_covered": 100.0, "percent_covered_display": "100", "missing_lines": 0, "excluded_lines": 0, "percent_statements_covered": 100.0, "percent_statements_covered_display": "100"}, "missing_lines": [], "excluded_lines": [], "start_line": 198}, "test_robot_zoo_semantic_map_has_verified_nonzero_core_distal_offsets": {"executed_lines": [231, 233, 239, 240, 241, 242, 243], "summary": {"covered_lines": 7, "num_statements": 7, "percent_covered": 100.0, "percent_covered_display": "100", "missing_lines": 0, "excluded_lines": 0, "percent_statements_covered": 100.0, "percent_statements_covered_display": "100"}, "missing_lines": [], "excluded_lines": [], "start_line": 230}, "test_verified_rpo_asset_has_toe_and_heel_auxiliary_anchors": {"executed_lines": [247, 248, 250, 252, 253, 254, 255, 256], "summary": {"covered_lines": 8, "num_statements": 8, "percent_covered": 100.0, "percent_covered_display": "100", "missing_lines": 0, "excluded_lines": 0, "percent_statements_covered": 100.0, "percent_statements_covered_display": "100"}, "missing_lines": [], "excluded_lines": [], "start_line": 246}, "test_verified_rpo_map_payload_carries_evidence_and_fingerprint": {"executed_lines": [260, 262], "summary": {"covered_lines": 2, "num_statements": 2, "percent_covered": 100.0, "percent_covered_display": "100", "missing_lines": 0, "excluded_lines": 0, "percent_statements_covered": 100.0, "percent_statements_covered_display": "100"}, "missing_lines": [], "excluded_lines": [], "start_line": 259}, "test_semantic_coverage_classifies_partial_and_negative_controls_without_fabricated_hands": {"executed_lines": [266, 270, 271, 273, 274, 275], "summary": {"covered_lines": 6, "num_statements": 6, "percent_covered": 100.0, "percent_covered_display": "100", "missing_lines": 0, "excluded_lines": 0, "percent_statements_covered": 100.0, "percent_statements_covered_display": "100"}, "missing_lines": [], "excluded_lines": [], "start_line": 265}, "test_negative_control_full_humanoid_semantics_is_flagged": {"executed_lines": [279, 281, 283, 284], "summary": {"covered_lines": 4, "num_statements": 4, "percent_covered": 100.0, "percent_covered_display": "100", "missing_lines": 0, "excluded_lines": 0, "percent_statements_covered": 100.0, "percent_statements_covered_display": "100"}, "missing_lines": [], "excluded_lines": [], "start_line": 278}, "": {"executed_lines": [1, 3, 4, 6, 7, 9, 10, 16, 17, 25, 26, 28, 34, 43, 54, 64, 98, 109, 168, 198, 230, 246, 259, 265, 278], "summary": {"covered_lines": 25, "num_statements": 25, "percent_covered": 100.0, "percent_covered_display": "100", "missing_lines": 0, "excluded_lines": 0, "percent_statements_covered": 100.0, "percent_statements_covered_display": "100"}, "missing_lines": [], "excluded_lines": [], "start_line": 1}}, "classes": {"_NoWorldNoTopologyAdapter": {"executed_lines": [29, 31], "summary": {"covered_lines": 2, "num_statements": 3, "percent_covered": 66.66666666666667, "percent_covered_display": "67", "missing_lines": 1, "excluded_lines": 0, "percent_statements_covered": 66.66666666666667, "percent_statements_covered_display": "67"}, "missing_lines": [30], "excluded_lines": [], "start_line": 25}, "": {"executed_lines": [1, 3, 4, 6, 7, 9, 10, 16, 17, 25, 26, 28, 34, 35, 37, 38, 39, 40, 43, 44, 45, 47, 49, 50, 51, 54, 55, 57, 59, 60, 61, 64, 65, 66, 77, 79, 91, 92, 93, 94, 95, 98, 99, 101, 102, 109, 110, 111, 128, 161, 162, 164, 165, 168, 169, 170, 185, 194, 195, 198, 199, 200, 214, 226, 227, 230, 231, 233, 239, 240, 241, 242, 243, 246, 247, 248, 250, 252, 253, 254, 255, 256, 259, 260, 262, 265, 266, 270, 271, 273, 274, 275, 278, 279, 281, 283, 284], "summary": {"covered_lines": 97, "num_statements": 97, "percent_covered": 100.0, "percent_covered_display": "100", "missing_lines": 0, "excluded_lines": 0, "percent_statements_covered": 100.0, "percent_statements_covered_display": "100"}, "missing_lines": [], "excluded_lines": [], "start_line": 1}}}, "tests/v3/test_site_geometry_helpers.py": {"executed_lines": [1, 3, 5, 6, 8, 9, 17, 18, 19, 30, 32, 34, 35, 36, 39, 40, 41, 52, 54, 56, 57, 58, 59, 62, 63, 65, 67, 68, 69, 72, 73, 74], "summary": {"covered_lines": 32, "num_statements": 32, "percent_covered": 100.0, "percent_covered_display": "100", "missing_lines": 0, "excluded_lines": 0, "percent_statements_covered": 100.0, "percent_statements_covered_display": "100"}, "missing_lines": [], "excluded_lines": [], "functions": {"test_distal_hand_site_uses_geometry_bounds_not_body_origin": {"executed_lines": [18, 19, 30, 32, 34, 35, 36], "summary": {"covered_lines": 7, "num_statements": 7, "percent_covered": 100.0, "percent_covered_display": "100", "missing_lines": 0, "excluded_lines": 0, "percent_statements_covered": 100.0, "percent_statements_covered_display": "100"}, "missing_lines": [], "excluded_lines": [], "start_line": 17}, "test_foot_site_helpers_generate_sole_toe_and_heel_with_nonzero_gate": {"executed_lines": [40, 41, 52, 54, 56, 57, 58, 59], "summary": {"covered_lines": 8, "num_statements": 8, "percent_covered": 100.0, "percent_covered_display": "100", "missing_lines": 0, "excluded_lines": 0, "percent_statements_covered": 100.0, "percent_statements_covered_display": "100"}, "missing_lines": [], "excluded_lines": [], "start_line": 39}, "test_rpo_body_geometry_bounds_prefers_compiled_mesh_vertices": {"executed_lines": [63, 65, 67, 68, 69], "summary": {"covered_lines": 5, "num_statements": 5, "percent_covered": 100.0, "percent_covered_display": "100", "missing_lines": 0, "excluded_lines": 0, "percent_statements_covered": 100.0, "percent_statements_covered_display": "100"}, "missing_lines": [], "excluded_lines": [], "start_line": 62}, "test_nonzero_origin_gate_rejects_fake_distal_site": {"executed_lines": [73, 74], "summary": {"covered_lines": 2, "num_statements": 2, "percent_covered": 100.0, "percent_covered_display": "100", "missing_lines": 0, "excluded_lines": 0, "percent_statements_covered": 100.0, "percent_statements_covered_display": "100"}, "missing_lines": [], "excluded_lines": [], "start_line": 72}, "": {"executed_lines": [1, 3, 5, 6, 8, 9, 17, 39, 62, 72], "summary": {"covered_lines": 10, "num_statements": 10, "percent_covered": 100.0, "percent_covered_display": "100", "missing_lines": 0, "excluded_lines": 0, "percent_statements_covered": 100.0, "percent_statements_covered_display": "100"}, "missing_lines": [], "excluded_lines": [], "start_line": 1}}, "classes": {"": {"executed_lines": [1, 3, 5, 6, 8, 9, 17, 18, 19, 30, 32, 34, 35, 36, 39, 40, 41, 52, 54, 56, 57, 58, 59, 62, 63, 65, 67, 68, 69, 72, 73, 74], "summary": {"covered_lines": 32, "num_statements": 32, "percent_covered": 100.0, "percent_covered_display": "100", "missing_lines": 0, "excluded_lines": 0, "percent_statements_covered": 100.0, "percent_statements_covered_display": "100"}, "missing_lines": [], "excluded_lines": [], "start_line": 1}}}, "tests/v3/test_target_builder_calibrated_geometry.py": {"executed_lines": [1, 3, 4, 5, 6, 14, 15, 23, 24, 25, 26, 28, 29, 31, 32, 34, 35, 37, 38, 41, 42, 45, 46, 56, 57, 58, 61, 62, 63, 71, 72, 74, 75, 77, 78, 95, 96, 97, 100, 101, 102, 103, 105, 111, 112, 116, 119, 120, 121, 122, 123, 125, 126, 127, 131, 132, 133, 135, 138, 139, 140, 141, 143, 144, 149, 152, 153, 154, 155, 157, 162, 164, 165, 166, 167, 168, 171, 172, 173, 174, 175, 182, 183, 188], "summary": {"covered_lines": 84, "num_statements": 84, "percent_covered": 100.0, "percent_covered_display": "100", "missing_lines": 0, "excluded_lines": 0, "percent_statements_covered": 100.0, "percent_statements_covered_display": "100"}, "missing_lines": [], "excluded_lines": [], "functions": {"_site": {"executed_lines": [15], "summary": {"covered_lines": 1, "num_statements": 1, "percent_covered": 100.0, "percent_covered_display": "100", "missing_lines": 0, "excluded_lines": 0, "percent_statements_covered": 100.0, "percent_statements_covered_display": "100"}, "missing_lines": [], "excluded_lines": [], "start_line": 14}, "_RestAdapter.__init__": {"executed_lines": [29], "summary": {"covered_lines": 1, "num_statements": 1, "percent_covered": 100.0, "percent_covered_display": "100", "missing_lines": 0, "excluded_lines": 0, "percent_statements_covered": 100.0, "percent_statements_covered_display": "100"}, "missing_lines": [], "excluded_lines": [], "start_line": 28}, "_RestAdapter.neutral_q": {"executed_lines": [32], "summary": {"covered_lines": 1, "num_statements": 1, "percent_covered": 100.0, "percent_covered_display": "100", "missing_lines": 0, "excluded_lines": 0, "percent_statements_covered": 100.0, "percent_statements_covered_display": "100"}, "missing_lines": [], "excluded_lines": [], "start_line": 31}, "_RestAdapter.forward_kinematics": {"executed_lines": [35], "summary": {"covered_lines": 1, "num_statements": 1, "percent_covered": 100.0, "percent_covered_display": "100", "missing_lines": 0, "excluded_lines": 0, "percent_statements_covered": 100.0, "percent_statements_covered_display": "100"}, "missing_lines": [], "excluded_lines": [], "start_line": 34}, "_RestAdapter.site_transform": {"executed_lines": [38], "summary": {"covered_lines": 1, "num_statements": 1, "percent_covered": 100.0, "percent_covered_display": "100", "missing_lines": 0, "excluded_lines": 0, "percent_statements_covered": 100.0, "percent_statements_covered_display": "100"}, "missing_lines": [], "excluded_lines": [], "start_line": 37}, "_sites": {"executed_lines": [42], "summary": {"covered_lines": 1, "num_statements": 1, "percent_covered": 100.0, "percent_covered_display": "100", "missing_lines": 0, "excluded_lines": 0, "percent_statements_covered": 100.0, "percent_statements_covered_display": "100"}, "missing_lines": [], "excluded_lines": [], "start_line": 41}, "_source_rest": {"executed_lines": [46], "summary": {"covered_lines": 1, "num_statements": 1, "percent_covered": 100.0, "percent_covered_display": "100", "missing_lines": 0, "excluded_lines": 0, "percent_statements_covered": 100.0, "percent_statements_covered_display": "100"}, "missing_lines": [], "excluded_lines": [], "start_line": 45}, "_robot_rest": {"executed_lines": [57, 58], "summary": {"covered_lines": 2, "num_statements": 2, "percent_covered": 100.0, "percent_covered_display": "100", "missing_lines": 0, "excluded_lines": 0, "percent_statements_covered": 100.0, "percent_statements_covered_display": "100"}, "missing_lines": [], "excluded_lines": [], "start_line": 56}, "_calibration": {"executed_lines": [62, 63], "summary": {"covered_lines": 2, "num_statements": 2, "percent_covered": 100.0, "percent_covered_display": "100", "missing_lines": 0, "excluded_lines": 0, "percent_statements_covered": 100.0, "percent_statements_covered_display": "100"}, "missing_lines": [], "excluded_lines": [], "start_line": 61}, "test_canonical_motion_targets_use_goal_required_names_exactly": {"executed_lines": [72, 74, 75, 77, 78, 95, 96, 97], "summary": {"covered_lines": 8, "num_statements": 8, "percent_covered": 100.0, "percent_covered_display": "100", "missing_lines": 0, "excluded_lines": 0, "percent_statements_covered": 100.0, "percent_statements_covered_display": "100"}, "missing_lines": [], "excluded_lines": [], "start_line": 71}, "test_new_required_canonical_motions_are_not_neutral_placeholders": {"executed_lines": [101, 102, 103, 105, 111, 112, 116], "summary": {"covered_lines": 7, "num_statements": 7, "percent_covered": 100.0, "percent_covered_display": "100", "missing_lines": 0, "excluded_lines": 0, "percent_statements_covered": 100.0, "percent_statements_covered_display": "100"}, "missing_lines": [], "excluded_lines": [], "start_line": 100}, "test_relative_rotation_delta_is_mapped_by_calibrated_conjugation": {"executed_lines": [120, 121, 122, 123, 125, 126, 127, 131, 132, 133, 135], "summary": {"covered_lines": 11, "num_statements": 11, "percent_covered": 100.0, "percent_covered_display": "100", "missing_lines": 0, "excluded_lines": 0, "percent_statements_covered": 100.0, "percent_statements_covered_display": "100"}, "missing_lines": [], "excluded_lines": [], "start_line": 119}, "test_root_horizontal_translation_uses_leg_length_ratio": {"executed_lines": [139, 140, 141, 143, 144, 149], "summary": {"covered_lines": 6, "num_statements": 6, "percent_covered": 100.0, "percent_covered_display": "100", "missing_lines": 0, "excluded_lines": 0, "percent_statements_covered": 100.0, "percent_statements_covered_display": "100"}, "missing_lines": [], "excluded_lines": [], "start_line": 138}, "test_common_source_yaw_preserves_local_limb_articulation": {"executed_lines": [153, 154, 155, 157, 162, 164, 165, 166, 167, 168], "summary": {"covered_lines": 10, "num_statements": 10, "percent_covered": 100.0, "percent_covered_display": "100", "missing_lines": 0, "excluded_lines": 0, "percent_statements_covered": 100.0, "percent_statements_covered_display": "100"}, "missing_lines": [], "excluded_lines": [], "start_line": 152}, "test_missing_edge_alignment_uses_robot_rest_relative_fallback": {"executed_lines": [172, 173, 174, 175, 182, 183, 188], "summary": {"covered_lines": 7, "num_statements": 7, "percent_covered": 100.0, "percent_covered_display": "100", "missing_lines": 0, "excluded_lines": 0, "percent_statements_covered": 100.0, "percent_statements_covered_display": "100"}, "missing_lines": [], "excluded_lines": [], "start_line": 171}, "": {"executed_lines": [1, 3, 4, 5, 6, 14, 23, 24, 25, 26, 28, 31, 34, 37, 41, 45, 56, 61, 71, 100, 119, 138, 152, 171], "summary": {"covered_lines": 24, "num_statements": 24, "percent_covered": 100.0, "percent_covered_display": "100", "missing_lines": 0, "excluded_lines": 0, "percent_statements_covered": 100.0, "percent_statements_covered_display": "100"}, "missing_lines": [], "excluded_lines": [], "start_line": 1}}, "classes": {"_RestAdapter": {"executed_lines": [29, 32, 35, 38], "summary": {"covered_lines": 4, "num_statements": 4, "percent_covered": 100.0, "percent_covered_display": "100", "missing_lines": 0, "excluded_lines": 0, "percent_statements_covered": 100.0, "percent_statements_covered_display": "100"}, "missing_lines": [], "excluded_lines": [], "start_line": 23}, "": {"executed_lines": [1, 3, 4, 5, 6, 14, 15, 23, 24, 25, 26, 28, 31, 34, 37, 41, 42, 45, 46, 56, 57, 58, 61, 62, 63, 71, 72, 74, 75, 77, 78, 95, 96, 97, 100, 101, 102, 103, 105, 111, 112, 116, 119, 120, 121, 122, 123, 125, 126, 127, 131, 132, 133, 135, 138, 139, 140, 141, 143, 144, 149, 152, 153, 154, 155, 157, 162, 164, 165, 166, 167, 168, 171, 172, 173, 174, 175, 182, 183, 188], "summary": {"covered_lines": 80, "num_statements": 80, "percent_covered": 100.0, "percent_covered_display": "100", "missing_lines": 0, "excluded_lines": 0, "percent_statements_covered": 100.0, "percent_statements_covered_display": "100"}, "missing_lines": [], "excluded_lines": [], "start_line": 1}}}}, "totals": {"covered_lines": 8436, "num_statements": 11409, "percent_covered": 73.94162503286879, "percent_covered_display": "74", "missing_lines": 2973, "excluded_lines": 24, "percent_statements_covered": 73.94162503286879, "percent_statements_covered_display": "74"}}