============================= test session starts ==============================
platform linux -- Python 3.12.4, pytest-9.1.1, pluggy-1.6.0
rootdir: ${LOCAL_SOURCE_PATH}
configfile: pyproject.toml
plugins: hydra-core-1.3.2, anyio-4.13.0
collected 135 items

tests/v3/test_acceptance_gates_audit.py ..........                       [  7%]
tests/v3/test_chain_projection_gates.py .....                            [ 11%]
tests/v3/test_cross_format_adapter_scaffolding.py .........              [ 17%]
tests/v3/test_deterministic_rerun_validation.py ...                      [ 20%]
tests/v3/test_full_robot_zoo_validation.py ................              [ 31%]
tests/v3/test_model_adapter_runtime_truth.py ..........                  [ 39%]
tests/v3/test_numerical_jacobian_gates.py ..                             [ 40%]
tests/v3/test_profile_canonical_projection_contract.py .                 [ 41%]
tests/v3/test_rank_zero_projection_evidence.py ....                      [ 44%]
tests/v3/test_reachability_gates.py .                                    [ 45%]
tests/v3/test_rest_calibration_validation.py ....                        [ 48%]
tests/v3/test_robot_zoo_source_resolution_local_cache.py ....            [ 51%]
tests/v3/test_semantic_map_coverage_manifest.py .....                    [ 54%]
tests/v3/test_semantic_maps_berkeley_partial.py ....                     [ 57%]
tests/v3/test_semantic_maps_compact_batch2.py .....                      [ 61%]
tests/v3/test_semantic_maps_humanoid_batch3_verified.py ......           [ 65%]
tests/v3/test_semantic_maps_humanoid_batch4_verified.py ......           [ 70%]
tests/v3/test_semantic_maps_unitree_h1_remaining.py .......              [ 75%]
tests/v3/test_semantic_maps_unitree_verified.py ..........               [ 82%]
tests/v3/test_semantic_sites_verified.py .............                   [ 92%]
tests/v3/test_site_geometry_helpers.py ....                              [ 95%]
tests/v3/test_target_builder_calibrated_geometry.py ......               [100%]

- generated xml file: ${LOCAL_SOURCE_PATH}/artifacts/retargeting_v3_step2/test_results/junit.xml -
============================= 135 passed in 21.51s =============================
